[ 2026-01-25 20:27:07,473 ] 26 root - WARNING - GCP packages not available: cannot import name 'storage' from 'google.cloud' (unknown location)
[ 2026-01-25 20:27:07,475 ] 44 root - INFO - ================================================================================
[ 2026-01-25 20:27:07,475 ] 45 root - INFO - STARTING TRAINING PIPELINE
[ 2026-01-25 20:27:07,475 ] 46 root - INFO - ================================================================================
[ 2026-01-25 20:27:07,476 ] 52 root - INFO - 
================================================================================
[ 2026-01-25 20:27:07,514 ] 53 root - INFO - STEP 1: DATA INGESTION
[ 2026-01-25 20:27:07,514 ] 54 root - INFO - ================================================================================
[ 2026-01-25 20:27:07,514 ] 47 root - INFO - Data Ingestion Component initialized
[ 2026-01-25 20:27:07,514 ] 201 root - INFO - ==================================================
[ 2026-01-25 20:27:07,514 ] 202 root - INFO - Data Ingestion Process Started
[ 2026-01-25 20:27:07,514 ] 203 root - INFO - ==================================================
[ 2026-01-25 20:27:07,514 ] 57 root - INFO - Starting data loading from BigQuery
[ 2026-01-25 20:27:17,774 ] 65 root - INFO - Data loaded successfully from BigQuery. Shape: (21096, 20)
[ 2026-01-25 20:27:17,774 ] 66 root - INFO - Columns: ['gender', 'SeniorCitizen', 'Partner', 'Dependents', 'tenure', 'PhoneService', 'MultipleLines', 'InternetService', 'OnlineSecurity', 'OnlineBackup', 'DeviceProtection', 'TechSupport', 'StreamingTV', 'StreamingMovies', 'Contract', 'PaperlessBilling', 'PaymentMethod', 'MonthlyCharges', 'TotalCharges', 'Churn']
[ 2026-01-25 20:27:17,774 ] 169 root - INFO - Starting data validation
[ 2026-01-25 20:27:17,774 ] 180 root - INFO - Number of rows: 21096
[ 2026-01-25 20:27:17,774 ] 181 root - INFO - Number of columns: 20
[ 2026-01-25 20:27:17,787 ] 182 root - INFO - Missing values:
gender              0
SeniorCitizen       0
Partner             0
Dependents          0
tenure              0
PhoneService        0
MultipleLines       0
InternetService     0
OnlineSecurity      0
OnlineBackup        0
DeviceProtection    0
TechSupport         0
StreamingTV         0
StreamingMovies     0
Contract            0
PaperlessBilling    0
PaymentMethod       0
MonthlyCharges      0
TotalCharges        0
Churn               0
dtype: int64
[ 2026-01-25 20:27:17,789 ] 183 root - INFO - Target distribution:
Churn
0    15489
1     5607
Name: count, dtype: Int64
[ 2026-01-25 20:27:17,789 ] 185 root - INFO - Data validation completed successfully
[ 2026-01-25 20:27:17,914 ] 91 root - INFO - Raw data saved at: artifacts\raw_data.csv
[ 2026-01-25 20:27:17,915 ] 110 root - INFO - Starting train-test split
[ 2026-01-25 20:27:17,934 ] 120 root - INFO - Train set shape: (16876, 20)
[ 2026-01-25 20:27:17,934 ] 121 root - INFO - Test set shape: (4220, 20)
[ 2026-01-25 20:27:18,038 ] 146 root - INFO - Train data saved at: artifacts\train.csv
[ 2026-01-25 20:27:18,061 ] 150 root - INFO - Test data saved at: artifacts\test.csv
[ 2026-01-25 20:27:18,061 ] 220 root - INFO - ==================================================
[ 2026-01-25 20:27:18,062 ] 221 root - INFO - Data Ingestion Process Completed Successfully
[ 2026-01-25 20:27:18,062 ] 222 root - INFO - ==================================================
[ 2026-01-25 20:27:18,062 ] 60 root - INFO - Data Ingestion completed
[ 2026-01-25 20:27:18,062 ] 61 root - INFO -    Train file: artifacts\train.csv
[ 2026-01-25 20:27:18,062 ] 62 root - INFO -    Test file: artifacts\test.csv
[ 2026-01-25 20:27:18,062 ] 65 root - INFO - 
================================================================================
[ 2026-01-25 20:27:18,062 ] 66 root - INFO - STEP 2: DATA VALIDATION
[ 2026-01-25 20:27:18,062 ] 67 root - INFO - ================================================================================
[ 2026-01-25 20:27:18,062 ] 78 root - INFO - Data Validation Component initialized
[ 2026-01-25 20:27:18,062 ] 236 root - INFO - Entered initiate_data_validation method
[ 2026-01-25 20:27:18,063 ] 242 root - INFO - Reading train data from: artifacts\train.csv
[ 2026-01-25 20:27:18,113 ] 245 root - INFO - Reading test data from: artifacts\test.csv
[ 2026-01-25 20:27:18,134 ] 248 root - INFO - Train data shape: (16876, 20)
[ 2026-01-25 20:27:18,134 ] 249 root - INFO - Test data shape: (4220, 20)
[ 2026-01-25 20:27:18,134 ] 110 root - INFO - Number of columns: 20
[ 2026-01-25 20:27:18,134 ] 110 root - INFO - Number of columns: 20
[ 2026-01-25 20:27:18,134 ] 198 root - INFO - Base columns: ['gender', 'SeniorCitizen', 'Partner', 'Dependents', 'tenure', 'PhoneService', 'MultipleLines', 'InternetService', 'OnlineSecurity', 'OnlineBackup', 'DeviceProtection', 'TechSupport', 'StreamingTV', 'StreamingMovies', 'Contract', 'PaperlessBilling', 'PaymentMethod', 'MonthlyCharges', 'TotalCharges', 'Churn']
[ 2026-01-25 20:27:18,134 ] 199 root - INFO - Current columns: ['gender', 'SeniorCitizen', 'Partner', 'Dependents', 'tenure', 'PhoneService', 'MultipleLines', 'InternetService', 'OnlineSecurity', 'OnlineBackup', 'DeviceProtection', 'TechSupport', 'StreamingTV', 'StreamingMovies', 'Contract', 'PaperlessBilling', 'PaymentMethod', 'MonthlyCharges', 'TotalCharges', 'Churn']
[ 2026-01-25 20:27:18,134 ] 212 root - INFO - All required columns are present
[ 2026-01-25 20:27:18,134 ] 275 root - INFO - Target column 'Churn' found in both datasets
[ 2026-01-25 20:27:18,135 ] 144 root - INFO - Starting data drift detection
[ 2026-01-25 20:27:18,137 ] 170 root - INFO - No drift in column: SeniorCitizen (p-value: 0.9996)
[ 2026-01-25 20:27:18,141 ] 170 root - INFO - No drift in column: tenure (p-value: 0.8670)
[ 2026-01-25 20:27:18,144 ] 170 root - INFO - No drift in column: MonthlyCharges (p-value: 0.9791)
[ 2026-01-25 20:27:18,146 ] 170 root - INFO - No drift in column: TotalCharges (p-value: 0.9995)
[ 2026-01-25 20:27:18,148 ] 170 root - INFO - No drift in column: Churn (p-value: 1.0000)
[ 2026-01-25 20:27:18,148 ] 173 root - INFO - No significant data drift detected
[ 2026-01-25 20:27:18,151 ] 131 root - INFO - YAML file saved successfully at: artifacts\01_25_2026_20_27_04\data_validation\drift_report\report.yaml
[ 2026-01-25 20:27:18,151 ] 289 root - INFO - Drift report saved at: artifacts\01_25_2026_20_27_04\data_validation\drift_report\report.yaml
[ 2026-01-25 20:27:18,152 ] 300 root - INFO - Validation passed - saving valid data files
[ 2026-01-25 20:27:18,267 ] 347 root - INFO - Data validation completed successfully
[ 2026-01-25 20:27:18,268 ] 348 root - INFO - Validation Artifact: DataValidationArtifact(validation_status=True, valid_train_file_path='artifacts\\01_25_2026_20_27_04\\data_validation\\validated\\train.csv', valid_test_file_path='artifacts\\01_25_2026_20_27_04\\data_validation\\validated\\test.csv', invalid_train_file_path='artifacts\\01_25_2026_20_27_04\\data_validation\\invalid\\train.csv', invalid_test_file_path='artifacts\\01_25_2026_20_27_04\\data_validation\\invalid\\test.csv', drift_report_file_path='artifacts\\01_25_2026_20_27_04\\data_validation\\drift_report\\report.yaml')
[ 2026-01-25 20:27:18,269 ] 76 root - INFO - Data Validation completed
[ 2026-01-25 20:27:18,269 ] 77 root - INFO -    Validation Status: True
[ 2026-01-25 20:27:18,269 ] 78 root - INFO -    Valid train file: artifacts\01_25_2026_20_27_04\data_validation\validated\train.csv
[ 2026-01-25 20:27:18,269 ] 79 root - INFO -    Drift report: artifacts\01_25_2026_20_27_04\data_validation\drift_report\report.yaml
[ 2026-01-25 20:27:18,269 ] 82 root - INFO - 
================================================================================
[ 2026-01-25 20:27:18,269 ] 83 root - INFO - STEP 3: DATA TRANSFORMATION
[ 2026-01-25 20:27:18,269 ] 84 root - INFO - ================================================================================
[ 2026-01-25 20:27:18,269 ] 73 root - INFO - Data Transformation Component initialized
[ 2026-01-25 20:27:18,270 ] 172 root - INFO - Entered initiate_data_transformation method of DataTransformation class
[ 2026-01-25 20:27:18,270 ] 175 root - INFO - Starting data transformation
[ 2026-01-25 20:27:18,357 ] 185 root - INFO - Train data shape: (16876, 20)
[ 2026-01-25 20:27:18,357 ] 186 root - INFO - Test data shape: (4220, 20)
[ 2026-01-25 20:27:18,361 ] 195 root - INFO - Training features shape: (16876, 19)
[ 2026-01-25 20:27:18,361 ] 196 root - INFO - Training target shape: (16876,)
[ 2026-01-25 20:27:18,363 ] 203 root - INFO - Testing features shape: (4220, 19)
[ 2026-01-25 20:27:18,363 ] 204 root - INFO - Testing target shape: (4220,)
[ 2026-01-25 20:27:18,363 ] 107 root - INFO - Entered get_data_transformer_object method of DataTransformation class
[ 2026-01-25 20:27:18,365 ] 120 root - INFO - Categorical features: ['gender', 'Partner', 'Dependents', 'PhoneService', 'MultipleLines', 'InternetService', 'OnlineSecurity', 'OnlineBackup', 'DeviceProtection', 'TechSupport', 'StreamingTV', 'StreamingMovies', 'Contract', 'PaperlessBilling', 'PaymentMethod']
[ 2026-01-25 20:27:18,365 ] 121 root - INFO - Numerical features: ['SeniorCitizen', 'tenure', 'MonthlyCharges', 'TotalCharges']
[ 2026-01-25 20:27:18,365 ] 147 root - INFO - Created preprocessing pipeline with encoding, scaling, and imputation
[ 2026-01-25 20:27:18,450 ] 211 root - INFO - Preprocessor fitted on training data
[ 2026-01-25 20:27:18,538 ] 217 root - INFO - Features transformed using fitted preprocessor
[ 2026-01-25 20:27:18,540 ] 230 root - INFO - Final train array shape: (16876, 31)
[ 2026-01-25 20:27:18,540 ] 231 root - INFO - Final test array shape: (4220, 31)
[ 2026-01-25 20:27:18,581 ] 36 root - INFO - Numpy array saved successfully at: artifacts\01_25_2026_20_27_04\data_transformation\transformed\train.npy
[ 2026-01-25 20:27:18,583 ] 36 root - INFO - Numpy array saved successfully at: artifacts\01_25_2026_20_27_04\data_transformation\transformed\test.npy
[ 2026-01-25 20:27:18,588 ] 80 root - INFO - Object saved successfully at: artifacts\01_25_2026_20_27_04\data_transformation\transformed_object\preprocessor.pkl
[ 2026-01-25 20:27:18,593 ] 80 root - INFO - Object saved successfully at: final_model/preprocessor.pkl
[ 2026-01-25 20:27:18,593 ] 255 root - INFO - Preprocessor object saved successfully
[ 2026-01-25 20:27:18,593 ] 264 root - INFO - Data transformation completed successfully
[ 2026-01-25 20:27:18,593 ] 265 root - INFO - Transformation Artifact: DataTransformationArtifact(transformed_object_file_path='artifacts\\01_25_2026_20_27_04\\data_transformation\\transformed_object\\preprocessor.pkl', transformed_train_file_path='artifacts\\01_25_2026_20_27_04\\data_transformation\\transformed\\train.npy', transformed_test_file_path='artifacts\\01_25_2026_20_27_04\\data_transformation\\transformed\\test.npy')
[ 2026-01-25 20:27:18,596 ] 93 root - INFO - Data Transformation completed
[ 2026-01-25 20:27:18,596 ] 94 root - INFO -    Transformed train: artifacts\01_25_2026_20_27_04\data_transformation\transformed\train.npy
[ 2026-01-25 20:27:18,596 ] 95 root - INFO -    Transformed test: artifacts\01_25_2026_20_27_04\data_transformation\transformed\test.npy
[ 2026-01-25 20:27:18,596 ] 96 root - INFO -    Preprocessor: artifacts\01_25_2026_20_27_04\data_transformation\transformed_object\preprocessor.pkl
[ 2026-01-25 20:27:18,596 ] 99 root - INFO - 
================================================================================
[ 2026-01-25 20:27:18,596 ] 100 root - INFO - STEP 4: MODEL TRAINING
[ 2026-01-25 20:27:18,596 ] 101 root - INFO - ================================================================================
[ 2026-01-25 20:27:18,597 ] 46 root - INFO - Model Trainer Component initialized
[ 2026-01-25 20:27:18,597 ] 179 root - INFO - Entered initiate_model_trainer method
[ 2026-01-25 20:27:18,966 ] 186 root - INFO - Loading transformed train and test arrays
[ 2026-01-25 20:27:18,983 ] 56 root - INFO - Numpy array loaded successfully from: artifacts\01_25_2026_20_27_04\data_transformation\transformed\train.npy
[ 2026-01-25 20:27:18,997 ] 56 root - INFO - Numpy array loaded successfully from: artifacts\01_25_2026_20_27_04\data_transformation\transformed\test.npy
[ 2026-01-25 20:27:18,997 ] 194 root - INFO - Train array shape: (16876, 31)
[ 2026-01-25 20:27:18,997 ] 195 root - INFO - Test array shape: (4220, 31)
[ 2026-01-25 20:27:18,997 ] 201 root - INFO - X_train shape: (16876, 30), y_train shape: (16876,)
[ 2026-01-25 20:27:18,998 ] 202 root - INFO - X_test shape: (4220, 30), y_test shape: (4220,)
[ 2026-01-25 20:27:19,004 ] 214 root - INFO - Original class distribution: {np.float64(0.0): np.int64(12391), np.float64(1.0): np.int64(4485)}
[ 2026-01-25 20:27:19,004 ] 221 root - INFO - Imbalance ratio: 0.3620
[ 2026-01-25 20:27:19,008 ] 226 root - INFO - Imbalanced dataset detected! Applying SMOTE...
[ 2026-01-25 20:27:19,188 ] 232 root - INFO - Balanced class distribution: {np.float64(0.0): np.int64(12391), np.float64(1.0): np.int64(12391)}
[ 2026-01-25 20:27:19,188 ] 233 root - INFO - SMOTE applied: 16876 -> 24782 samples
[ 2026-01-25 20:27:19,196 ] 55 root - INFO - Evaluating 5 models
[ 2026-01-25 20:27:19,196 ] 58 root - INFO - 
==================================================
[ 2026-01-25 20:27:19,196 ] 59 root - INFO - Training: Logistic Regression
[ 2026-01-25 20:27:19,197 ] 60 root - INFO - ==================================================
[ 2026-01-25 20:27:19,623 ] 69 root - INFO - Logistic Regression training completed
[ 2026-01-25 20:27:19,686 ] 121 root - INFO - 
Logistic Regression - Training Metrics:
[ 2026-01-25 20:27:19,687 ] 122 root - INFO -   Accuracy:  0.7721
[ 2026-01-25 20:27:19,687 ] 123 root - INFO -   F1-Score:  0.7717
[ 2026-01-25 20:27:19,687 ] 124 root - INFO -   Precision: 0.7534
[ 2026-01-25 20:27:19,687 ] 125 root - INFO -   Recall:    0.8089
[ 2026-01-25 20:27:19,687 ] 126 root - INFO -   ROC-AUC:   0.7721
[ 2026-01-25 20:27:19,687 ] 128 root - INFO - 
Logistic Regression - Testing Metrics:
[ 2026-01-25 20:27:19,687 ] 129 root - INFO -   Accuracy:  0.7661
[ 2026-01-25 20:27:19,687 ] 130 root - INFO -   F1-Score:  0.7778
[ 2026-01-25 20:27:19,687 ] 131 root - INFO -   Precision: 0.5402
[ 2026-01-25 20:27:19,687 ] 132 root - INFO -   Recall:    0.8084
[ 2026-01-25 20:27:19,687 ] 133 root - INFO -   ROC-AUC:   0.7796
[ 2026-01-25 20:27:19,687 ] 58 root - INFO - 
==================================================
[ 2026-01-25 20:27:19,687 ] 59 root - INFO - Training: Decision Tree
[ 2026-01-25 20:27:19,687 ] 60 root - INFO - ==================================================
[ 2026-01-25 20:27:19,908 ] 69 root - INFO - Decision Tree training completed
[ 2026-01-25 20:27:19,983 ] 121 root - INFO - 
Decision Tree - Training Metrics:
[ 2026-01-25 20:27:19,984 ] 122 root - INFO -   Accuracy:  0.8324
[ 2026-01-25 20:27:19,984 ] 123 root - INFO -   F1-Score:  0.8320
[ 2026-01-25 20:27:19,984 ] 124 root - INFO -   Precision: 0.8021
[ 2026-01-25 20:27:19,984 ] 125 root - INFO -   Recall:    0.8825
[ 2026-01-25 20:27:19,984 ] 126 root - INFO -   ROC-AUC:   0.8324
[ 2026-01-25 20:27:19,984 ] 128 root - INFO - 
Decision Tree - Testing Metrics:
[ 2026-01-25 20:27:19,984 ] 129 root - INFO -   Accuracy:  0.7851
[ 2026-01-25 20:27:19,984 ] 130 root - INFO -   F1-Score:  0.7948
[ 2026-01-25 20:27:19,984 ] 131 root - INFO -   Precision: 0.5677
[ 2026-01-25 20:27:19,984 ] 132 root - INFO -   Recall:    0.8030
[ 2026-01-25 20:27:19,984 ] 133 root - INFO -   ROC-AUC:   0.7908
[ 2026-01-25 20:27:19,984 ] 58 root - INFO - 
==================================================
[ 2026-01-25 20:27:19,984 ] 59 root - INFO - Training: Random Forest
[ 2026-01-25 20:27:19,984 ] 60 root - INFO - ==================================================
[ 2026-01-25 20:27:22,342 ] 69 root - INFO - Random Forest training completed
[ 2026-01-25 20:27:22,859 ] 121 root - INFO - 
Random Forest - Training Metrics:
[ 2026-01-25 20:27:22,859 ] 122 root - INFO -   Accuracy:  0.9979
[ 2026-01-25 20:27:22,859 ] 123 root - INFO -   F1-Score:  0.9979
[ 2026-01-25 20:27:22,859 ] 124 root - INFO -   Precision: 0.9963
[ 2026-01-25 20:27:22,859 ] 125 root - INFO -   Recall:    0.9995
[ 2026-01-25 20:27:22,859 ] 126 root - INFO -   ROC-AUC:   0.9979
[ 2026-01-25 20:27:22,859 ] 128 root - INFO - 
Random Forest - Testing Metrics:
[ 2026-01-25 20:27:22,859 ] 129 root - INFO -   Accuracy:  0.9858
[ 2026-01-25 20:27:22,859 ] 130 root - INFO -   F1-Score:  0.9858
[ 2026-01-25 20:27:22,859 ] 131 root - INFO -   Precision: 0.9741
[ 2026-01-25 20:27:22,859 ] 132 root - INFO -   Recall:    0.9724
[ 2026-01-25 20:27:22,859 ] 133 root - INFO -   ROC-AUC:   0.9815
[ 2026-01-25 20:27:22,860 ] 58 root - INFO - 
==================================================
[ 2026-01-25 20:27:22,860 ] 59 root - INFO - Training: Gradient Boosting
[ 2026-01-25 20:27:22,860 ] 60 root - INFO - ==================================================
[ 2026-01-25 20:27:34,430 ] 69 root - INFO - Gradient Boosting training completed
[ 2026-01-25 20:27:34,618 ] 121 root - INFO - 
Gradient Boosting - Training Metrics:
[ 2026-01-25 20:27:34,618 ] 122 root - INFO -   Accuracy:  0.9455
[ 2026-01-25 20:27:34,618 ] 123 root - INFO -   F1-Score:  0.9455
[ 2026-01-25 20:27:34,618 ] 124 root - INFO -   Precision: 0.9263
[ 2026-01-25 20:27:34,618 ] 125 root - INFO -   Recall:    0.9680
[ 2026-01-25 20:27:34,618 ] 126 root - INFO -   ROC-AUC:   0.9455
[ 2026-01-25 20:27:34,618 ] 128 root - INFO - 
Gradient Boosting - Testing Metrics:
[ 2026-01-25 20:27:34,618 ] 129 root - INFO -   Accuracy:  0.8903
[ 2026-01-25 20:27:34,618 ] 130 root - INFO -   F1-Score:  0.8924
[ 2026-01-25 20:27:34,618 ] 131 root - INFO -   Precision: 0.7580
[ 2026-01-25 20:27:34,619 ] 132 root - INFO -   Recall:    0.8627
[ 2026-01-25 20:27:34,619 ] 133 root - INFO -   ROC-AUC:   0.8815
[ 2026-01-25 20:27:34,619 ] 58 root - INFO - 
==================================================
[ 2026-01-25 20:27:34,619 ] 59 root - INFO - Training: AdaBoost
[ 2026-01-25 20:27:34,619 ] 60 root - INFO - ==================================================
[ 2026-01-25 20:27:37,172 ] 69 root - INFO - AdaBoost training completed
[ 2026-01-25 20:27:37,647 ] 121 root - INFO - 
AdaBoost - Training Metrics:
[ 2026-01-25 20:27:37,648 ] 122 root - INFO -   Accuracy:  0.7884
[ 2026-01-25 20:27:37,648 ] 123 root - INFO -   F1-Score:  0.7882
[ 2026-01-25 20:27:37,648 ] 124 root - INFO -   Precision: 0.7702
[ 2026-01-25 20:27:37,648 ] 125 root - INFO -   Recall:    0.8221
[ 2026-01-25 20:27:37,648 ] 126 root - INFO -   ROC-AUC:   0.7884
[ 2026-01-25 20:27:37,648 ] 128 root - INFO - 
AdaBoost - Testing Metrics:
[ 2026-01-25 20:27:37,648 ] 129 root - INFO -   Accuracy:  0.7732
[ 2026-01-25 20:27:37,648 ] 130 root - INFO -   F1-Score:  0.7837
[ 2026-01-25 20:27:37,648 ] 131 root - INFO -   Precision: 0.5514
[ 2026-01-25 20:27:37,648 ] 132 root - INFO -   Recall:    0.7888
[ 2026-01-25 20:27:37,648 ] 133 root - INFO -   ROC-AUC:   0.7782
[ 2026-01-25 20:27:37,648 ] 151 root - INFO - 
==================================================
[ 2026-01-25 20:27:37,648 ] 152 root - INFO - MODEL COMPARISON - Test F1-Scores:
[ 2026-01-25 20:27:37,648 ] 153 root - INFO - ==================================================
[ 2026-01-25 20:27:37,648 ] 159 root - INFO - Logistic Regression       - F1: 0.7778, Accuracy: 0.7661
[ 2026-01-25 20:27:37,648 ] 159 root - INFO - Decision Tree             - F1: 0.7948, Accuracy: 0.7851
[ 2026-01-25 20:27:37,648 ] 159 root - INFO - Random Forest             - F1: 0.9858, Accuracy: 0.9858
[ 2026-01-25 20:27:37,648 ] 159 root - INFO - Gradient Boosting         - F1: 0.8924, Accuracy: 0.8903
[ 2026-01-25 20:27:37,649 ] 159 root - INFO - AdaBoost                  - F1: 0.7837, Accuracy: 0.7732
[ 2026-01-25 20:27:37,649 ] 166 root - INFO - ==================================================
[ 2026-01-25 20:27:37,649 ] 167 root - INFO - BEST MODEL: Random Forest
[ 2026-01-25 20:27:37,649 ] 168 root - INFO -    F1-Score: 0.9858
[ 2026-01-25 20:27:37,649 ] 169 root - INFO -    Accuracy: 0.9858
[ 2026-01-25 20:27:37,649 ] 170 root - INFO - ==================================================
[ 2026-01-25 20:27:37,669 ] 308 root - INFO - Best model meets required threshold!
[ 2026-01-25 20:27:37,669 ] 311 root - INFO - Saving best model: Random Forest
[ 2026-01-25 20:27:37,720 ] 80 root - INFO - Object saved successfully at: artifacts\01_25_2026_20_27_04\model_trainer\trained_model\model.pkl
[ 2026-01-25 20:27:37,778 ] 80 root - INFO - Object saved successfully at: final_model/model.pkl
[ 2026-01-25 20:27:37,778 ] 322 root - INFO - Model saved successfully
[ 2026-01-25 20:27:37,778 ] 346 root - INFO - Model training completed successfully
[ 2026-01-25 20:27:37,778 ] 347 root - INFO - Model Trainer Artifact: ModelTrainerArtifact(trained_model_file_path='artifacts\\01_25_2026_20_27_04\\model_trainer\\trained_model\\model.pkl', train_metric_artifact=ClassificationMetricArtifact(f1_score=0.9979016973822656, precision_score=0.9962995736465289, recall_score=0.999515777580502, roc_auc_score=np.float64(0.9979017028488419)), test_metric_artifact=ClassificationMetricArtifact(f1_score=0.9857779428251912, precision_score=0.9741071428571428, recall_score=0.9723707664884136, roc_auc_score=np.float64(0.9815049442513082)))
[ 2026-01-25 20:27:37,790 ] 110 root - INFO - Model Training completed
[ 2026-01-25 20:27:37,791 ] 111 root - INFO -    Model saved: artifacts\01_25_2026_20_27_04\model_trainer\trained_model\model.pkl
[ 2026-01-25 20:27:37,791 ] 114 root - INFO - 
================================================================================
[ 2026-01-25 20:27:37,791 ] 115 root - INFO - STEP 5: MODEL PUSHER (GCS + Vertex AI)
[ 2026-01-25 20:27:37,791 ] 116 root - INFO - ================================================================================
[ 2026-01-25 20:27:37,791 ] 92 root - INFO - Model Pusher Component initialized
[ 2026-01-25 20:27:37,791 ] 268 root - INFO - Entered initiate_model_push method
[ 2026-01-25 20:27:37,791 ] 271 root - INFO - Step 1: Loading trained model...
[ 2026-01-25 20:27:37,791 ] 107 root - INFO - Loading model from: artifacts\01_25_2026_20_27_04\model_trainer\trained_model\model.pkl
[ 2026-01-25 20:27:37,848 ] 103 root - INFO - Object loaded successfully from: artifacts\01_25_2026_20_27_04\model_trainer\trained_model\model.pkl
[ 2026-01-25 20:27:37,849 ] 110 root - INFO - Model loaded successfully. Type: RandomForestClassifier
[ 2026-01-25 20:27:37,849 ] 275 root - INFO - Step 2: Creating model metadata...
[ 2026-01-25 20:27:37,849 ] 145 root - INFO - Model metadata created: {'timestamp': '2026-01-25T20:27:37.849176', 'model_type': 'RandomForestClassifier', 'model_path': 'artifacts\\01_25_2026_20_27_04\\model_trainer\\trained_model\\model.pkl', 'source_artifact': "ModelTrainerArtifact(trained_model_file_path='artifacts\\\\01_25_2026_20_27_04\\\\model_trainer\\\\trained_model\\\\model.pkl', train_metric_artifact=ClassificationMetricArtifact(f1_score=0.9979016973822656, precision_score=0.9962995736465289, recall_score=0.999515777580502, roc_auc_score=np.float64(0.9979017028488419)), test_metric_artifact=ClassificationMetricArtifact(f1_score=0.9857779428251912, precision_score=0.9741071428571428, recall_score=0.9723707664884136, roc_auc_score=np.float64(0.9815049442513082)))", 'metrics': {'f1_score': 0.9857779428251912, 'precision': 0.9741071428571428, 'recall': 0.9723707664884136, 'roc_auc': np.float64(0.9815049442513082)}}
[ 2026-01-25 20:27:37,849 ] 279 root - INFO - Step 3: Pushing to GCS...
[ 2026-01-25 20:27:37,849 ] 204 root - ERROR - google-cloud-storage not installed. Install with: pip install google-cloud-storage
[ 2026-01-25 20:27:37,849 ] 283 root - WARNING - GCS push failed: google-cloud-storage not installed. Install with: pip install google-cloud-storage. Continuing without GCS upload.
[ 2026-01-25 20:27:37,849 ] 288 root - INFO - Step 4: Registering in Vertex AI...
[ 2026-01-25 20:27:37,849 ] 254 root - ERROR - google-cloud-aiplatform not installed. Install with: pip install google-cloud-aiplatform
[ 2026-01-25 20:27:37,849 ] 292 root - WARNING - Vertex AI registration failed: google-cloud-aiplatform not installed. Install with: pip install google-cloud-aiplatform. You may need to set up credentials.
[ 2026-01-25 20:27:37,849 ] 302 root - INFO - Model Push completed
[ 2026-01-25 20:27:37,849 ] 303 root - INFO -    GCS URI: PUSH_FAILED
[ 2026-01-25 20:27:37,849 ] 304 root - INFO -    Vertex Model ID: REGISTRATION_FAILED
[ 2026-01-25 20:27:37,853 ] 126 root - INFO - Model Push completed
[ 2026-01-25 20:27:37,853 ] 127 root - INFO -    GCS URI: PUSH_FAILED
[ 2026-01-25 20:27:37,853 ] 128 root - INFO -    Vertex Model ID: REGISTRATION_FAILED
[ 2026-01-25 20:27:37,853 ] 134 root - INFO - 
================================================================================
[ 2026-01-25 20:27:37,854 ] 135 root - INFO - TRAINING PIPELINE COMPLETED SUCCESSFULLY!
[ 2026-01-25 20:27:37,854 ] 136 root - INFO - ================================================================================
