[ 2026-01-25 00:20:10,182 ] 44 root - INFO - ================================================================================
[ 2026-01-25 00:20:10,182 ] 45 root - INFO - STARTING TRAINING PIPELINE
[ 2026-01-25 00:20:10,183 ] 46 root - INFO - ================================================================================
[ 2026-01-25 00:20:10,183 ] 52 root - INFO - 
================================================================================
[ 2026-01-25 00:20:10,183 ] 53 root - INFO - STEP 1: DATA INGESTION
[ 2026-01-25 00:20:10,183 ] 54 root - INFO - ================================================================================
[ 2026-01-25 00:20:10,184 ] 47 root - INFO - Data Ingestion Component initialized
[ 2026-01-25 00:20:10,184 ] 201 root - INFO - ==================================================
[ 2026-01-25 00:20:10,184 ] 202 root - INFO - Data Ingestion Process Started
[ 2026-01-25 00:20:10,184 ] 203 root - INFO - ==================================================
[ 2026-01-25 00:20:10,184 ] 57 root - INFO - Starting data loading from BigQuery
[ 2026-01-25 00:20:23,792 ] 65 root - INFO - Data loaded successfully from BigQuery. Shape: (21096, 20)
[ 2026-01-25 00:20:23,792 ] 66 root - INFO - Columns: ['gender', 'SeniorCitizen', 'Partner', 'Dependents', 'tenure', 'PhoneService', 'MultipleLines', 'InternetService', 'OnlineSecurity', 'OnlineBackup', 'DeviceProtection', 'TechSupport', 'StreamingTV', 'StreamingMovies', 'Contract', 'PaperlessBilling', 'PaymentMethod', 'MonthlyCharges', 'TotalCharges', 'Churn']
[ 2026-01-25 00:20:23,792 ] 169 root - INFO - Starting data validation
[ 2026-01-25 00:20:23,797 ] 180 root - INFO - Number of rows: 21096
[ 2026-01-25 00:20:23,797 ] 181 root - INFO - Number of columns: 20
[ 2026-01-25 00:20:23,809 ] 182 root - INFO - Missing values:
gender              0
SeniorCitizen       0
Partner             0
Dependents          0
tenure              0
PhoneService        0
MultipleLines       0
InternetService     0
OnlineSecurity      0
OnlineBackup        0
DeviceProtection    0
TechSupport         0
StreamingTV         0
StreamingMovies     0
Contract            0
PaperlessBilling    0
PaymentMethod       0
MonthlyCharges      0
TotalCharges        0
Churn               0
dtype: int64
[ 2026-01-25 00:20:23,817 ] 183 root - INFO - Target distribution:
Churn
0    15489
1     5607
Name: count, dtype: Int64
[ 2026-01-25 00:20:23,817 ] 185 root - INFO - Data validation completed successfully
[ 2026-01-25 00:20:23,949 ] 91 root - INFO - Raw data saved at: artifacts\raw_data.csv
[ 2026-01-25 00:20:23,949 ] 110 root - INFO - Starting train-test split
[ 2026-01-25 00:20:23,976 ] 120 root - INFO - Train set shape: (16876, 20)
[ 2026-01-25 00:20:23,976 ] 121 root - INFO - Test set shape: (4220, 20)
[ 2026-01-25 00:20:24,053 ] 146 root - INFO - Train data saved at: artifacts\train.csv
[ 2026-01-25 00:20:24,072 ] 150 root - INFO - Test data saved at: artifacts\test.csv
[ 2026-01-25 00:20:24,072 ] 220 root - INFO - ==================================================
[ 2026-01-25 00:20:24,072 ] 221 root - INFO - Data Ingestion Process Completed Successfully
[ 2026-01-25 00:20:24,072 ] 222 root - INFO - ==================================================
[ 2026-01-25 00:20:24,073 ] 60 root - INFO - Data Ingestion completed
[ 2026-01-25 00:20:24,073 ] 61 root - INFO -    Train file: artifacts\train.csv
[ 2026-01-25 00:20:24,073 ] 62 root - INFO -    Test file: artifacts\test.csv
[ 2026-01-25 00:20:24,073 ] 65 root - INFO - 
================================================================================
[ 2026-01-25 00:20:24,073 ] 66 root - INFO - STEP 2: DATA VALIDATION
[ 2026-01-25 00:20:24,073 ] 67 root - INFO - ================================================================================
[ 2026-01-25 00:20:24,073 ] 78 root - INFO - Data Validation Component initialized
[ 2026-01-25 00:20:24,073 ] 236 root - INFO - Entered initiate_data_validation method
[ 2026-01-25 00:20:24,073 ] 242 root - INFO - Reading train data from: artifacts\train.csv
[ 2026-01-25 00:20:24,125 ] 245 root - INFO - Reading test data from: artifacts\test.csv
[ 2026-01-25 00:20:24,148 ] 248 root - INFO - Train data shape: (16876, 20)
[ 2026-01-25 00:20:24,148 ] 249 root - INFO - Test data shape: (4220, 20)
[ 2026-01-25 00:20:24,148 ] 110 root - INFO - Number of columns: 20
[ 2026-01-25 00:20:24,148 ] 110 root - INFO - Number of columns: 20
[ 2026-01-25 00:20:24,149 ] 198 root - INFO - Base columns: ['gender', 'SeniorCitizen', 'Partner', 'Dependents', 'tenure', 'PhoneService', 'MultipleLines', 'InternetService', 'OnlineSecurity', 'OnlineBackup', 'DeviceProtection', 'TechSupport', 'StreamingTV', 'StreamingMovies', 'Contract', 'PaperlessBilling', 'PaymentMethod', 'MonthlyCharges', 'TotalCharges', 'Churn']
[ 2026-01-25 00:20:24,149 ] 199 root - INFO - Current columns: ['gender', 'SeniorCitizen', 'Partner', 'Dependents', 'tenure', 'PhoneService', 'MultipleLines', 'InternetService', 'OnlineSecurity', 'OnlineBackup', 'DeviceProtection', 'TechSupport', 'StreamingTV', 'StreamingMovies', 'Contract', 'PaperlessBilling', 'PaymentMethod', 'MonthlyCharges', 'TotalCharges', 'Churn']
[ 2026-01-25 00:20:24,149 ] 212 root - INFO - All required columns are present
[ 2026-01-25 00:20:24,149 ] 275 root - INFO - Target column 'Churn' found in both datasets
[ 2026-01-25 00:20:24,149 ] 144 root - INFO - Starting data drift detection
[ 2026-01-25 00:20:24,155 ] 170 root - INFO - No drift in column: SeniorCitizen (p-value: 0.9996)
[ 2026-01-25 00:20:24,158 ] 170 root - INFO - No drift in column: tenure (p-value: 0.8670)
[ 2026-01-25 00:20:24,160 ] 170 root - INFO - No drift in column: MonthlyCharges (p-value: 0.9791)
[ 2026-01-25 00:20:24,163 ] 170 root - INFO - No drift in column: TotalCharges (p-value: 0.9995)
[ 2026-01-25 00:20:24,165 ] 170 root - INFO - No drift in column: Churn (p-value: 1.0000)
[ 2026-01-25 00:20:24,165 ] 173 root - INFO - No significant data drift detected
[ 2026-01-25 00:20:24,168 ] 131 root - INFO - YAML file saved successfully at: artifacts\01_25_2026_00_20_07\data_validation\drift_report\report.yaml
[ 2026-01-25 00:20:24,168 ] 289 root - INFO - Drift report saved at: artifacts\01_25_2026_00_20_07\data_validation\drift_report\report.yaml
[ 2026-01-25 00:20:24,168 ] 300 root - INFO - Validation passed - saving valid data files
[ 2026-01-25 00:20:24,259 ] 347 root - INFO - Data validation completed successfully
[ 2026-01-25 00:20:24,260 ] 348 root - INFO - Validation Artifact: DataValidationArtifact(validation_status=True, valid_train_file_path='artifacts\\01_25_2026_00_20_07\\data_validation\\validated\\train.csv', valid_test_file_path='artifacts\\01_25_2026_00_20_07\\data_validation\\validated\\test.csv', invalid_train_file_path='artifacts\\01_25_2026_00_20_07\\data_validation\\invalid\\train.csv', invalid_test_file_path='artifacts\\01_25_2026_00_20_07\\data_validation\\invalid\\test.csv', drift_report_file_path='artifacts\\01_25_2026_00_20_07\\data_validation\\drift_report\\report.yaml')
[ 2026-01-25 00:20:24,260 ] 76 root - INFO - Data Validation completed
[ 2026-01-25 00:20:24,261 ] 77 root - INFO -    Validation Status: True
[ 2026-01-25 00:20:24,261 ] 78 root - INFO -    Valid train file: artifacts\01_25_2026_00_20_07\data_validation\validated\train.csv
[ 2026-01-25 00:20:24,261 ] 79 root - INFO -    Drift report: artifacts\01_25_2026_00_20_07\data_validation\drift_report\report.yaml
[ 2026-01-25 00:20:24,261 ] 82 root - INFO - 
================================================================================
[ 2026-01-25 00:20:24,261 ] 83 root - INFO - STEP 3: DATA TRANSFORMATION
[ 2026-01-25 00:20:24,261 ] 84 root - INFO - ================================================================================
[ 2026-01-25 00:20:24,261 ] 73 root - INFO - Data Transformation Component initialized
[ 2026-01-25 00:20:24,261 ] 172 root - INFO - Entered initiate_data_transformation method of DataTransformation class
[ 2026-01-25 00:20:24,261 ] 175 root - INFO - Starting data transformation
[ 2026-01-25 00:20:24,336 ] 185 root - INFO - Train data shape: (16876, 20)
[ 2026-01-25 00:20:24,336 ] 186 root - INFO - Test data shape: (4220, 20)
[ 2026-01-25 00:20:24,341 ] 195 root - INFO - Training features shape: (16876, 19)
[ 2026-01-25 00:20:24,341 ] 196 root - INFO - Training target shape: (16876,)
[ 2026-01-25 00:20:24,342 ] 203 root - INFO - Testing features shape: (4220, 19)
[ 2026-01-25 00:20:24,342 ] 204 root - INFO - Testing target shape: (4220,)
[ 2026-01-25 00:20:24,342 ] 107 root - INFO - Entered get_data_transformer_object method of DataTransformation class
[ 2026-01-25 00:20:24,344 ] 120 root - INFO - Categorical features: ['gender', 'Partner', 'Dependents', 'PhoneService', 'MultipleLines', 'InternetService', 'OnlineSecurity', 'OnlineBackup', 'DeviceProtection', 'TechSupport', 'StreamingTV', 'StreamingMovies', 'Contract', 'PaperlessBilling', 'PaymentMethod']
[ 2026-01-25 00:20:24,344 ] 121 root - INFO - Numerical features: ['SeniorCitizen', 'tenure', 'MonthlyCharges', 'TotalCharges']
[ 2026-01-25 00:20:24,344 ] 147 root - INFO - Created preprocessing pipeline with encoding, scaling, and imputation
[ 2026-01-25 00:20:24,428 ] 211 root - INFO - Preprocessor fitted on training data
[ 2026-01-25 00:20:24,514 ] 217 root - INFO - Features transformed using fitted preprocessor
[ 2026-01-25 00:20:24,516 ] 230 root - INFO - Final train array shape: (16876, 31)
[ 2026-01-25 00:20:24,516 ] 231 root - INFO - Final test array shape: (4220, 31)
[ 2026-01-25 00:20:24,519 ] 36 root - INFO - Numpy array saved successfully at: artifacts\01_25_2026_00_20_07\data_transformation\transformed\train.npy
[ 2026-01-25 00:20:24,521 ] 36 root - INFO - Numpy array saved successfully at: artifacts\01_25_2026_00_20_07\data_transformation\transformed\test.npy
[ 2026-01-25 00:20:24,525 ] 80 root - INFO - Object saved successfully at: artifacts\01_25_2026_00_20_07\data_transformation\transformed_object\preprocessor.pkl
[ 2026-01-25 00:20:24,530 ] 80 root - INFO - Object saved successfully at: final_model/preprocessor.pkl
[ 2026-01-25 00:20:24,530 ] 255 root - INFO - Preprocessor object saved successfully
[ 2026-01-25 00:20:24,530 ] 264 root - INFO - Data transformation completed successfully
[ 2026-01-25 00:20:24,530 ] 265 root - INFO - Transformation Artifact: DataTransformationArtifact(transformed_object_file_path='artifacts\\01_25_2026_00_20_07\\data_transformation\\transformed_object\\preprocessor.pkl', transformed_train_file_path='artifacts\\01_25_2026_00_20_07\\data_transformation\\transformed\\train.npy', transformed_test_file_path='artifacts\\01_25_2026_00_20_07\\data_transformation\\transformed\\test.npy')
[ 2026-01-25 00:20:24,533 ] 93 root - INFO - Data Transformation completed
[ 2026-01-25 00:20:24,533 ] 94 root - INFO -    Transformed train: artifacts\01_25_2026_00_20_07\data_transformation\transformed\train.npy
[ 2026-01-25 00:20:24,533 ] 95 root - INFO -    Transformed test: artifacts\01_25_2026_00_20_07\data_transformation\transformed\test.npy
[ 2026-01-25 00:20:24,533 ] 96 root - INFO -    Preprocessor: artifacts\01_25_2026_00_20_07\data_transformation\transformed_object\preprocessor.pkl
[ 2026-01-25 00:20:24,533 ] 99 root - INFO - 
================================================================================
[ 2026-01-25 00:20:24,533 ] 100 root - INFO - STEP 4: MODEL TRAINING
[ 2026-01-25 00:20:24,533 ] 101 root - INFO - ================================================================================
[ 2026-01-25 00:20:24,533 ] 46 root - INFO - Model Trainer Component initialized
[ 2026-01-25 00:20:24,533 ] 179 root - INFO - Entered initiate_model_trainer method
[ 2026-01-25 00:20:24,906 ] 186 root - INFO - Loading transformed train and test arrays
[ 2026-01-25 00:20:24,919 ] 56 root - INFO - Numpy array loaded successfully from: artifacts\01_25_2026_00_20_07\data_transformation\transformed\train.npy
[ 2026-01-25 00:20:24,930 ] 56 root - INFO - Numpy array loaded successfully from: artifacts\01_25_2026_00_20_07\data_transformation\transformed\test.npy
[ 2026-01-25 00:20:24,930 ] 194 root - INFO - Train array shape: (16876, 31)
[ 2026-01-25 00:20:24,931 ] 195 root - INFO - Test array shape: (4220, 31)
[ 2026-01-25 00:20:24,931 ] 201 root - INFO - X_train shape: (16876, 30), y_train shape: (16876,)
[ 2026-01-25 00:20:24,931 ] 202 root - INFO - X_test shape: (4220, 30), y_test shape: (4220,)
[ 2026-01-25 00:20:24,936 ] 214 root - INFO - Original class distribution: {np.float64(0.0): np.int64(12391), np.float64(1.0): np.int64(4485)}
[ 2026-01-25 00:20:24,936 ] 221 root - INFO - Imbalance ratio: 0.3620
[ 2026-01-25 00:20:24,939 ] 226 root - INFO - Imbalanced dataset detected! Applying SMOTE...
[ 2026-01-25 00:20:25,032 ] 232 root - INFO - Balanced class distribution: {np.float64(0.0): np.int64(12391), np.float64(1.0): np.int64(12391)}
[ 2026-01-25 00:20:25,032 ] 233 root - INFO - SMOTE applied: 16876 -> 24782 samples
[ 2026-01-25 00:20:25,042 ] 55 root - INFO - Evaluating 5 models
[ 2026-01-25 00:20:25,042 ] 58 root - INFO - 
==================================================
[ 2026-01-25 00:20:25,042 ] 59 root - INFO - Training: Logistic Regression
[ 2026-01-25 00:20:25,042 ] 60 root - INFO - ==================================================
[ 2026-01-25 00:20:25,340 ] 69 root - INFO - Logistic Regression training completed
[ 2026-01-25 00:20:25,412 ] 121 root - INFO - 
Logistic Regression - Training Metrics:
[ 2026-01-25 00:20:25,412 ] 122 root - INFO -   Accuracy:  0.7721
[ 2026-01-25 00:20:25,412 ] 123 root - INFO -   F1-Score:  0.7717
[ 2026-01-25 00:20:25,412 ] 124 root - INFO -   Precision: 0.7534
[ 2026-01-25 00:20:25,412 ] 125 root - INFO -   Recall:    0.8089
[ 2026-01-25 00:20:25,412 ] 126 root - INFO -   ROC-AUC:   0.7721
[ 2026-01-25 00:20:25,412 ] 128 root - INFO - 
Logistic Regression - Testing Metrics:
[ 2026-01-25 00:20:25,412 ] 129 root - INFO -   Accuracy:  0.7661
[ 2026-01-25 00:20:25,412 ] 130 root - INFO -   F1-Score:  0.7778
[ 2026-01-25 00:20:25,412 ] 131 root - INFO -   Precision: 0.5402
[ 2026-01-25 00:20:25,412 ] 132 root - INFO -   Recall:    0.8084
[ 2026-01-25 00:20:25,413 ] 133 root - INFO -   ROC-AUC:   0.7796
[ 2026-01-25 00:20:25,413 ] 58 root - INFO - 
==================================================
[ 2026-01-25 00:20:25,413 ] 59 root - INFO - Training: Decision Tree
[ 2026-01-25 00:20:25,413 ] 60 root - INFO - ==================================================
[ 2026-01-25 00:20:25,587 ] 69 root - INFO - Decision Tree training completed
[ 2026-01-25 00:20:25,634 ] 121 root - INFO - 
Decision Tree - Training Metrics:
[ 2026-01-25 00:20:25,635 ] 122 root - INFO -   Accuracy:  0.8324
[ 2026-01-25 00:20:25,635 ] 123 root - INFO -   F1-Score:  0.8320
[ 2026-01-25 00:20:25,635 ] 124 root - INFO -   Precision: 0.8021
[ 2026-01-25 00:20:25,635 ] 125 root - INFO -   Recall:    0.8825
[ 2026-01-25 00:20:25,635 ] 126 root - INFO -   ROC-AUC:   0.8324
[ 2026-01-25 00:20:25,635 ] 128 root - INFO - 
Decision Tree - Testing Metrics:
[ 2026-01-25 00:20:25,635 ] 129 root - INFO -   Accuracy:  0.7851
[ 2026-01-25 00:20:25,635 ] 130 root - INFO -   F1-Score:  0.7948
[ 2026-01-25 00:20:25,635 ] 131 root - INFO -   Precision: 0.5677
[ 2026-01-25 00:20:25,635 ] 132 root - INFO -   Recall:    0.8030
[ 2026-01-25 00:20:25,635 ] 133 root - INFO -   ROC-AUC:   0.7908
[ 2026-01-25 00:20:25,635 ] 58 root - INFO - 
==================================================
[ 2026-01-25 00:20:25,635 ] 59 root - INFO - Training: Random Forest
[ 2026-01-25 00:20:25,635 ] 60 root - INFO - ==================================================
