[ 2026-01-25 20:02:17,848 ] 44 root - INFO - ================================================================================
[ 2026-01-25 20:02:17,849 ] 45 root - INFO - STARTING TRAINING PIPELINE
[ 2026-01-25 20:02:17,849 ] 46 root - INFO - ================================================================================
[ 2026-01-25 20:02:17,849 ] 52 root - INFO - 
================================================================================
[ 2026-01-25 20:02:17,849 ] 53 root - INFO - STEP 1: DATA INGESTION
[ 2026-01-25 20:02:17,850 ] 54 root - INFO - ================================================================================
[ 2026-01-25 20:02:17,850 ] 47 root - INFO - Data Ingestion Component initialized
[ 2026-01-25 20:02:17,850 ] 201 root - INFO - ==================================================
[ 2026-01-25 20:02:17,850 ] 202 root - INFO - Data Ingestion Process Started
[ 2026-01-25 20:02:17,850 ] 203 root - INFO - ==================================================
[ 2026-01-25 20:02:17,850 ] 57 root - INFO - Starting data loading from BigQuery
[ 2026-01-25 20:02:37,182 ] 65 root - INFO - Data loaded successfully from BigQuery. Shape: (21096, 20)
[ 2026-01-25 20:02:37,183 ] 66 root - INFO - Columns: ['gender', 'SeniorCitizen', 'Partner', 'Dependents', 'tenure', 'PhoneService', 'MultipleLines', 'InternetService', 'OnlineSecurity', 'OnlineBackup', 'DeviceProtection', 'TechSupport', 'StreamingTV', 'StreamingMovies', 'Contract', 'PaperlessBilling', 'PaymentMethod', 'MonthlyCharges', 'TotalCharges', 'Churn']
[ 2026-01-25 20:02:37,183 ] 169 root - INFO - Starting data validation
[ 2026-01-25 20:02:37,188 ] 180 root - INFO - Number of rows: 21096
[ 2026-01-25 20:02:37,188 ] 181 root - INFO - Number of columns: 20
[ 2026-01-25 20:02:37,193 ] 182 root - INFO - Missing values:
gender              0
SeniorCitizen       0
Partner             0
Dependents          0
tenure              0
PhoneService        0
MultipleLines       0
InternetService     0
OnlineSecurity      0
OnlineBackup        0
DeviceProtection    0
TechSupport         0
StreamingTV         0
StreamingMovies     0
Contract            0
PaperlessBilling    0
PaymentMethod       0
MonthlyCharges      0
TotalCharges        0
Churn               0
dtype: int64
[ 2026-01-25 20:02:37,202 ] 183 root - INFO - Target distribution:
Churn
0    15489
1     5607
Name: count, dtype: Int64
[ 2026-01-25 20:02:37,202 ] 185 root - INFO - Data validation completed successfully
[ 2026-01-25 20:02:37,360 ] 91 root - INFO - Raw data saved at: artifacts\raw_data.csv
[ 2026-01-25 20:02:37,360 ] 110 root - INFO - Starting train-test split
[ 2026-01-25 20:02:37,436 ] 120 root - INFO - Train set shape: (16876, 20)
[ 2026-01-25 20:02:37,436 ] 121 root - INFO - Test set shape: (4220, 20)
[ 2026-01-25 20:02:37,602 ] 146 root - INFO - Train data saved at: artifacts\train.csv
[ 2026-01-25 20:02:37,644 ] 150 root - INFO - Test data saved at: artifacts\test.csv
[ 2026-01-25 20:02:37,644 ] 220 root - INFO - ==================================================
[ 2026-01-25 20:02:37,644 ] 221 root - INFO - Data Ingestion Process Completed Successfully
[ 2026-01-25 20:02:37,645 ] 222 root - INFO - ==================================================
[ 2026-01-25 20:02:37,645 ] 60 root - INFO - Data Ingestion completed
[ 2026-01-25 20:02:37,646 ] 61 root - INFO -    Train file: artifacts\train.csv
[ 2026-01-25 20:02:37,646 ] 62 root - INFO -    Test file: artifacts\test.csv
[ 2026-01-25 20:02:37,646 ] 65 root - INFO - 
================================================================================
[ 2026-01-25 20:02:37,646 ] 66 root - INFO - STEP 2: DATA VALIDATION
[ 2026-01-25 20:02:37,646 ] 67 root - INFO - ================================================================================
[ 2026-01-25 20:02:37,646 ] 78 root - INFO - Data Validation Component initialized
[ 2026-01-25 20:02:37,646 ] 236 root - INFO - Entered initiate_data_validation method
[ 2026-01-25 20:02:37,646 ] 242 root - INFO - Reading train data from: artifacts\train.csv
[ 2026-01-25 20:02:37,771 ] 245 root - INFO - Reading test data from: artifacts\test.csv
[ 2026-01-25 20:02:37,815 ] 248 root - INFO - Train data shape: (16876, 20)
[ 2026-01-25 20:02:37,816 ] 249 root - INFO - Test data shape: (4220, 20)
[ 2026-01-25 20:02:37,816 ] 110 root - INFO - Number of columns: 20
[ 2026-01-25 20:02:37,816 ] 110 root - INFO - Number of columns: 20
[ 2026-01-25 20:02:37,816 ] 198 root - INFO - Base columns: ['gender', 'SeniorCitizen', 'Partner', 'Dependents', 'tenure', 'PhoneService', 'MultipleLines', 'InternetService', 'OnlineSecurity', 'OnlineBackup', 'DeviceProtection', 'TechSupport', 'StreamingTV', 'StreamingMovies', 'Contract', 'PaperlessBilling', 'PaymentMethod', 'MonthlyCharges', 'TotalCharges', 'Churn']
[ 2026-01-25 20:02:37,816 ] 199 root - INFO - Current columns: ['gender', 'SeniorCitizen', 'Partner', 'Dependents', 'tenure', 'PhoneService', 'MultipleLines', 'InternetService', 'OnlineSecurity', 'OnlineBackup', 'DeviceProtection', 'TechSupport', 'StreamingTV', 'StreamingMovies', 'Contract', 'PaperlessBilling', 'PaymentMethod', 'MonthlyCharges', 'TotalCharges', 'Churn']
[ 2026-01-25 20:02:37,816 ] 212 root - INFO - All required columns are present
[ 2026-01-25 20:02:37,817 ] 275 root - INFO - Target column 'Churn' found in both datasets
[ 2026-01-25 20:02:37,817 ] 144 root - INFO - Starting data drift detection
[ 2026-01-25 20:02:37,824 ] 170 root - INFO - No drift in column: SeniorCitizen (p-value: 0.9996)
[ 2026-01-25 20:02:37,829 ] 170 root - INFO - No drift in column: tenure (p-value: 0.8670)
[ 2026-01-25 20:02:37,832 ] 170 root - INFO - No drift in column: MonthlyCharges (p-value: 0.9791)
[ 2026-01-25 20:02:37,835 ] 170 root - INFO - No drift in column: TotalCharges (p-value: 0.9995)
[ 2026-01-25 20:02:37,839 ] 170 root - INFO - No drift in column: Churn (p-value: 1.0000)
[ 2026-01-25 20:02:37,839 ] 173 root - INFO - No significant data drift detected
[ 2026-01-25 20:02:37,843 ] 131 root - INFO - YAML file saved successfully at: artifacts\01_25_2026_20_02_13\data_validation\drift_report\report.yaml
[ 2026-01-25 20:02:37,843 ] 289 root - INFO - Drift report saved at: artifacts\01_25_2026_20_02_13\data_validation\drift_report\report.yaml
[ 2026-01-25 20:02:37,844 ] 300 root - INFO - Validation passed - saving valid data files
[ 2026-01-25 20:02:38,044 ] 347 root - INFO - Data validation completed successfully
[ 2026-01-25 20:02:38,044 ] 348 root - INFO - Validation Artifact: DataValidationArtifact(validation_status=True, valid_train_file_path='artifacts\\01_25_2026_20_02_13\\data_validation\\validated\\train.csv', valid_test_file_path='artifacts\\01_25_2026_20_02_13\\data_validation\\validated\\test.csv', invalid_train_file_path='artifacts\\01_25_2026_20_02_13\\data_validation\\invalid\\train.csv', invalid_test_file_path='artifacts\\01_25_2026_20_02_13\\data_validation\\invalid\\test.csv', drift_report_file_path='artifacts\\01_25_2026_20_02_13\\data_validation\\drift_report\\report.yaml')
[ 2026-01-25 20:02:38,045 ] 76 root - INFO - Data Validation completed
[ 2026-01-25 20:02:38,045 ] 77 root - INFO -    Validation Status: True
[ 2026-01-25 20:02:38,045 ] 78 root - INFO -    Valid train file: artifacts\01_25_2026_20_02_13\data_validation\validated\train.csv
[ 2026-01-25 20:02:38,045 ] 79 root - INFO -    Drift report: artifacts\01_25_2026_20_02_13\data_validation\drift_report\report.yaml
[ 2026-01-25 20:02:38,045 ] 82 root - INFO - 
================================================================================
[ 2026-01-25 20:02:38,045 ] 83 root - INFO - STEP 3: DATA TRANSFORMATION
[ 2026-01-25 20:02:38,046 ] 84 root - INFO - ================================================================================
[ 2026-01-25 20:02:38,046 ] 73 root - INFO - Data Transformation Component initialized
[ 2026-01-25 20:02:38,046 ] 172 root - INFO - Entered initiate_data_transformation method of DataTransformation class
[ 2026-01-25 20:02:38,046 ] 175 root - INFO - Starting data transformation
[ 2026-01-25 20:02:38,191 ] 185 root - INFO - Train data shape: (16876, 20)
[ 2026-01-25 20:02:38,191 ] 186 root - INFO - Test data shape: (4220, 20)
[ 2026-01-25 20:02:38,234 ] 195 root - INFO - Training features shape: (16876, 19)
[ 2026-01-25 20:02:38,235 ] 196 root - INFO - Training target shape: (16876,)
[ 2026-01-25 20:02:38,236 ] 203 root - INFO - Testing features shape: (4220, 19)
[ 2026-01-25 20:02:38,236 ] 204 root - INFO - Testing target shape: (4220,)
[ 2026-01-25 20:02:38,237 ] 107 root - INFO - Entered get_data_transformer_object method of DataTransformation class
[ 2026-01-25 20:02:38,238 ] 120 root - INFO - Categorical features: ['gender', 'Partner', 'Dependents', 'PhoneService', 'MultipleLines', 'InternetService', 'OnlineSecurity', 'OnlineBackup', 'DeviceProtection', 'TechSupport', 'StreamingTV', 'StreamingMovies', 'Contract', 'PaperlessBilling', 'PaymentMethod']
[ 2026-01-25 20:02:38,238 ] 121 root - INFO - Numerical features: ['SeniorCitizen', 'tenure', 'MonthlyCharges', 'TotalCharges']
[ 2026-01-25 20:02:38,238 ] 147 root - INFO - Created preprocessing pipeline with encoding, scaling, and imputation
[ 2026-01-25 20:02:38,421 ] 211 root - INFO - Preprocessor fitted on training data
[ 2026-01-25 20:02:38,617 ] 217 root - INFO - Features transformed using fitted preprocessor
[ 2026-01-25 20:02:38,619 ] 230 root - INFO - Final train array shape: (16876, 31)
[ 2026-01-25 20:02:38,619 ] 231 root - INFO - Final test array shape: (4220, 31)
[ 2026-01-25 20:02:38,625 ] 36 root - INFO - Numpy array saved successfully at: artifacts\01_25_2026_20_02_13\data_transformation\transformed\train.npy
[ 2026-01-25 20:02:38,628 ] 36 root - INFO - Numpy array saved successfully at: artifacts\01_25_2026_20_02_13\data_transformation\transformed\test.npy
[ 2026-01-25 20:02:38,633 ] 80 root - INFO - Object saved successfully at: artifacts\01_25_2026_20_02_13\data_transformation\transformed_object\preprocessor.pkl
[ 2026-01-25 20:02:38,638 ] 80 root - INFO - Object saved successfully at: final_model/preprocessor.pkl
[ 2026-01-25 20:02:38,638 ] 255 root - INFO - Preprocessor object saved successfully
[ 2026-01-25 20:02:38,638 ] 264 root - INFO - Data transformation completed successfully
[ 2026-01-25 20:02:38,638 ] 265 root - INFO - Transformation Artifact: DataTransformationArtifact(transformed_object_file_path='artifacts\\01_25_2026_20_02_13\\data_transformation\\transformed_object\\preprocessor.pkl', transformed_train_file_path='artifacts\\01_25_2026_20_02_13\\data_transformation\\transformed\\train.npy', transformed_test_file_path='artifacts\\01_25_2026_20_02_13\\data_transformation\\transformed\\test.npy')
[ 2026-01-25 20:02:38,640 ] 93 root - INFO - Data Transformation completed
[ 2026-01-25 20:02:38,641 ] 94 root - INFO -    Transformed train: artifacts\01_25_2026_20_02_13\data_transformation\transformed\train.npy
[ 2026-01-25 20:02:38,641 ] 95 root - INFO -    Transformed test: artifacts\01_25_2026_20_02_13\data_transformation\transformed\test.npy
[ 2026-01-25 20:02:38,641 ] 96 root - INFO -    Preprocessor: artifacts\01_25_2026_20_02_13\data_transformation\transformed_object\preprocessor.pkl
[ 2026-01-25 20:02:38,641 ] 99 root - INFO - 
================================================================================
[ 2026-01-25 20:02:38,641 ] 100 root - INFO - STEP 4: MODEL TRAINING
[ 2026-01-25 20:02:38,641 ] 101 root - INFO - ================================================================================
[ 2026-01-25 20:02:38,641 ] 46 root - INFO - Model Trainer Component initialized
[ 2026-01-25 20:02:38,641 ] 179 root - INFO - Entered initiate_model_trainer method
[ 2026-01-25 20:02:39,240 ] 186 root - INFO - Loading transformed train and test arrays
[ 2026-01-25 20:02:39,254 ] 56 root - INFO - Numpy array loaded successfully from: artifacts\01_25_2026_20_02_13\data_transformation\transformed\train.npy
[ 2026-01-25 20:02:39,266 ] 56 root - INFO - Numpy array loaded successfully from: artifacts\01_25_2026_20_02_13\data_transformation\transformed\test.npy
[ 2026-01-25 20:02:39,266 ] 194 root - INFO - Train array shape: (16876, 31)
[ 2026-01-25 20:02:39,266 ] 195 root - INFO - Test array shape: (4220, 31)
[ 2026-01-25 20:02:39,266 ] 201 root - INFO - X_train shape: (16876, 30), y_train shape: (16876,)
[ 2026-01-25 20:02:39,266 ] 202 root - INFO - X_test shape: (4220, 30), y_test shape: (4220,)
[ 2026-01-25 20:02:39,275 ] 214 root - INFO - Original class distribution: {np.float64(0.0): np.int64(12391), np.float64(1.0): np.int64(4485)}
[ 2026-01-25 20:02:39,275 ] 221 root - INFO - Imbalance ratio: 0.3620
[ 2026-01-25 20:02:39,280 ] 226 root - INFO - Imbalanced dataset detected! Applying SMOTE...
[ 2026-01-25 20:02:47,032 ] 232 root - INFO - Balanced class distribution: {np.float64(0.0): np.int64(12391), np.float64(1.0): np.int64(12391)}
[ 2026-01-25 20:02:47,032 ] 233 root - INFO - SMOTE applied: 16876 -> 24782 samples
[ 2026-01-25 20:02:47,041 ] 55 root - INFO - Evaluating 5 models
[ 2026-01-25 20:02:47,041 ] 58 root - INFO - 
==================================================
[ 2026-01-25 20:02:47,041 ] 59 root - INFO - Training: Logistic Regression
[ 2026-01-25 20:02:47,041 ] 60 root - INFO - ==================================================
[ 2026-01-25 20:02:47,456 ] 69 root - INFO - Logistic Regression training completed
[ 2026-01-25 20:02:47,524 ] 121 root - INFO - 
Logistic Regression - Training Metrics:
[ 2026-01-25 20:02:47,525 ] 122 root - INFO -   Accuracy:  0.7721
[ 2026-01-25 20:02:47,525 ] 123 root - INFO -   F1-Score:  0.7718
[ 2026-01-25 20:02:47,525 ] 124 root - INFO -   Precision: 0.7534
[ 2026-01-25 20:02:47,525 ] 125 root - INFO -   Recall:    0.8089
[ 2026-01-25 20:02:47,525 ] 126 root - INFO -   ROC-AUC:   0.7721
[ 2026-01-25 20:02:47,525 ] 128 root - INFO - 
Logistic Regression - Testing Metrics:
[ 2026-01-25 20:02:47,525 ] 129 root - INFO -   Accuracy:  0.7666
[ 2026-01-25 20:02:47,525 ] 130 root - INFO -   F1-Score:  0.7782
[ 2026-01-25 20:02:47,525 ] 131 root - INFO -   Precision: 0.5408
[ 2026-01-25 20:02:47,525 ] 132 root - INFO -   Recall:    0.8084
[ 2026-01-25 20:02:47,525 ] 133 root - INFO -   ROC-AUC:   0.7799
[ 2026-01-25 20:02:47,525 ] 58 root - INFO - 
==================================================
[ 2026-01-25 20:02:47,526 ] 59 root - INFO - Training: Decision Tree
[ 2026-01-25 20:02:47,526 ] 60 root - INFO - ==================================================
[ 2026-01-25 20:02:47,778 ] 69 root - INFO - Decision Tree training completed
[ 2026-01-25 20:02:47,840 ] 121 root - INFO - 
Decision Tree - Training Metrics:
[ 2026-01-25 20:02:47,840 ] 122 root - INFO -   Accuracy:  0.8324
[ 2026-01-25 20:02:47,840 ] 123 root - INFO -   F1-Score:  0.8320
[ 2026-01-25 20:02:47,840 ] 124 root - INFO -   Precision: 0.8021
[ 2026-01-25 20:02:47,841 ] 125 root - INFO -   Recall:    0.8825
[ 2026-01-25 20:02:47,841 ] 126 root - INFO -   ROC-AUC:   0.8324
[ 2026-01-25 20:02:47,841 ] 128 root - INFO - 
Decision Tree - Testing Metrics:
[ 2026-01-25 20:02:47,841 ] 129 root - INFO -   Accuracy:  0.7851
[ 2026-01-25 20:02:47,841 ] 130 root - INFO -   F1-Score:  0.7948
[ 2026-01-25 20:02:47,841 ] 131 root - INFO -   Precision: 0.5677
[ 2026-01-25 20:02:47,841 ] 132 root - INFO -   Recall:    0.8030
[ 2026-01-25 20:02:47,841 ] 133 root - INFO -   ROC-AUC:   0.7908
[ 2026-01-25 20:02:47,841 ] 58 root - INFO - 
==================================================
[ 2026-01-25 20:02:47,841 ] 59 root - INFO - Training: Random Forest
[ 2026-01-25 20:02:47,841 ] 60 root - INFO - ==================================================
[ 2026-01-25 20:02:50,354 ] 69 root - INFO - Random Forest training completed
[ 2026-01-25 20:02:50,841 ] 121 root - INFO - 
Random Forest - Training Metrics:
[ 2026-01-25 20:02:50,841 ] 122 root - INFO -   Accuracy:  0.9979
[ 2026-01-25 20:02:50,841 ] 123 root - INFO -   F1-Score:  0.9979
[ 2026-01-25 20:02:50,841 ] 124 root - INFO -   Precision: 0.9963
[ 2026-01-25 20:02:50,841 ] 125 root - INFO -   Recall:    0.9995
[ 2026-01-25 20:02:50,841 ] 126 root - INFO -   ROC-AUC:   0.9979
[ 2026-01-25 20:02:50,841 ] 128 root - INFO - 
Random Forest - Testing Metrics:
[ 2026-01-25 20:02:50,841 ] 129 root - INFO -   Accuracy:  0.9865
[ 2026-01-25 20:02:50,841 ] 130 root - INFO -   F1-Score:  0.9865
[ 2026-01-25 20:02:50,841 ] 131 root - INFO -   Precision: 0.9742
[ 2026-01-25 20:02:50,841 ] 132 root - INFO -   Recall:    0.9750
[ 2026-01-25 20:02:50,841 ] 133 root - INFO -   ROC-AUC:   0.9828
[ 2026-01-25 20:02:50,841 ] 58 root - INFO - 
==================================================
[ 2026-01-25 20:02:50,841 ] 59 root - INFO - Training: Gradient Boosting
[ 2026-01-25 20:02:50,841 ] 60 root - INFO - ==================================================
[ 2026-01-25 20:03:02,950 ] 69 root - INFO - Gradient Boosting training completed
[ 2026-01-25 20:03:03,132 ] 121 root - INFO - 
Gradient Boosting - Training Metrics:
[ 2026-01-25 20:03:03,132 ] 122 root - INFO -   Accuracy:  0.9435
[ 2026-01-25 20:03:03,132 ] 123 root - INFO -   F1-Score:  0.9434
[ 2026-01-25 20:03:03,132 ] 124 root - INFO -   Precision: 0.9244
[ 2026-01-25 20:03:03,132 ] 125 root - INFO -   Recall:    0.9659
[ 2026-01-25 20:03:03,132 ] 126 root - INFO -   ROC-AUC:   0.9435
[ 2026-01-25 20:03:03,133 ] 128 root - INFO - 
Gradient Boosting - Testing Metrics:
[ 2026-01-25 20:03:03,133 ] 129 root - INFO -   Accuracy:  0.8879
[ 2026-01-25 20:03:03,133 ] 130 root - INFO -   F1-Score:  0.8901
[ 2026-01-25 20:03:03,133 ] 131 root - INFO -   Precision: 0.7541
[ 2026-01-25 20:03:03,133 ] 132 root - INFO -   Recall:    0.8583
[ 2026-01-25 20:03:03,133 ] 133 root - INFO -   ROC-AUC:   0.8785
[ 2026-01-25 20:03:03,133 ] 58 root - INFO - 
==================================================
[ 2026-01-25 20:03:03,133 ] 59 root - INFO - Training: AdaBoost
[ 2026-01-25 20:03:03,133 ] 60 root - INFO - ==================================================
[ 2026-01-25 20:03:05,690 ] 69 root - INFO - AdaBoost training completed
[ 2026-01-25 20:03:06,135 ] 121 root - INFO - 
AdaBoost - Training Metrics:
[ 2026-01-25 20:03:06,135 ] 122 root - INFO -   Accuracy:  0.7884
[ 2026-01-25 20:03:06,136 ] 123 root - INFO -   F1-Score:  0.7882
[ 2026-01-25 20:03:06,136 ] 124 root - INFO -   Precision: 0.7702
[ 2026-01-25 20:03:06,136 ] 125 root - INFO -   Recall:    0.8221
[ 2026-01-25 20:03:06,136 ] 126 root - INFO -   ROC-AUC:   0.7884
[ 2026-01-25 20:03:06,136 ] 128 root - INFO - 
AdaBoost - Testing Metrics:
[ 2026-01-25 20:03:06,136 ] 129 root - INFO -   Accuracy:  0.7732
[ 2026-01-25 20:03:06,136 ] 130 root - INFO -   F1-Score:  0.7837
[ 2026-01-25 20:03:06,136 ] 131 root - INFO -   Precision: 0.5514
[ 2026-01-25 20:03:06,136 ] 132 root - INFO -   Recall:    0.7888
[ 2026-01-25 20:03:06,136 ] 133 root - INFO -   ROC-AUC:   0.7782
[ 2026-01-25 20:03:06,136 ] 151 root - INFO - 
==================================================
[ 2026-01-25 20:03:06,136 ] 152 root - INFO - MODEL COMPARISON - Test F1-Scores:
[ 2026-01-25 20:03:06,136 ] 153 root - INFO - ==================================================
[ 2026-01-25 20:03:06,136 ] 159 root - INFO - Logistic Regression       - F1: 0.7782, Accuracy: 0.7666
[ 2026-01-25 20:03:06,136 ] 159 root - INFO - Decision Tree             - F1: 0.7948, Accuracy: 0.7851
[ 2026-01-25 20:03:06,136 ] 159 root - INFO - Random Forest             - F1: 0.9865, Accuracy: 0.9865
[ 2026-01-25 20:03:06,136 ] 159 root - INFO - Gradient Boosting         - F1: 0.8901, Accuracy: 0.8879
[ 2026-01-25 20:03:06,136 ] 159 root - INFO - AdaBoost                  - F1: 0.7837, Accuracy: 0.7732
[ 2026-01-25 20:03:06,137 ] 166 root - INFO - ==================================================
[ 2026-01-25 20:03:06,137 ] 167 root - INFO - BEST MODEL: Random Forest
[ 2026-01-25 20:03:06,137 ] 168 root - INFO -    F1-Score: 0.9865
[ 2026-01-25 20:03:06,137 ] 169 root - INFO -    Accuracy: 0.9865
[ 2026-01-25 20:03:06,137 ] 170 root - INFO - ==================================================
[ 2026-01-25 20:03:06,147 ] 308 root - INFO - Best model meets required threshold!
[ 2026-01-25 20:03:06,147 ] 311 root - INFO - Saving best model: Random Forest
[ 2026-01-25 20:03:06,206 ] 80 root - INFO - Object saved successfully at: artifacts\01_25_2026_20_02_13\model_trainer\trained_model\model.pkl
[ 2026-01-25 20:03:06,267 ] 80 root - INFO - Object saved successfully at: final_model/model.pkl
[ 2026-01-25 20:03:06,267 ] 322 root - INFO - Model saved successfully
[ 2026-01-25 20:03:06,268 ] 346 root - INFO - Model training completed successfully
[ 2026-01-25 20:03:06,268 ] 347 root - INFO - Model Trainer Artifact: ModelTrainerArtifact(trained_model_file_path='artifacts\\01_25_2026_20_02_13\\model_trainer\\trained_model\\model.pkl', train_metric_artifact=ClassificationMetricArtifact(f1_score=0.9979016973822656, precision_score=0.9962995736465289, recall_score=0.999515777580502, roc_auc_score=0.9979017028488419), test_metric_artifact=ClassificationMetricArtifact(f1_score=0.9864948090979252, precision_score=0.9741763134461264, recall_score=0.9750445632798574, roc_auc_score=0.98284184264703))
[ 2026-01-25 20:03:06,276 ] 110 root - INFO - Model Training completed
[ 2026-01-25 20:03:06,276 ] 111 root - INFO -    Model saved: artifacts\01_25_2026_20_02_13\model_trainer\trained_model\model.pkl
[ 2026-01-25 20:03:06,276 ] 114 root - INFO - 
================================================================================
[ 2026-01-25 20:03:06,276 ] 115 root - INFO - STEP 5: MODEL PUSHER (GCS + Vertex AI)
[ 2026-01-25 20:03:06,277 ] 116 root - INFO - ================================================================================
[ 2026-01-25 20:03:06,277 ] 83 root - INFO - Model Pusher Component initialized
[ 2026-01-25 20:03:06,277 ] 257 root - INFO - Entered initiate_model_push method
[ 2026-01-25 20:03:06,277 ] 260 root - INFO - Step 1: Loading trained model...
[ 2026-01-25 20:03:06,277 ] 98 root - INFO - Loading model from: artifacts\01_25_2026_20_02_13\model_trainer\trained_model\model.pkl
[ 2026-01-25 20:03:06,334 ] 103 root - INFO - Object loaded successfully from: artifacts\01_25_2026_20_02_13\model_trainer\trained_model\model.pkl
[ 2026-01-25 20:03:06,334 ] 101 root - INFO - Model loaded successfully. Type: RandomForestClassifier
[ 2026-01-25 20:03:06,334 ] 264 root - INFO - Step 2: Creating model metadata...
[ 2026-01-25 20:03:06,334 ] 136 root - INFO - Model metadata created: {'timestamp': '2026-01-25T20:03:06.334774', 'model_type': 'RandomForestClassifier', 'model_path': 'artifacts\\01_25_2026_20_02_13\\model_trainer\\trained_model\\model.pkl', 'source_artifact': "ModelTrainerArtifact(trained_model_file_path='artifacts\\\\01_25_2026_20_02_13\\\\model_trainer\\\\trained_model\\\\model.pkl', train_metric_artifact=ClassificationMetricArtifact(f1_score=0.9979016973822656, precision_score=0.9962995736465289, recall_score=0.999515777580502, roc_auc_score=0.9979017028488419), test_metric_artifact=ClassificationMetricArtifact(f1_score=0.9864948090979252, precision_score=0.9741763134461264, recall_score=0.9750445632798574, roc_auc_score=0.98284184264703))", 'metrics': {'f1_score': 0.9864948090979252, 'precision': 0.9741763134461264, 'recall': 0.9750445632798574, 'roc_auc': 0.98284184264703}}
[ 2026-01-25 20:03:06,334 ] 268 root - INFO - Step 3: Pushing to GCS...
[ 2026-01-25 20:03:06,335 ] 194 root - ERROR - google-cloud-storage not installed. Install with: pip install google-cloud-storage
[ 2026-01-25 20:03:06,335 ] 272 root - WARNING - GCS push failed: cannot import name 'storage' from 'google.cloud' (unknown location). Continuing without GCS upload.
[ 2026-01-25 20:03:06,335 ] 277 root - INFO - Step 4: Registering in Vertex AI...
[ 2026-01-25 20:03:06,335 ] 243 root - ERROR - google-cloud-aiplatform not installed. Install with: pip install google-cloud-aiplatform
[ 2026-01-25 20:03:06,335 ] 281 root - WARNING - Vertex AI registration failed: cannot import name 'aiplatform' from 'google.cloud' (unknown location). You may need to set up credentials.
[ 2026-01-25 20:03:06,335 ] 291 root - INFO - Model Push completed
[ 2026-01-25 20:03:06,335 ] 292 root - INFO -    GCS URI: PUSH_FAILED
[ 2026-01-25 20:03:06,335 ] 293 root - INFO -    Vertex Model ID: REGISTRATION_FAILED
[ 2026-01-25 20:03:06,340 ] 126 root - INFO - Model Push completed
[ 2026-01-25 20:03:06,340 ] 127 root - INFO -    GCS URI: PUSH_FAILED
[ 2026-01-25 20:03:06,340 ] 128 root - INFO -    Vertex Model ID: REGISTRATION_FAILED
[ 2026-01-25 20:03:06,340 ] 134 root - INFO - 
================================================================================
[ 2026-01-25 20:03:06,340 ] 135 root - INFO - TRAINING PIPELINE COMPLETED SUCCESSFULLY!
[ 2026-01-25 20:03:06,340 ] 136 root - INFO - ================================================================================
