[ 2026-01-24 22:44:56,368 ] 1025 httpx - INFO - HTTP Request: GET https://dagshub.com/api/v1/user "HTTP/1.1 200 OK"
[ 2026-01-24 22:44:56,374 ] 107 dagshub - INFO - Accessing as Mtutuzeli-lab
[ 2026-01-24 22:44:57,911 ] 1025 httpx - INFO - HTTP Request: GET https://dagshub.com/api/v1/repos/Mtutuzeli-lab/MLOPS_End_to_End_Classification "HTTP/1.1 200 OK"
[ 2026-01-24 22:44:59,519 ] 1025 httpx - INFO - HTTP Request: GET https://dagshub.com/api/v1/user "HTTP/1.1 200 OK"
[ 2026-01-24 22:44:59,521 ] 107 dagshub - INFO - Initialized MLflow to track repo "Mtutuzeli-lab/MLOPS_End_to_End_Classification"
[ 2026-01-24 22:44:59,526 ] 107 dagshub - INFO - Repository Mtutuzeli-lab/MLOPS_End_to_End_Classification initialized!
[ 2026-01-24 22:44:59,526 ] 44 root - INFO - ================================================================================
[ 2026-01-24 22:44:59,526 ] 45 root - INFO - STARTING TRAINING PIPELINE
[ 2026-01-24 22:44:59,526 ] 46 root - INFO - ================================================================================
[ 2026-01-24 22:44:59,526 ] 52 root - INFO - 
================================================================================
[ 2026-01-24 22:44:59,526 ] 53 root - INFO - STEP 1: DATA INGESTION
[ 2026-01-24 22:44:59,526 ] 54 root - INFO - ================================================================================
[ 2026-01-24 22:44:59,526 ] 47 root - INFO - Data Ingestion Component initialized
[ 2026-01-24 22:44:59,526 ] 201 root - INFO - ==================================================
[ 2026-01-24 22:44:59,526 ] 202 root - INFO - Data Ingestion Process Started
[ 2026-01-24 22:44:59,526 ] 203 root - INFO - ==================================================
[ 2026-01-24 22:44:59,526 ] 57 root - INFO - Starting data loading from BigQuery
[ 2026-01-24 22:45:14,760 ] 71 root - ERROR - Error occurred while loading data from BigQuery
[ 2026-01-24 22:45:14,760 ] 233 root - ERROR - Error occurred in data ingestion process
[ 2026-01-24 22:45:14,760 ] 165 root - ERROR - Training pipeline failed: Error occurred in python script name [C:\Users\mtutu\MLOps_End_to_End_Classification\Networksecurity\Components\data_ingestion.py] line number [206] error message [Error occurred in python script name [C:\Users\mtutu\MLOps_End_to_End_Classification\Networksecurity\Components\data_ingestion.py] line number [63] error message ['charmap' codec can't encode character '\u2713' in position 0: character maps to <undefined>]]
