[ 2026-01-24 22:46:30,264 ] 1025 httpx - INFO - HTTP Request: GET https://dagshub.com/api/v1/user "HTTP/1.1 200 OK"
[ 2026-01-24 22:46:30,270 ] 107 dagshub - INFO - Accessing as Mtutuzeli-lab
[ 2026-01-24 22:46:31,514 ] 1025 httpx - INFO - HTTP Request: GET https://dagshub.com/api/v1/repos/Mtutuzeli-lab/MLOPS_End_to_End_Classification "HTTP/1.1 200 OK"
[ 2026-01-24 22:46:32,648 ] 1025 httpx - INFO - HTTP Request: GET https://dagshub.com/api/v1/user "HTTP/1.1 200 OK"
[ 2026-01-24 22:46:32,650 ] 107 dagshub - INFO - Initialized MLflow to track repo "Mtutuzeli-lab/MLOPS_End_to_End_Classification"
[ 2026-01-24 22:46:32,656 ] 107 dagshub - INFO - Repository Mtutuzeli-lab/MLOPS_End_to_End_Classification initialized!
[ 2026-01-24 22:46:32,656 ] 44 root - INFO - ================================================================================
[ 2026-01-24 22:46:32,656 ] 45 root - INFO - STARTING TRAINING PIPELINE
[ 2026-01-24 22:46:32,656 ] 46 root - INFO - ================================================================================
[ 2026-01-24 22:46:32,656 ] 52 root - INFO - 
================================================================================
[ 2026-01-24 22:46:32,656 ] 53 root - INFO - STEP 1: DATA INGESTION
[ 2026-01-24 22:46:32,657 ] 54 root - INFO - ================================================================================
[ 2026-01-24 22:46:32,657 ] 47 root - INFO - Data Ingestion Component initialized
[ 2026-01-24 22:46:32,657 ] 201 root - INFO - ==================================================
[ 2026-01-24 22:46:32,657 ] 202 root - INFO - Data Ingestion Process Started
[ 2026-01-24 22:46:32,657 ] 203 root - INFO - ==================================================
[ 2026-01-24 22:46:32,657 ] 57 root - INFO - Starting data loading from BigQuery
[ 2026-01-24 22:46:41,424 ] 65 root - INFO - Data loaded successfully from BigQuery. Shape: (21096, 20)
[ 2026-01-24 22:46:41,424 ] 66 root - INFO - Columns: ['gender', 'SeniorCitizen', 'Partner', 'Dependents', 'tenure', 'PhoneService', 'MultipleLines', 'InternetService', 'OnlineSecurity', 'OnlineBackup', 'DeviceProtection', 'TechSupport', 'StreamingTV', 'StreamingMovies', 'Contract', 'PaperlessBilling', 'PaymentMethod', 'MonthlyCharges', 'TotalCharges', 'Churn']
[ 2026-01-24 22:46:41,424 ] 169 root - INFO - Starting data validation
[ 2026-01-24 22:46:41,425 ] 180 root - INFO - Number of rows: 21096
[ 2026-01-24 22:46:41,425 ] 181 root - INFO - Number of columns: 20
[ 2026-01-24 22:46:41,427 ] 182 root - INFO - Missing values:
gender              0
SeniorCitizen       0
Partner             0
Dependents          0
tenure              0
PhoneService        0
MultipleLines       0
InternetService     0
OnlineSecurity      0
OnlineBackup        0
DeviceProtection    0
TechSupport         0
StreamingTV         0
StreamingMovies     0
Contract            0
PaperlessBilling    0
PaymentMethod       0
MonthlyCharges      0
TotalCharges        0
Churn               0
dtype: int64
[ 2026-01-24 22:46:41,429 ] 183 root - INFO - Target distribution:
Churn
0    15489
1     5607
Name: count, dtype: Int64
[ 2026-01-24 22:46:41,429 ] 185 root - INFO - Data validation completed successfully
[ 2026-01-24 22:46:41,547 ] 91 root - INFO - Raw data saved at: artifacts\raw_data.csv
[ 2026-01-24 22:46:41,548 ] 110 root - INFO - Starting train-test split
[ 2026-01-24 22:46:41,564 ] 120 root - INFO - Train set shape: (16876, 20)
[ 2026-01-24 22:46:41,564 ] 121 root - INFO - Test set shape: (4220, 20)
[ 2026-01-24 22:46:41,652 ] 146 root - INFO - Train data saved at: artifacts\train.csv
[ 2026-01-24 22:46:41,674 ] 150 root - INFO - Test data saved at: artifacts\test.csv
[ 2026-01-24 22:46:41,675 ] 220 root - INFO - ==================================================
[ 2026-01-24 22:46:41,675 ] 221 root - INFO - Data Ingestion Process Completed Successfully
[ 2026-01-24 22:46:41,675 ] 222 root - INFO - ==================================================
[ 2026-01-24 22:46:41,675 ] 60 root - INFO - Data Ingestion completed
[ 2026-01-24 22:46:41,675 ] 61 root - INFO -    Train file: artifacts\train.csv
[ 2026-01-24 22:46:41,675 ] 62 root - INFO -    Test file: artifacts\test.csv
[ 2026-01-24 22:46:41,675 ] 65 root - INFO - 
================================================================================
[ 2026-01-24 22:46:41,675 ] 66 root - INFO - STEP 2: DATA VALIDATION
[ 2026-01-24 22:46:41,675 ] 67 root - INFO - ================================================================================
[ 2026-01-24 22:46:41,675 ] 78 root - INFO - Data Validation Component initialized
[ 2026-01-24 22:46:41,675 ] 236 root - INFO - Entered initiate_data_validation method
[ 2026-01-24 22:46:41,675 ] 242 root - INFO - Reading train data from: artifacts\train.csv
[ 2026-01-24 22:46:41,729 ] 245 root - INFO - Reading test data from: artifacts\test.csv
[ 2026-01-24 22:46:41,752 ] 248 root - INFO - Train data shape: (16876, 20)
[ 2026-01-24 22:46:41,752 ] 249 root - INFO - Test data shape: (4220, 20)
[ 2026-01-24 22:46:41,752 ] 110 root - INFO - Number of columns: 20
[ 2026-01-24 22:46:41,752 ] 110 root - INFO - Number of columns: 20
[ 2026-01-24 22:46:41,752 ] 198 root - INFO - Base columns: ['gender', 'SeniorCitizen', 'Partner', 'Dependents', 'tenure', 'PhoneService', 'MultipleLines', 'InternetService', 'OnlineSecurity', 'OnlineBackup', 'DeviceProtection', 'TechSupport', 'StreamingTV', 'StreamingMovies', 'Contract', 'PaperlessBilling', 'PaymentMethod', 'MonthlyCharges', 'TotalCharges', 'Churn']
[ 2026-01-24 22:46:41,752 ] 199 root - INFO - Current columns: ['gender', 'SeniorCitizen', 'Partner', 'Dependents', 'tenure', 'PhoneService', 'MultipleLines', 'InternetService', 'OnlineSecurity', 'OnlineBackup', 'DeviceProtection', 'TechSupport', 'StreamingTV', 'StreamingMovies', 'Contract', 'PaperlessBilling', 'PaymentMethod', 'MonthlyCharges', 'TotalCharges', 'Churn']
[ 2026-01-24 22:46:41,752 ] 212 root - INFO - All required columns are present
[ 2026-01-24 22:46:41,753 ] 275 root - INFO - Target column 'Churn' found in both datasets
[ 2026-01-24 22:46:41,753 ] 144 root - INFO - Starting data drift detection
[ 2026-01-24 22:46:41,755 ] 170 root - INFO - No drift in column: SeniorCitizen (p-value: 0.9996)
[ 2026-01-24 22:46:41,758 ] 170 root - INFO - No drift in column: tenure (p-value: 0.8670)
[ 2026-01-24 22:46:41,760 ] 170 root - INFO - No drift in column: MonthlyCharges (p-value: 0.9791)
[ 2026-01-24 22:46:41,762 ] 170 root - INFO - No drift in column: TotalCharges (p-value: 0.9995)
[ 2026-01-24 22:46:41,763 ] 170 root - INFO - No drift in column: Churn (p-value: 1.0000)
[ 2026-01-24 22:46:41,763 ] 173 root - INFO - No significant data drift detected
[ 2026-01-24 22:46:41,766 ] 131 root - INFO - YAML file saved successfully at: artifacts\01_24_2026_22_46_27\data_validation\drift_report\report.yaml
[ 2026-01-24 22:46:41,766 ] 289 root - INFO - Drift report saved at: artifacts\01_24_2026_22_46_27\data_validation\drift_report\report.yaml
[ 2026-01-24 22:46:41,766 ] 300 root - INFO - Validation passed - saving valid data files
[ 2026-01-24 22:46:41,856 ] 347 root - INFO - Data validation completed successfully
[ 2026-01-24 22:46:41,857 ] 348 root - INFO - Validation Artifact: DataValidationArtifact(validation_status=True, valid_train_file_path='artifacts\\01_24_2026_22_46_27\\data_validation\\validated\\train.csv', valid_test_file_path='artifacts\\01_24_2026_22_46_27\\data_validation\\validated\\test.csv', invalid_train_file_path='artifacts\\01_24_2026_22_46_27\\data_validation\\invalid\\train.csv', invalid_test_file_path='artifacts\\01_24_2026_22_46_27\\data_validation\\invalid\\test.csv', drift_report_file_path='artifacts\\01_24_2026_22_46_27\\data_validation\\drift_report\\report.yaml')
[ 2026-01-24 22:46:41,857 ] 76 root - INFO - Data Validation completed
[ 2026-01-24 22:46:41,857 ] 77 root - INFO -    Validation Status: True
[ 2026-01-24 22:46:41,857 ] 78 root - INFO -    Valid train file: artifacts\01_24_2026_22_46_27\data_validation\validated\train.csv
[ 2026-01-24 22:46:41,857 ] 79 root - INFO -    Drift report: artifacts\01_24_2026_22_46_27\data_validation\drift_report\report.yaml
[ 2026-01-24 22:46:41,857 ] 82 root - INFO - 
================================================================================
[ 2026-01-24 22:46:41,857 ] 83 root - INFO - STEP 3: DATA TRANSFORMATION
[ 2026-01-24 22:46:41,857 ] 84 root - INFO - ================================================================================
[ 2026-01-24 22:46:41,858 ] 73 root - INFO - Data Transformation Component initialized
[ 2026-01-24 22:46:41,858 ] 172 root - INFO - Entered initiate_data_transformation method of DataTransformation class
[ 2026-01-24 22:46:41,858 ] 175 root - INFO - Starting data transformation
[ 2026-01-24 22:46:41,944 ] 185 root - INFO - Train data shape: (16876, 20)
[ 2026-01-24 22:46:41,944 ] 186 root - INFO - Test data shape: (4220, 20)
[ 2026-01-24 22:46:41,946 ] 195 root - INFO - Training features shape: (16876, 19)
[ 2026-01-24 22:46:41,946 ] 196 root - INFO - Training target shape: (16876,)
[ 2026-01-24 22:46:41,947 ] 203 root - INFO - Testing features shape: (4220, 19)
[ 2026-01-24 22:46:41,947 ] 204 root - INFO - Testing target shape: (4220,)
[ 2026-01-24 22:46:41,947 ] 107 root - INFO - Entered get_data_transformer_object method of DataTransformation class
[ 2026-01-24 22:46:41,948 ] 120 root - INFO - Categorical features: ['gender', 'Partner', 'Dependents', 'PhoneService', 'MultipleLines', 'InternetService', 'OnlineSecurity', 'OnlineBackup', 'DeviceProtection', 'TechSupport', 'StreamingTV', 'StreamingMovies', 'Contract', 'PaperlessBilling', 'PaymentMethod']
[ 2026-01-24 22:46:41,948 ] 121 root - INFO - Numerical features: ['SeniorCitizen', 'tenure', 'MonthlyCharges', 'TotalCharges']
[ 2026-01-24 22:46:41,948 ] 147 root - INFO - Created preprocessing pipeline with encoding, scaling, and imputation
[ 2026-01-24 22:46:42,072 ] 211 root - INFO - Preprocessor fitted on training data
[ 2026-01-24 22:46:42,201 ] 217 root - INFO - Features transformed using fitted preprocessor
[ 2026-01-24 22:46:42,203 ] 230 root - INFO - Final train array shape: (16876, 31)
[ 2026-01-24 22:46:42,203 ] 231 root - INFO - Final test array shape: (4220, 31)
[ 2026-01-24 22:46:42,210 ] 36 root - INFO - Numpy array saved successfully at: artifacts\01_24_2026_22_46_27\data_transformation\transformed\train.npy
[ 2026-01-24 22:46:42,212 ] 36 root - INFO - Numpy array saved successfully at: artifacts\01_24_2026_22_46_27\data_transformation\transformed\test.npy
[ 2026-01-24 22:46:42,216 ] 80 root - INFO - Object saved successfully at: artifacts\01_24_2026_22_46_27\data_transformation\transformed_object\preprocessor.pkl
[ 2026-01-24 22:46:42,221 ] 80 root - INFO - Object saved successfully at: final_model/preprocessor.pkl
[ 2026-01-24 22:46:42,221 ] 255 root - INFO - Preprocessor object saved successfully
[ 2026-01-24 22:46:42,221 ] 264 root - INFO - Data transformation completed successfully
[ 2026-01-24 22:46:42,221 ] 265 root - INFO - Transformation Artifact: DataTransformationArtifact(transformed_object_file_path='artifacts\\01_24_2026_22_46_27\\data_transformation\\transformed_object\\preprocessor.pkl', transformed_train_file_path='artifacts\\01_24_2026_22_46_27\\data_transformation\\transformed\\train.npy', transformed_test_file_path='artifacts\\01_24_2026_22_46_27\\data_transformation\\transformed\\test.npy')
[ 2026-01-24 22:46:42,222 ] 93 root - INFO - Data Transformation completed
[ 2026-01-24 22:46:42,222 ] 94 root - INFO -    Transformed train: artifacts\01_24_2026_22_46_27\data_transformation\transformed\train.npy
[ 2026-01-24 22:46:42,223 ] 95 root - INFO -    Transformed test: artifacts\01_24_2026_22_46_27\data_transformation\transformed\test.npy
[ 2026-01-24 22:46:42,223 ] 96 root - INFO -    Preprocessor: artifacts\01_24_2026_22_46_27\data_transformation\transformed_object\preprocessor.pkl
[ 2026-01-24 22:46:42,223 ] 99 root - INFO - 
================================================================================
[ 2026-01-24 22:46:42,223 ] 100 root - INFO - STEP 4: MODEL TRAINING
[ 2026-01-24 22:46:42,223 ] 101 root - INFO - ================================================================================
[ 2026-01-24 22:46:42,223 ] 46 root - INFO - Model Trainer Component initialized
[ 2026-01-24 22:46:42,223 ] 179 root - INFO - Entered initiate_model_trainer method
[ 2026-01-24 22:46:44,135 ] 186 root - INFO - Loading transformed train and test arrays
[ 2026-01-24 22:46:44,148 ] 56 root - INFO - Numpy array loaded successfully from: artifacts\01_24_2026_22_46_27\data_transformation\transformed\train.npy
[ 2026-01-24 22:46:44,159 ] 56 root - INFO - Numpy array loaded successfully from: artifacts\01_24_2026_22_46_27\data_transformation\transformed\test.npy
[ 2026-01-24 22:46:44,159 ] 194 root - INFO - Train array shape: (16876, 31)
[ 2026-01-24 22:46:44,159 ] 195 root - INFO - Test array shape: (4220, 31)
[ 2026-01-24 22:46:44,159 ] 201 root - INFO - X_train shape: (16876, 30), y_train shape: (16876,)
[ 2026-01-24 22:46:44,159 ] 202 root - INFO - X_test shape: (4220, 30), y_test shape: (4220,)
[ 2026-01-24 22:46:44,508 ] 214 root - INFO - Original class distribution: {np.float64(0.0): np.int64(12391), np.float64(1.0): np.int64(4485)}
[ 2026-01-24 22:46:44,508 ] 221 root - INFO - Imbalance ratio: 0.3620
[ 2026-01-24 22:46:44,892 ] 226 root - INFO - Imbalanced dataset detected! Applying SMOTE...
[ 2026-01-24 22:46:46,480 ] 232 root - INFO - Balanced class distribution: {np.float64(0.0): np.int64(12391), np.float64(1.0): np.int64(12391)}
[ 2026-01-24 22:46:46,480 ] 233 root - INFO - SMOTE applied: 16876 -> 24782 samples
[ 2026-01-24 22:46:47,244 ] 55 root - INFO - Evaluating 5 models
[ 2026-01-24 22:46:47,245 ] 58 root - INFO - 
==================================================
[ 2026-01-24 22:46:47,245 ] 59 root - INFO - Training: Logistic Regression
[ 2026-01-24 22:46:47,245 ] 60 root - INFO - ==================================================
[ 2026-01-24 22:46:48,255 ] 69 root - INFO - Logistic Regression training completed
[ 2026-01-24 22:46:49,812 ] 121 root - INFO - 
Logistic Regression - Training Metrics:
[ 2026-01-24 22:46:49,812 ] 122 root - INFO -   Accuracy:  0.7721
[ 2026-01-24 22:46:49,812 ] 123 root - INFO -   F1-Score:  0.7718
[ 2026-01-24 22:46:49,812 ] 124 root - INFO -   Precision: 0.7534
[ 2026-01-24 22:46:49,812 ] 125 root - INFO -   Recall:    0.8089
[ 2026-01-24 22:46:49,812 ] 126 root - INFO -   ROC-AUC:   0.7721
[ 2026-01-24 22:46:49,812 ] 128 root - INFO - 
Logistic Regression - Testing Metrics:
[ 2026-01-24 22:46:49,812 ] 129 root - INFO -   Accuracy:  0.7666
[ 2026-01-24 22:46:49,812 ] 130 root - INFO -   F1-Score:  0.7782
[ 2026-01-24 22:46:49,812 ] 131 root - INFO -   Precision: 0.5408
[ 2026-01-24 22:46:49,812 ] 132 root - INFO -   Recall:    0.8084
[ 2026-01-24 22:46:49,812 ] 133 root - INFO -   ROC-AUC:   0.7799
[ 2026-01-24 22:46:49,812 ] 58 root - INFO - 
==================================================
[ 2026-01-24 22:46:49,813 ] 59 root - INFO - Training: Decision Tree
[ 2026-01-24 22:46:49,813 ] 60 root - INFO - ==================================================
[ 2026-01-24 22:46:50,834 ] 69 root - INFO - Decision Tree training completed
[ 2026-01-24 22:46:52,062 ] 121 root - INFO - 
Decision Tree - Training Metrics:
[ 2026-01-24 22:46:52,062 ] 122 root - INFO -   Accuracy:  0.8324
[ 2026-01-24 22:46:52,062 ] 123 root - INFO -   F1-Score:  0.8320
[ 2026-01-24 22:46:52,062 ] 124 root - INFO -   Precision: 0.8021
[ 2026-01-24 22:46:52,062 ] 125 root - INFO -   Recall:    0.8825
[ 2026-01-24 22:46:52,063 ] 126 root - INFO -   ROC-AUC:   0.8324
[ 2026-01-24 22:46:52,063 ] 128 root - INFO - 
Decision Tree - Testing Metrics:
[ 2026-01-24 22:46:52,063 ] 129 root - INFO -   Accuracy:  0.7851
[ 2026-01-24 22:46:52,063 ] 130 root - INFO -   F1-Score:  0.7948
[ 2026-01-24 22:46:52,063 ] 131 root - INFO -   Precision: 0.5677
[ 2026-01-24 22:46:52,063 ] 132 root - INFO -   Recall:    0.8030
[ 2026-01-24 22:46:52,063 ] 133 root - INFO -   ROC-AUC:   0.7908
[ 2026-01-24 22:46:52,063 ] 58 root - INFO - 
==================================================
[ 2026-01-24 22:46:52,063 ] 59 root - INFO - Training: Random Forest
[ 2026-01-24 22:46:52,063 ] 60 root - INFO - ==================================================
[ 2026-01-24 22:46:54,651 ] 69 root - INFO - Random Forest training completed
[ 2026-01-24 22:46:56,255 ] 121 root - INFO - 
Random Forest - Training Metrics:
[ 2026-01-24 22:46:56,255 ] 122 root - INFO -   Accuracy:  0.9979
[ 2026-01-24 22:46:56,255 ] 123 root - INFO -   F1-Score:  0.9979
[ 2026-01-24 22:46:56,255 ] 124 root - INFO -   Precision: 0.9963
[ 2026-01-24 22:46:56,255 ] 125 root - INFO -   Recall:    0.9995
[ 2026-01-24 22:46:56,255 ] 126 root - INFO -   ROC-AUC:   0.9979
[ 2026-01-24 22:46:56,255 ] 128 root - INFO - 
Random Forest - Testing Metrics:
[ 2026-01-24 22:46:56,255 ] 129 root - INFO -   Accuracy:  0.9865
[ 2026-01-24 22:46:56,255 ] 130 root - INFO -   F1-Score:  0.9865
[ 2026-01-24 22:46:56,255 ] 131 root - INFO -   Precision: 0.9742
[ 2026-01-24 22:46:56,255 ] 132 root - INFO -   Recall:    0.9750
[ 2026-01-24 22:46:56,255 ] 133 root - INFO -   ROC-AUC:   0.9828
[ 2026-01-24 22:46:56,255 ] 58 root - INFO - 
==================================================
[ 2026-01-24 22:46:56,255 ] 59 root - INFO - Training: Gradient Boosting
[ 2026-01-24 22:46:56,255 ] 60 root - INFO - ==================================================
[ 2026-01-24 22:47:05,585 ] 69 root - INFO - Gradient Boosting training completed
[ 2026-01-24 22:47:06,706 ] 121 root - INFO - 
Gradient Boosting - Training Metrics:
[ 2026-01-24 22:47:06,706 ] 122 root - INFO -   Accuracy:  0.9442
[ 2026-01-24 22:47:06,706 ] 123 root - INFO -   F1-Score:  0.9442
[ 2026-01-24 22:47:06,706 ] 124 root - INFO -   Precision: 0.9223
[ 2026-01-24 22:47:06,707 ] 125 root - INFO -   Recall:    0.9702
[ 2026-01-24 22:47:06,707 ] 126 root - INFO -   ROC-AUC:   0.9442
[ 2026-01-24 22:47:06,707 ] 128 root - INFO - 
Gradient Boosting - Testing Metrics:
[ 2026-01-24 22:47:06,707 ] 129 root - INFO -   Accuracy:  0.8912
[ 2026-01-24 22:47:06,707 ] 130 root - INFO -   F1-Score:  0.8934
[ 2026-01-24 22:47:06,707 ] 131 root - INFO -   Precision: 0.7596
[ 2026-01-24 22:47:06,707 ] 132 root - INFO -   Recall:    0.8645
[ 2026-01-24 22:47:06,707 ] 133 root - INFO -   ROC-AUC:   0.8827
[ 2026-01-24 22:47:06,707 ] 58 root - INFO - 
==================================================
[ 2026-01-24 22:47:06,707 ] 59 root - INFO - Training: AdaBoost
[ 2026-01-24 22:47:06,707 ] 60 root - INFO - ==================================================
[ 2026-01-24 22:47:09,430 ] 69 root - INFO - AdaBoost training completed
