[ 2026-01-25 20:14:49,065 ] 44 root - INFO - ================================================================================
[ 2026-01-25 20:14:49,066 ] 45 root - INFO - STARTING TRAINING PIPELINE
[ 2026-01-25 20:14:49,066 ] 46 root - INFO - ================================================================================
[ 2026-01-25 20:14:49,066 ] 52 root - INFO - 
================================================================================
[ 2026-01-25 20:14:49,066 ] 53 root - INFO - STEP 1: DATA INGESTION
[ 2026-01-25 20:14:49,066 ] 54 root - INFO - ================================================================================
[ 2026-01-25 20:14:49,067 ] 47 root - INFO - Data Ingestion Component initialized
[ 2026-01-25 20:14:49,067 ] 201 root - INFO - ==================================================
[ 2026-01-25 20:14:49,067 ] 202 root - INFO - Data Ingestion Process Started
[ 2026-01-25 20:14:49,067 ] 203 root - INFO - ==================================================
[ 2026-01-25 20:14:49,067 ] 57 root - INFO - Starting data loading from BigQuery
[ 2026-01-25 20:14:59,285 ] 65 root - INFO - Data loaded successfully from BigQuery. Shape: (21096, 20)
[ 2026-01-25 20:14:59,285 ] 66 root - INFO - Columns: ['gender', 'SeniorCitizen', 'Partner', 'Dependents', 'tenure', 'PhoneService', 'MultipleLines', 'InternetService', 'OnlineSecurity', 'OnlineBackup', 'DeviceProtection', 'TechSupport', 'StreamingTV', 'StreamingMovies', 'Contract', 'PaperlessBilling', 'PaymentMethod', 'MonthlyCharges', 'TotalCharges', 'Churn']
[ 2026-01-25 20:14:59,285 ] 169 root - INFO - Starting data validation
[ 2026-01-25 20:14:59,286 ] 180 root - INFO - Number of rows: 21096
[ 2026-01-25 20:14:59,286 ] 181 root - INFO - Number of columns: 20
[ 2026-01-25 20:14:59,296 ] 182 root - INFO - Missing values:
gender              0
SeniorCitizen       0
Partner             0
Dependents          0
tenure              0
PhoneService        0
MultipleLines       0
InternetService     0
OnlineSecurity      0
OnlineBackup        0
DeviceProtection    0
TechSupport         0
StreamingTV         0
StreamingMovies     0
Contract            0
PaperlessBilling    0
PaymentMethod       0
MonthlyCharges      0
TotalCharges        0
Churn               0
dtype: int64
[ 2026-01-25 20:14:59,298 ] 183 root - INFO - Target distribution:
Churn
0    15489
1     5607
Name: count, dtype: Int64
[ 2026-01-25 20:14:59,298 ] 185 root - INFO - Data validation completed successfully
[ 2026-01-25 20:14:59,391 ] 91 root - INFO - Raw data saved at: artifacts\raw_data.csv
[ 2026-01-25 20:14:59,391 ] 110 root - INFO - Starting train-test split
[ 2026-01-25 20:14:59,406 ] 120 root - INFO - Train set shape: (16876, 20)
[ 2026-01-25 20:14:59,406 ] 121 root - INFO - Test set shape: (4220, 20)
[ 2026-01-25 20:14:59,491 ] 146 root - INFO - Train data saved at: artifacts\train.csv
[ 2026-01-25 20:14:59,513 ] 150 root - INFO - Test data saved at: artifacts\test.csv
[ 2026-01-25 20:14:59,513 ] 220 root - INFO - ==================================================
[ 2026-01-25 20:14:59,513 ] 221 root - INFO - Data Ingestion Process Completed Successfully
[ 2026-01-25 20:14:59,513 ] 222 root - INFO - ==================================================
[ 2026-01-25 20:14:59,513 ] 60 root - INFO - Data Ingestion completed
[ 2026-01-25 20:14:59,513 ] 61 root - INFO -    Train file: artifacts\train.csv
[ 2026-01-25 20:14:59,513 ] 62 root - INFO -    Test file: artifacts\test.csv
[ 2026-01-25 20:14:59,513 ] 65 root - INFO - 
================================================================================
[ 2026-01-25 20:14:59,514 ] 66 root - INFO - STEP 2: DATA VALIDATION
[ 2026-01-25 20:14:59,514 ] 67 root - INFO - ================================================================================
[ 2026-01-25 20:14:59,514 ] 78 root - INFO - Data Validation Component initialized
[ 2026-01-25 20:14:59,514 ] 236 root - INFO - Entered initiate_data_validation method
[ 2026-01-25 20:14:59,514 ] 242 root - INFO - Reading train data from: artifacts\train.csv
[ 2026-01-25 20:14:59,564 ] 245 root - INFO - Reading test data from: artifacts\test.csv
[ 2026-01-25 20:14:59,589 ] 248 root - INFO - Train data shape: (16876, 20)
[ 2026-01-25 20:14:59,589 ] 249 root - INFO - Test data shape: (4220, 20)
[ 2026-01-25 20:14:59,589 ] 110 root - INFO - Number of columns: 20
[ 2026-01-25 20:14:59,589 ] 110 root - INFO - Number of columns: 20
[ 2026-01-25 20:14:59,589 ] 198 root - INFO - Base columns: ['gender', 'SeniorCitizen', 'Partner', 'Dependents', 'tenure', 'PhoneService', 'MultipleLines', 'InternetService', 'OnlineSecurity', 'OnlineBackup', 'DeviceProtection', 'TechSupport', 'StreamingTV', 'StreamingMovies', 'Contract', 'PaperlessBilling', 'PaymentMethod', 'MonthlyCharges', 'TotalCharges', 'Churn']
[ 2026-01-25 20:14:59,589 ] 199 root - INFO - Current columns: ['gender', 'SeniorCitizen', 'Partner', 'Dependents', 'tenure', 'PhoneService', 'MultipleLines', 'InternetService', 'OnlineSecurity', 'OnlineBackup', 'DeviceProtection', 'TechSupport', 'StreamingTV', 'StreamingMovies', 'Contract', 'PaperlessBilling', 'PaymentMethod', 'MonthlyCharges', 'TotalCharges', 'Churn']
[ 2026-01-25 20:14:59,589 ] 212 root - INFO - All required columns are present
[ 2026-01-25 20:14:59,589 ] 275 root - INFO - Target column 'Churn' found in both datasets
[ 2026-01-25 20:14:59,590 ] 144 root - INFO - Starting data drift detection
[ 2026-01-25 20:14:59,593 ] 170 root - INFO - No drift in column: SeniorCitizen (p-value: 0.9996)
[ 2026-01-25 20:14:59,596 ] 170 root - INFO - No drift in column: tenure (p-value: 0.8670)
[ 2026-01-25 20:14:59,598 ] 170 root - INFO - No drift in column: MonthlyCharges (p-value: 0.9791)
[ 2026-01-25 20:14:59,600 ] 170 root - INFO - No drift in column: TotalCharges (p-value: 0.9995)
[ 2026-01-25 20:14:59,603 ] 170 root - INFO - No drift in column: Churn (p-value: 1.0000)
[ 2026-01-25 20:14:59,603 ] 173 root - INFO - No significant data drift detected
[ 2026-01-25 20:14:59,606 ] 131 root - INFO - YAML file saved successfully at: artifacts\01_25_2026_20_14_46\data_validation\drift_report\report.yaml
[ 2026-01-25 20:14:59,606 ] 289 root - INFO - Drift report saved at: artifacts\01_25_2026_20_14_46\data_validation\drift_report\report.yaml
[ 2026-01-25 20:14:59,606 ] 300 root - INFO - Validation passed - saving valid data files
[ 2026-01-25 20:14:59,726 ] 347 root - INFO - Data validation completed successfully
[ 2026-01-25 20:14:59,726 ] 348 root - INFO - Validation Artifact: DataValidationArtifact(validation_status=True, valid_train_file_path='artifacts\\01_25_2026_20_14_46\\data_validation\\validated\\train.csv', valid_test_file_path='artifacts\\01_25_2026_20_14_46\\data_validation\\validated\\test.csv', invalid_train_file_path='artifacts\\01_25_2026_20_14_46\\data_validation\\invalid\\train.csv', invalid_test_file_path='artifacts\\01_25_2026_20_14_46\\data_validation\\invalid\\test.csv', drift_report_file_path='artifacts\\01_25_2026_20_14_46\\data_validation\\drift_report\\report.yaml')
[ 2026-01-25 20:14:59,727 ] 76 root - INFO - Data Validation completed
[ 2026-01-25 20:14:59,727 ] 77 root - INFO -    Validation Status: True
[ 2026-01-25 20:14:59,727 ] 78 root - INFO -    Valid train file: artifacts\01_25_2026_20_14_46\data_validation\validated\train.csv
[ 2026-01-25 20:14:59,727 ] 79 root - INFO -    Drift report: artifacts\01_25_2026_20_14_46\data_validation\drift_report\report.yaml
[ 2026-01-25 20:14:59,727 ] 82 root - INFO - 
================================================================================
[ 2026-01-25 20:14:59,727 ] 83 root - INFO - STEP 3: DATA TRANSFORMATION
[ 2026-01-25 20:14:59,727 ] 84 root - INFO - ================================================================================
[ 2026-01-25 20:14:59,727 ] 73 root - INFO - Data Transformation Component initialized
[ 2026-01-25 20:14:59,727 ] 172 root - INFO - Entered initiate_data_transformation method of DataTransformation class
[ 2026-01-25 20:14:59,727 ] 175 root - INFO - Starting data transformation
[ 2026-01-25 20:14:59,806 ] 185 root - INFO - Train data shape: (16876, 20)
[ 2026-01-25 20:14:59,806 ] 186 root - INFO - Test data shape: (4220, 20)
[ 2026-01-25 20:14:59,810 ] 195 root - INFO - Training features shape: (16876, 19)
[ 2026-01-25 20:14:59,810 ] 196 root - INFO - Training target shape: (16876,)
[ 2026-01-25 20:14:59,811 ] 203 root - INFO - Testing features shape: (4220, 19)
[ 2026-01-25 20:14:59,811 ] 204 root - INFO - Testing target shape: (4220,)
[ 2026-01-25 20:14:59,812 ] 107 root - INFO - Entered get_data_transformer_object method of DataTransformation class
[ 2026-01-25 20:14:59,814 ] 120 root - INFO - Categorical features: ['gender', 'Partner', 'Dependents', 'PhoneService', 'MultipleLines', 'InternetService', 'OnlineSecurity', 'OnlineBackup', 'DeviceProtection', 'TechSupport', 'StreamingTV', 'StreamingMovies', 'Contract', 'PaperlessBilling', 'PaymentMethod']
[ 2026-01-25 20:14:59,814 ] 121 root - INFO - Numerical features: ['SeniorCitizen', 'tenure', 'MonthlyCharges', 'TotalCharges']
[ 2026-01-25 20:14:59,814 ] 147 root - INFO - Created preprocessing pipeline with encoding, scaling, and imputation
[ 2026-01-25 20:14:59,933 ] 211 root - INFO - Preprocessor fitted on training data
[ 2026-01-25 20:15:00,052 ] 217 root - INFO - Features transformed using fitted preprocessor
[ 2026-01-25 20:15:00,054 ] 230 root - INFO - Final train array shape: (16876, 31)
[ 2026-01-25 20:15:00,054 ] 231 root - INFO - Final test array shape: (4220, 31)
[ 2026-01-25 20:15:00,067 ] 36 root - INFO - Numpy array saved successfully at: artifacts\01_25_2026_20_14_46\data_transformation\transformed\train.npy
[ 2026-01-25 20:15:00,069 ] 36 root - INFO - Numpy array saved successfully at: artifacts\01_25_2026_20_14_46\data_transformation\transformed\test.npy
[ 2026-01-25 20:15:00,074 ] 80 root - INFO - Object saved successfully at: artifacts\01_25_2026_20_14_46\data_transformation\transformed_object\preprocessor.pkl
[ 2026-01-25 20:15:00,079 ] 80 root - INFO - Object saved successfully at: final_model/preprocessor.pkl
[ 2026-01-25 20:15:00,079 ] 255 root - INFO - Preprocessor object saved successfully
[ 2026-01-25 20:15:00,079 ] 264 root - INFO - Data transformation completed successfully
[ 2026-01-25 20:15:00,079 ] 265 root - INFO - Transformation Artifact: DataTransformationArtifact(transformed_object_file_path='artifacts\\01_25_2026_20_14_46\\data_transformation\\transformed_object\\preprocessor.pkl', transformed_train_file_path='artifacts\\01_25_2026_20_14_46\\data_transformation\\transformed\\train.npy', transformed_test_file_path='artifacts\\01_25_2026_20_14_46\\data_transformation\\transformed\\test.npy')
[ 2026-01-25 20:15:00,082 ] 93 root - INFO - Data Transformation completed
[ 2026-01-25 20:15:00,082 ] 94 root - INFO -    Transformed train: artifacts\01_25_2026_20_14_46\data_transformation\transformed\train.npy
[ 2026-01-25 20:15:00,082 ] 95 root - INFO -    Transformed test: artifacts\01_25_2026_20_14_46\data_transformation\transformed\test.npy
[ 2026-01-25 20:15:00,082 ] 96 root - INFO -    Preprocessor: artifacts\01_25_2026_20_14_46\data_transformation\transformed_object\preprocessor.pkl
[ 2026-01-25 20:15:00,082 ] 99 root - INFO - 
================================================================================
[ 2026-01-25 20:15:00,082 ] 100 root - INFO - STEP 4: MODEL TRAINING
[ 2026-01-25 20:15:00,082 ] 101 root - INFO - ================================================================================
[ 2026-01-25 20:15:00,082 ] 46 root - INFO - Model Trainer Component initialized
[ 2026-01-25 20:15:00,082 ] 179 root - INFO - Entered initiate_model_trainer method
[ 2026-01-25 20:15:00,445 ] 186 root - INFO - Loading transformed train and test arrays
[ 2026-01-25 20:15:00,457 ] 56 root - INFO - Numpy array loaded successfully from: artifacts\01_25_2026_20_14_46\data_transformation\transformed\train.npy
[ 2026-01-25 20:15:00,469 ] 56 root - INFO - Numpy array loaded successfully from: artifacts\01_25_2026_20_14_46\data_transformation\transformed\test.npy
[ 2026-01-25 20:15:00,469 ] 194 root - INFO - Train array shape: (16876, 31)
[ 2026-01-25 20:15:00,469 ] 195 root - INFO - Test array shape: (4220, 31)
[ 2026-01-25 20:15:00,469 ] 201 root - INFO - X_train shape: (16876, 30), y_train shape: (16876,)
[ 2026-01-25 20:15:00,469 ] 202 root - INFO - X_test shape: (4220, 30), y_test shape: (4220,)
[ 2026-01-25 20:15:00,476 ] 214 root - INFO - Original class distribution: {np.float64(0.0): np.int64(12391), np.float64(1.0): np.int64(4485)}
[ 2026-01-25 20:15:00,476 ] 221 root - INFO - Imbalance ratio: 0.3620
[ 2026-01-25 20:15:00,480 ] 226 root - INFO - Imbalanced dataset detected! Applying SMOTE...
[ 2026-01-25 20:15:00,762 ] 232 root - INFO - Balanced class distribution: {np.float64(0.0): np.int64(12391), np.float64(1.0): np.int64(12391)}
[ 2026-01-25 20:15:00,763 ] 233 root - INFO - SMOTE applied: 16876 -> 24782 samples
[ 2026-01-25 20:15:00,770 ] 55 root - INFO - Evaluating 5 models
[ 2026-01-25 20:15:00,770 ] 58 root - INFO - 
==================================================
[ 2026-01-25 20:15:00,770 ] 59 root - INFO - Training: Logistic Regression
[ 2026-01-25 20:15:00,770 ] 60 root - INFO - ==================================================
[ 2026-01-25 20:15:01,104 ] 69 root - INFO - Logistic Regression training completed
[ 2026-01-25 20:15:01,183 ] 121 root - INFO - 
Logistic Regression - Training Metrics:
[ 2026-01-25 20:15:01,183 ] 122 root - INFO -   Accuracy:  0.7721
[ 2026-01-25 20:15:01,183 ] 123 root - INFO -   F1-Score:  0.7717
[ 2026-01-25 20:15:01,183 ] 124 root - INFO -   Precision: 0.7534
[ 2026-01-25 20:15:01,183 ] 125 root - INFO -   Recall:    0.8089
[ 2026-01-25 20:15:01,183 ] 126 root - INFO -   ROC-AUC:   0.7721
[ 2026-01-25 20:15:01,183 ] 128 root - INFO - 
Logistic Regression - Testing Metrics:
[ 2026-01-25 20:15:01,183 ] 129 root - INFO -   Accuracy:  0.7661
[ 2026-01-25 20:15:01,183 ] 130 root - INFO -   F1-Score:  0.7778
[ 2026-01-25 20:15:01,183 ] 131 root - INFO -   Precision: 0.5402
[ 2026-01-25 20:15:01,183 ] 132 root - INFO -   Recall:    0.8084
[ 2026-01-25 20:15:01,183 ] 133 root - INFO -   ROC-AUC:   0.7796
[ 2026-01-25 20:15:01,183 ] 58 root - INFO - 
==================================================
[ 2026-01-25 20:15:01,183 ] 59 root - INFO - Training: Decision Tree
[ 2026-01-25 20:15:01,183 ] 60 root - INFO - ==================================================
[ 2026-01-25 20:15:01,380 ] 69 root - INFO - Decision Tree training completed
[ 2026-01-25 20:15:01,478 ] 121 root - INFO - 
Decision Tree - Training Metrics:
[ 2026-01-25 20:15:01,478 ] 122 root - INFO -   Accuracy:  0.8324
[ 2026-01-25 20:15:01,478 ] 123 root - INFO -   F1-Score:  0.8320
[ 2026-01-25 20:15:01,478 ] 124 root - INFO -   Precision: 0.8021
[ 2026-01-25 20:15:01,478 ] 125 root - INFO -   Recall:    0.8825
[ 2026-01-25 20:15:01,478 ] 126 root - INFO -   ROC-AUC:   0.8324
[ 2026-01-25 20:15:01,478 ] 128 root - INFO - 
Decision Tree - Testing Metrics:
[ 2026-01-25 20:15:01,478 ] 129 root - INFO -   Accuracy:  0.7851
[ 2026-01-25 20:15:01,478 ] 130 root - INFO -   F1-Score:  0.7948
[ 2026-01-25 20:15:01,479 ] 131 root - INFO -   Precision: 0.5677
[ 2026-01-25 20:15:01,479 ] 132 root - INFO -   Recall:    0.8030
[ 2026-01-25 20:15:01,479 ] 133 root - INFO -   ROC-AUC:   0.7908
[ 2026-01-25 20:15:01,479 ] 58 root - INFO - 
==================================================
[ 2026-01-25 20:15:01,479 ] 59 root - INFO - Training: Random Forest
[ 2026-01-25 20:15:01,479 ] 60 root - INFO - ==================================================
[ 2026-01-25 20:15:03,696 ] 69 root - INFO - Random Forest training completed
[ 2026-01-25 20:15:04,209 ] 121 root - INFO - 
Random Forest - Training Metrics:
[ 2026-01-25 20:15:04,210 ] 122 root - INFO -   Accuracy:  0.9979
[ 2026-01-25 20:15:04,210 ] 123 root - INFO -   F1-Score:  0.9979
[ 2026-01-25 20:15:04,210 ] 124 root - INFO -   Precision: 0.9963
[ 2026-01-25 20:15:04,210 ] 125 root - INFO -   Recall:    0.9995
[ 2026-01-25 20:15:04,210 ] 126 root - INFO -   ROC-AUC:   0.9979
[ 2026-01-25 20:15:04,210 ] 128 root - INFO - 
Random Forest - Testing Metrics:
[ 2026-01-25 20:15:04,210 ] 129 root - INFO -   Accuracy:  0.9858
[ 2026-01-25 20:15:04,210 ] 130 root - INFO -   F1-Score:  0.9858
[ 2026-01-25 20:15:04,210 ] 131 root - INFO -   Precision: 0.9741
[ 2026-01-25 20:15:04,210 ] 132 root - INFO -   Recall:    0.9724
[ 2026-01-25 20:15:04,210 ] 133 root - INFO -   ROC-AUC:   0.9815
[ 2026-01-25 20:15:04,210 ] 58 root - INFO - 
==================================================
[ 2026-01-25 20:15:04,210 ] 59 root - INFO - Training: Gradient Boosting
[ 2026-01-25 20:15:04,210 ] 60 root - INFO - ==================================================
[ 2026-01-25 20:15:15,113 ] 69 root - INFO - Gradient Boosting training completed
[ 2026-01-25 20:15:15,279 ] 121 root - INFO - 
Gradient Boosting - Training Metrics:
[ 2026-01-25 20:15:15,280 ] 122 root - INFO -   Accuracy:  0.9455
[ 2026-01-25 20:15:15,280 ] 123 root - INFO -   F1-Score:  0.9455
[ 2026-01-25 20:15:15,280 ] 124 root - INFO -   Precision: 0.9263
[ 2026-01-25 20:15:15,280 ] 125 root - INFO -   Recall:    0.9680
[ 2026-01-25 20:15:15,280 ] 126 root - INFO -   ROC-AUC:   0.9455
[ 2026-01-25 20:15:15,280 ] 128 root - INFO - 
Gradient Boosting - Testing Metrics:
[ 2026-01-25 20:15:15,280 ] 129 root - INFO -   Accuracy:  0.8903
[ 2026-01-25 20:15:15,280 ] 130 root - INFO -   F1-Score:  0.8924
[ 2026-01-25 20:15:15,280 ] 131 root - INFO -   Precision: 0.7580
[ 2026-01-25 20:15:15,280 ] 132 root - INFO -   Recall:    0.8627
[ 2026-01-25 20:15:15,281 ] 133 root - INFO -   ROC-AUC:   0.8815
[ 2026-01-25 20:15:15,281 ] 58 root - INFO - 
==================================================
[ 2026-01-25 20:15:15,281 ] 59 root - INFO - Training: AdaBoost
[ 2026-01-25 20:15:15,281 ] 60 root - INFO - ==================================================
[ 2026-01-25 20:15:17,586 ] 69 root - INFO - AdaBoost training completed
[ 2026-01-25 20:15:18,078 ] 121 root - INFO - 
AdaBoost - Training Metrics:
[ 2026-01-25 20:15:18,078 ] 122 root - INFO -   Accuracy:  0.7884
[ 2026-01-25 20:15:18,078 ] 123 root - INFO -   F1-Score:  0.7882
[ 2026-01-25 20:15:18,078 ] 124 root - INFO -   Precision: 0.7702
[ 2026-01-25 20:15:18,078 ] 125 root - INFO -   Recall:    0.8221
[ 2026-01-25 20:15:18,078 ] 126 root - INFO -   ROC-AUC:   0.7884
[ 2026-01-25 20:15:18,078 ] 128 root - INFO - 
AdaBoost - Testing Metrics:
[ 2026-01-25 20:15:18,078 ] 129 root - INFO -   Accuracy:  0.7732
[ 2026-01-25 20:15:18,078 ] 130 root - INFO -   F1-Score:  0.7837
[ 2026-01-25 20:15:18,078 ] 131 root - INFO -   Precision: 0.5514
[ 2026-01-25 20:15:18,078 ] 132 root - INFO -   Recall:    0.7888
[ 2026-01-25 20:15:18,078 ] 133 root - INFO -   ROC-AUC:   0.7782
[ 2026-01-25 20:15:18,078 ] 151 root - INFO - 
==================================================
[ 2026-01-25 20:15:18,078 ] 152 root - INFO - MODEL COMPARISON - Test F1-Scores:
[ 2026-01-25 20:15:18,079 ] 153 root - INFO - ==================================================
[ 2026-01-25 20:15:18,079 ] 159 root - INFO - Logistic Regression       - F1: 0.7778, Accuracy: 0.7661
[ 2026-01-25 20:15:18,079 ] 159 root - INFO - Decision Tree             - F1: 0.7948, Accuracy: 0.7851
[ 2026-01-25 20:15:18,079 ] 159 root - INFO - Random Forest             - F1: 0.9858, Accuracy: 0.9858
[ 2026-01-25 20:15:18,079 ] 159 root - INFO - Gradient Boosting         - F1: 0.8924, Accuracy: 0.8903
[ 2026-01-25 20:15:18,079 ] 159 root - INFO - AdaBoost                  - F1: 0.7837, Accuracy: 0.7732
[ 2026-01-25 20:15:18,079 ] 166 root - INFO - ==================================================
[ 2026-01-25 20:15:18,079 ] 167 root - INFO - BEST MODEL: Random Forest
[ 2026-01-25 20:15:18,079 ] 168 root - INFO -    F1-Score: 0.9858
[ 2026-01-25 20:15:18,079 ] 169 root - INFO -    Accuracy: 0.9858
[ 2026-01-25 20:15:18,079 ] 170 root - INFO - ==================================================
[ 2026-01-25 20:15:18,101 ] 308 root - INFO - Best model meets required threshold!
[ 2026-01-25 20:15:18,101 ] 311 root - INFO - Saving best model: Random Forest
[ 2026-01-25 20:15:18,146 ] 80 root - INFO - Object saved successfully at: artifacts\01_25_2026_20_14_46\model_trainer\trained_model\model.pkl
[ 2026-01-25 20:15:18,196 ] 80 root - INFO - Object saved successfully at: final_model/model.pkl
[ 2026-01-25 20:15:18,196 ] 322 root - INFO - Model saved successfully
[ 2026-01-25 20:15:18,196 ] 346 root - INFO - Model training completed successfully
[ 2026-01-25 20:15:18,196 ] 347 root - INFO - Model Trainer Artifact: ModelTrainerArtifact(trained_model_file_path='artifacts\\01_25_2026_20_14_46\\model_trainer\\trained_model\\model.pkl', train_metric_artifact=ClassificationMetricArtifact(f1_score=0.9979016973822656, precision_score=0.9962995736465289, recall_score=0.999515777580502, roc_auc_score=np.float64(0.9979017028488419)), test_metric_artifact=ClassificationMetricArtifact(f1_score=0.9857779428251912, precision_score=0.9741071428571428, recall_score=0.9723707664884136, roc_auc_score=np.float64(0.9815049442513082)))
[ 2026-01-25 20:15:18,210 ] 110 root - INFO - Model Training completed
[ 2026-01-25 20:15:18,210 ] 111 root - INFO -    Model saved: artifacts\01_25_2026_20_14_46\model_trainer\trained_model\model.pkl
[ 2026-01-25 20:15:18,211 ] 114 root - INFO - 
================================================================================
[ 2026-01-25 20:15:18,211 ] 115 root - INFO - STEP 5: MODEL PUSHER (GCS + Vertex AI)
[ 2026-01-25 20:15:18,211 ] 116 root - INFO - ================================================================================
[ 2026-01-25 20:15:18,211 ] 83 root - INFO - Model Pusher Component initialized
[ 2026-01-25 20:15:18,211 ] 257 root - INFO - Entered initiate_model_push method
[ 2026-01-25 20:15:18,211 ] 260 root - INFO - Step 1: Loading trained model...
[ 2026-01-25 20:15:18,211 ] 98 root - INFO - Loading model from: artifacts\01_25_2026_20_14_46\model_trainer\trained_model\model.pkl
[ 2026-01-25 20:15:18,311 ] 103 root - INFO - Object loaded successfully from: artifacts\01_25_2026_20_14_46\model_trainer\trained_model\model.pkl
[ 2026-01-25 20:15:18,311 ] 101 root - INFO - Model loaded successfully. Type: RandomForestClassifier
[ 2026-01-25 20:15:18,311 ] 264 root - INFO - Step 2: Creating model metadata...
[ 2026-01-25 20:15:18,311 ] 136 root - INFO - Model metadata created: {'timestamp': '2026-01-25T20:15:18.311696', 'model_type': 'RandomForestClassifier', 'model_path': 'artifacts\\01_25_2026_20_14_46\\model_trainer\\trained_model\\model.pkl', 'source_artifact': "ModelTrainerArtifact(trained_model_file_path='artifacts\\\\01_25_2026_20_14_46\\\\model_trainer\\\\trained_model\\\\model.pkl', train_metric_artifact=ClassificationMetricArtifact(f1_score=0.9979016973822656, precision_score=0.9962995736465289, recall_score=0.999515777580502, roc_auc_score=np.float64(0.9979017028488419)), test_metric_artifact=ClassificationMetricArtifact(f1_score=0.9857779428251912, precision_score=0.9741071428571428, recall_score=0.9723707664884136, roc_auc_score=np.float64(0.9815049442513082)))", 'metrics': {'f1_score': 0.9857779428251912, 'precision': 0.9741071428571428, 'recall': 0.9723707664884136, 'roc_auc': np.float64(0.9815049442513082)}}
[ 2026-01-25 20:15:18,311 ] 268 root - INFO - Step 3: Pushing to GCS...
[ 2026-01-25 20:15:18,312 ] 194 root - ERROR - google-cloud-storage not installed. Install with: pip install google-cloud-storage
[ 2026-01-25 20:15:18,312 ] 272 root - WARNING - GCS push failed: cannot import name 'storage' from 'google.cloud' (unknown location). Continuing without GCS upload.
[ 2026-01-25 20:15:18,313 ] 277 root - INFO - Step 4: Registering in Vertex AI...
[ 2026-01-25 20:15:18,313 ] 243 root - ERROR - google-cloud-aiplatform not installed. Install with: pip install google-cloud-aiplatform
[ 2026-01-25 20:15:18,313 ] 281 root - WARNING - Vertex AI registration failed: cannot import name 'aiplatform' from 'google.cloud' (unknown location). You may need to set up credentials.
[ 2026-01-25 20:15:18,313 ] 291 root - INFO - Model Push completed
[ 2026-01-25 20:15:18,313 ] 292 root - INFO -    GCS URI: PUSH_FAILED
[ 2026-01-25 20:15:18,313 ] 293 root - INFO -    Vertex Model ID: REGISTRATION_FAILED
[ 2026-01-25 20:15:18,317 ] 126 root - INFO - Model Push completed
[ 2026-01-25 20:15:18,317 ] 127 root - INFO -    GCS URI: PUSH_FAILED
[ 2026-01-25 20:15:18,317 ] 128 root - INFO -    Vertex Model ID: REGISTRATION_FAILED
[ 2026-01-25 20:15:18,317 ] 134 root - INFO - 
================================================================================
[ 2026-01-25 20:15:18,317 ] 135 root - INFO - TRAINING PIPELINE COMPLETED SUCCESSFULLY!
[ 2026-01-25 20:15:18,317 ] 136 root - INFO - ================================================================================
