[ 2026-01-24 22:42:32,411 ] 1025 httpx - INFO - HTTP Request: GET https://dagshub.com/api/v1/user "HTTP/1.1 200 OK"
[ 2026-01-24 22:42:32,417 ] 107 dagshub - INFO - Accessing as Mtutuzeli-lab
[ 2026-01-24 22:42:33,684 ] 1025 httpx - INFO - HTTP Request: GET https://dagshub.com/api/v1/repos/Mtutuzeli-lab/MLOPS_End_to_End_Classification "HTTP/1.1 200 OK"
[ 2026-01-24 22:42:34,928 ] 1025 httpx - INFO - HTTP Request: GET https://dagshub.com/api/v1/user "HTTP/1.1 200 OK"
[ 2026-01-24 22:42:34,929 ] 107 dagshub - INFO - Initialized MLflow to track repo "Mtutuzeli-lab/MLOPS_End_to_End_Classification"
[ 2026-01-24 22:42:34,931 ] 107 dagshub - INFO - Repository Mtutuzeli-lab/MLOPS_End_to_End_Classification initialized!
[ 2026-01-24 22:42:34,931 ] 44 root - INFO - ================================================================================
[ 2026-01-24 22:42:34,932 ] 45 root - INFO - STARTING TRAINING PIPELINE
[ 2026-01-24 22:42:34,932 ] 46 root - INFO - ================================================================================
[ 2026-01-24 22:42:34,932 ] 52 root - INFO - 
================================================================================
[ 2026-01-24 22:42:34,932 ] 53 root - INFO - STEP 1: DATA INGESTION
[ 2026-01-24 22:42:34,932 ] 54 root - INFO - ================================================================================
[ 2026-01-24 22:42:34,932 ] 47 root - INFO - Data Ingestion Component initialized
[ 2026-01-24 22:42:34,932 ] 201 root - INFO - ==================================================
[ 2026-01-24 22:42:34,932 ] 202 root - INFO - Data Ingestion Process Started
[ 2026-01-24 22:42:34,932 ] 203 root - INFO - ==================================================
[ 2026-01-24 22:42:34,933 ] 57 root - INFO - Starting data loading from BigQuery
[ 2026-01-24 22:42:44,385 ] 71 root - ERROR - Error occurred while loading data from BigQuery
[ 2026-01-24 22:42:44,385 ] 233 root - ERROR - Error occurred in data ingestion process
[ 2026-01-24 22:42:44,386 ] 165 root - ERROR - Training pipeline failed: Error occurred in python script name [C:\Users\mtutu\MLOps_End_to_End_Classification\Networksecurity\Components\data_ingestion.py] line number [206] error message [Error occurred in python script name [C:\Users\mtutu\MLOps_End_to_End_Classification\Networksecurity\Components\data_ingestion.py] line number [63] error message ['charmap' codec can't encode character '\u2713' in position 0: character maps to <undefined>]]
