[ 2026-01-24 20:15:19,145 ] 39 root - INFO - ================================================================================
[ 2026-01-24 20:15:19,146 ] 40 root - INFO - STARTING TRAINING PIPELINE
[ 2026-01-24 20:15:19,146 ] 41 root - INFO - ================================================================================
[ 2026-01-24 20:15:19,146 ] 47 root - INFO - 
================================================================================
[ 2026-01-24 20:15:19,146 ] 48 root - INFO - STEP 1: DATA INGESTION
[ 2026-01-24 20:15:19,146 ] 49 root - INFO - ================================================================================
[ 2026-01-24 20:15:19,146 ] 47 root - INFO - Data Ingestion Component initialized
[ 2026-01-24 20:15:19,146 ] 201 root - INFO - ==================================================
[ 2026-01-24 20:15:19,146 ] 202 root - INFO - Data Ingestion Process Started
[ 2026-01-24 20:15:19,146 ] 203 root - INFO - ==================================================
[ 2026-01-24 20:15:19,146 ] 57 root - INFO - Starting data loading from BigQuery
[ 2026-01-24 20:15:43,914 ] 65 root - INFO - Data loaded successfully from BigQuery. Shape: (21096, 20)
[ 2026-01-24 20:15:43,915 ] 66 root - INFO - Columns: ['gender', 'SeniorCitizen', 'Partner', 'Dependents', 'tenure', 'PhoneService', 'MultipleLines', 'InternetService', 'OnlineSecurity', 'OnlineBackup', 'DeviceProtection', 'TechSupport', 'StreamingTV', 'StreamingMovies', 'Contract', 'PaperlessBilling', 'PaymentMethod', 'MonthlyCharges', 'TotalCharges', 'Churn']
[ 2026-01-24 20:15:43,915 ] 169 root - INFO - Starting data validation
[ 2026-01-24 20:15:43,916 ] 180 root - INFO - Number of rows: 21096
[ 2026-01-24 20:15:43,916 ] 181 root - INFO - Number of columns: 20
[ 2026-01-24 20:15:43,919 ] 182 root - INFO - Missing values:
gender              0
SeniorCitizen       0
Partner             0
Dependents          0
tenure              0
PhoneService        0
MultipleLines       0
InternetService     0
OnlineSecurity      0
OnlineBackup        0
DeviceProtection    0
TechSupport         0
StreamingTV         0
StreamingMovies     0
Contract            0
PaperlessBilling    0
PaymentMethod       0
MonthlyCharges      0
TotalCharges        0
Churn               0
dtype: int64
[ 2026-01-24 20:15:43,924 ] 183 root - INFO - Target distribution:
Churn
0    15489
1     5607
Name: count, dtype: Int64
[ 2026-01-24 20:15:43,924 ] 185 root - INFO - Data validation completed successfully
[ 2026-01-24 20:15:44,033 ] 91 root - INFO - Raw data saved at: artifacts\raw_data.csv
[ 2026-01-24 20:15:44,033 ] 110 root - INFO - Starting train-test split
[ 2026-01-24 20:15:44,053 ] 120 root - INFO - Train set shape: (16876, 20)
[ 2026-01-24 20:15:44,054 ] 121 root - INFO - Test set shape: (4220, 20)
[ 2026-01-24 20:15:44,146 ] 146 root - INFO - Train data saved at: artifacts\train.csv
[ 2026-01-24 20:15:44,171 ] 150 root - INFO - Test data saved at: artifacts\test.csv
[ 2026-01-24 20:15:44,171 ] 220 root - INFO - ==================================================
[ 2026-01-24 20:15:44,171 ] 221 root - INFO - Data Ingestion Process Completed Successfully
[ 2026-01-24 20:15:44,171 ] 222 root - INFO - ==================================================
[ 2026-01-24 20:15:44,171 ] 55 root - INFO - Data Ingestion completed
[ 2026-01-24 20:15:44,172 ] 56 root - INFO -    Train file: artifacts\train.csv
[ 2026-01-24 20:15:44,172 ] 57 root - INFO -    Test file: artifacts\test.csv
[ 2026-01-24 20:15:44,172 ] 60 root - INFO - 
================================================================================
[ 2026-01-24 20:15:44,172 ] 61 root - INFO - STEP 2: DATA VALIDATION
[ 2026-01-24 20:15:44,172 ] 62 root - INFO - ================================================================================
[ 2026-01-24 20:15:44,172 ] 78 root - INFO - Data Validation Component initialized
[ 2026-01-24 20:15:44,172 ] 236 root - INFO - Entered initiate_data_validation method
[ 2026-01-24 20:15:44,172 ] 242 root - INFO - Reading train data from: artifacts\train.csv
[ 2026-01-24 20:15:44,241 ] 245 root - INFO - Reading test data from: artifacts\test.csv
[ 2026-01-24 20:15:44,269 ] 248 root - INFO - Train data shape: (16876, 20)
[ 2026-01-24 20:15:44,269 ] 249 root - INFO - Test data shape: (4220, 20)
[ 2026-01-24 20:15:44,269 ] 110 root - INFO - Number of columns: 20
[ 2026-01-24 20:15:44,269 ] 110 root - INFO - Number of columns: 20
[ 2026-01-24 20:15:44,270 ] 198 root - INFO - Base columns: ['gender', 'SeniorCitizen', 'Partner', 'Dependents', 'tenure', 'PhoneService', 'MultipleLines', 'InternetService', 'OnlineSecurity', 'OnlineBackup', 'DeviceProtection', 'TechSupport', 'StreamingTV', 'StreamingMovies', 'Contract', 'PaperlessBilling', 'PaymentMethod', 'MonthlyCharges', 'TotalCharges', 'Churn']
[ 2026-01-24 20:15:44,270 ] 199 root - INFO - Current columns: ['gender', 'SeniorCitizen', 'Partner', 'Dependents', 'tenure', 'PhoneService', 'MultipleLines', 'InternetService', 'OnlineSecurity', 'OnlineBackup', 'DeviceProtection', 'TechSupport', 'StreamingTV', 'StreamingMovies', 'Contract', 'PaperlessBilling', 'PaymentMethod', 'MonthlyCharges', 'TotalCharges', 'Churn']
[ 2026-01-24 20:15:44,270 ] 212 root - INFO - All required columns are present
[ 2026-01-24 20:15:44,270 ] 275 root - INFO - Target column 'Churn' found in both datasets
[ 2026-01-24 20:15:44,270 ] 144 root - INFO - Starting data drift detection
[ 2026-01-24 20:15:44,273 ] 170 root - INFO - No drift in column: SeniorCitizen (p-value: 0.9996)
[ 2026-01-24 20:15:44,276 ] 170 root - INFO - No drift in column: tenure (p-value: 0.8670)
[ 2026-01-24 20:15:44,279 ] 170 root - INFO - No drift in column: MonthlyCharges (p-value: 0.9791)
[ 2026-01-24 20:15:44,281 ] 170 root - INFO - No drift in column: TotalCharges (p-value: 0.9995)
[ 2026-01-24 20:15:44,283 ] 170 root - INFO - No drift in column: Churn (p-value: 1.0000)
[ 2026-01-24 20:15:44,283 ] 173 root - INFO - No significant data drift detected
[ 2026-01-24 20:15:44,285 ] 131 root - INFO - YAML file saved successfully at: artifacts\01_24_2026_20_15_16\data_validation\drift_report\report.yaml
[ 2026-01-24 20:15:44,285 ] 289 root - INFO - Drift report saved at: artifacts\01_24_2026_20_15_16\data_validation\drift_report\report.yaml
[ 2026-01-24 20:15:44,286 ] 300 root - INFO - Validation passed - saving valid data files
[ 2026-01-24 20:15:44,393 ] 347 root - INFO - Data validation completed successfully
[ 2026-01-24 20:15:44,393 ] 348 root - INFO - Validation Artifact: DataValidationArtifact(validation_status=True, valid_train_file_path='artifacts\\01_24_2026_20_15_16\\data_validation\\validated\\train.csv', valid_test_file_path='artifacts\\01_24_2026_20_15_16\\data_validation\\validated\\test.csv', invalid_train_file_path='artifacts\\01_24_2026_20_15_16\\data_validation\\invalid\\train.csv', invalid_test_file_path='artifacts\\01_24_2026_20_15_16\\data_validation\\invalid\\test.csv', drift_report_file_path='artifacts\\01_24_2026_20_15_16\\data_validation\\drift_report\\report.yaml')
[ 2026-01-24 20:15:44,393 ] 71 root - INFO - Data Validation completed
[ 2026-01-24 20:15:44,393 ] 72 root - INFO -    Validation Status: True
[ 2026-01-24 20:15:44,393 ] 73 root - INFO -    Valid train file: artifacts\01_24_2026_20_15_16\data_validation\validated\train.csv
[ 2026-01-24 20:15:44,393 ] 74 root - INFO -    Drift report: artifacts\01_24_2026_20_15_16\data_validation\drift_report\report.yaml
[ 2026-01-24 20:15:44,394 ] 77 root - INFO - 
================================================================================
[ 2026-01-24 20:15:44,394 ] 78 root - INFO - STEP 3: DATA TRANSFORMATION
[ 2026-01-24 20:15:44,394 ] 79 root - INFO - ================================================================================
[ 2026-01-24 20:15:44,394 ] 73 root - INFO - Data Transformation Component initialized
[ 2026-01-24 20:15:44,394 ] 172 root - INFO - Entered initiate_data_transformation method of DataTransformation class
[ 2026-01-24 20:15:44,394 ] 175 root - INFO - Starting data transformation
[ 2026-01-24 20:15:44,475 ] 185 root - INFO - Train data shape: (16876, 20)
[ 2026-01-24 20:15:44,475 ] 186 root - INFO - Test data shape: (4220, 20)
[ 2026-01-24 20:15:44,477 ] 195 root - INFO - Training features shape: (16876, 19)
[ 2026-01-24 20:15:44,477 ] 196 root - INFO - Training target shape: (16876,)
[ 2026-01-24 20:15:44,478 ] 203 root - INFO - Testing features shape: (4220, 19)
[ 2026-01-24 20:15:44,478 ] 204 root - INFO - Testing target shape: (4220,)
[ 2026-01-24 20:15:44,478 ] 107 root - INFO - Entered get_data_transformer_object method of DataTransformation class
[ 2026-01-24 20:15:44,479 ] 120 root - INFO - Categorical features: ['gender', 'Partner', 'Dependents', 'PhoneService', 'MultipleLines', 'InternetService', 'OnlineSecurity', 'OnlineBackup', 'DeviceProtection', 'TechSupport', 'StreamingTV', 'StreamingMovies', 'Contract', 'PaperlessBilling', 'PaymentMethod']
[ 2026-01-24 20:15:44,479 ] 121 root - INFO - Numerical features: ['SeniorCitizen', 'tenure', 'MonthlyCharges', 'TotalCharges']
[ 2026-01-24 20:15:44,479 ] 147 root - INFO - Created preprocessing pipeline with encoding, scaling, and imputation
[ 2026-01-24 20:15:44,589 ] 211 root - INFO - Preprocessor fitted on training data
[ 2026-01-24 20:15:44,692 ] 217 root - INFO - Features transformed using fitted preprocessor
[ 2026-01-24 20:15:44,693 ] 230 root - INFO - Final train array shape: (16876, 31)
[ 2026-01-24 20:15:44,693 ] 231 root - INFO - Final test array shape: (4220, 31)
[ 2026-01-24 20:15:44,696 ] 36 root - INFO - Numpy array saved successfully at: artifacts\01_24_2026_20_15_16\data_transformation\transformed\train.npy
[ 2026-01-24 20:15:44,697 ] 36 root - INFO - Numpy array saved successfully at: artifacts\01_24_2026_20_15_16\data_transformation\transformed\test.npy
[ 2026-01-24 20:15:44,700 ] 80 root - INFO - Object saved successfully at: artifacts\01_24_2026_20_15_16\data_transformation\transformed_object\preprocessor.pkl
[ 2026-01-24 20:15:44,703 ] 80 root - INFO - Object saved successfully at: final_model/preprocessor.pkl
[ 2026-01-24 20:15:44,704 ] 255 root - INFO - Preprocessor object saved successfully
[ 2026-01-24 20:15:44,704 ] 264 root - INFO - Data transformation completed successfully
[ 2026-01-24 20:15:44,704 ] 265 root - INFO - Transformation Artifact: DataTransformationArtifact(transformed_object_file_path='artifacts\\01_24_2026_20_15_16\\data_transformation\\transformed_object\\preprocessor.pkl', transformed_train_file_path='artifacts\\01_24_2026_20_15_16\\data_transformation\\transformed\\train.npy', transformed_test_file_path='artifacts\\01_24_2026_20_15_16\\data_transformation\\transformed\\test.npy')
[ 2026-01-24 20:15:44,705 ] 88 root - INFO - Data Transformation completed
[ 2026-01-24 20:15:44,705 ] 89 root - INFO -    Transformed train: artifacts\01_24_2026_20_15_16\data_transformation\transformed\train.npy
[ 2026-01-24 20:15:44,705 ] 90 root - INFO -    Transformed test: artifacts\01_24_2026_20_15_16\data_transformation\transformed\test.npy
[ 2026-01-24 20:15:44,705 ] 91 root - INFO -    Preprocessor: artifacts\01_24_2026_20_15_16\data_transformation\transformed_object\preprocessor.pkl
[ 2026-01-24 20:15:44,705 ] 94 root - INFO - 
================================================================================
[ 2026-01-24 20:15:44,705 ] 95 root - INFO - STEP 4: MODEL TRAINING
[ 2026-01-24 20:15:44,705 ] 96 root - INFO - ================================================================================
[ 2026-01-24 20:15:44,705 ] 46 root - INFO - Model Trainer Component initialized
[ 2026-01-24 20:15:44,705 ] 182 root - INFO - Entered initiate_model_trainer method
[ 2026-01-24 20:15:45,585 ] 190 root - INFO - Loading transformed train and test arrays
[ 2026-01-24 20:15:45,598 ] 56 root - INFO - Numpy array loaded successfully from: artifacts\01_24_2026_20_15_16\data_transformation\transformed\train.npy
[ 2026-01-24 20:15:45,608 ] 56 root - INFO - Numpy array loaded successfully from: artifacts\01_24_2026_20_15_16\data_transformation\transformed\test.npy
[ 2026-01-24 20:15:45,608 ] 198 root - INFO - Train array shape: (16876, 31)
[ 2026-01-24 20:15:45,608 ] 199 root - INFO - Test array shape: (4220, 31)
[ 2026-01-24 20:15:45,608 ] 205 root - INFO - X_train shape: (16876, 30), y_train shape: (16876,)
[ 2026-01-24 20:15:45,608 ] 206 root - INFO - X_test shape: (4220, 30), y_test shape: (4220,)
[ 2026-01-24 20:15:45,612 ] 218 root - INFO - Original class distribution: {np.float64(0.0): np.int64(12391), np.float64(1.0): np.int64(4485)}
[ 2026-01-24 20:15:45,612 ] 225 root - INFO - Imbalance ratio: 0.3620
[ 2026-01-24 20:15:45,668 ] 230 root - INFO - Imbalanced dataset detected! Applying SMOTE...
[ 2026-01-24 20:15:51,000 ] 236 root - INFO - Balanced class distribution: {np.float64(0.0): np.int64(12391), np.float64(1.0): np.int64(12391)}
[ 2026-01-24 20:15:51,000 ] 237 root - INFO - SMOTE applied: 16876 -> 24782 samples
[ 2026-01-24 20:15:51,004 ] 55 root - INFO - Evaluating 5 models
[ 2026-01-24 20:15:51,004 ] 58 root - INFO - 
==================================================
[ 2026-01-24 20:15:51,004 ] 59 root - INFO - Training: Logistic Regression
[ 2026-01-24 20:15:51,004 ] 60 root - INFO - ==================================================
[ 2026-01-24 20:15:51,294 ] 69 root - INFO - Logistic Regression training completed
[ 2026-01-24 20:15:56,557 ] 124 root - INFO - 
Logistic Regression - Training Metrics:
[ 2026-01-24 20:15:56,557 ] 125 root - INFO -   Accuracy:  0.7721
[ 2026-01-24 20:15:56,557 ] 126 root - INFO -   F1-Score:  0.7718
[ 2026-01-24 20:15:56,557 ] 127 root - INFO -   Precision: 0.7534
[ 2026-01-24 20:15:56,557 ] 128 root - INFO -   Recall:    0.8089
[ 2026-01-24 20:15:56,557 ] 129 root - INFO -   ROC-AUC:   0.7721
[ 2026-01-24 20:15:56,558 ] 131 root - INFO - 
Logistic Regression - Testing Metrics:
[ 2026-01-24 20:15:56,558 ] 132 root - INFO -   Accuracy:  0.7666
[ 2026-01-24 20:15:56,558 ] 133 root - INFO -   F1-Score:  0.7782
[ 2026-01-24 20:15:56,558 ] 134 root - INFO -   Precision: 0.5408
[ 2026-01-24 20:15:56,558 ] 135 root - INFO -   Recall:    0.8084
[ 2026-01-24 20:15:56,558 ] 136 root - INFO -   ROC-AUC:   0.7799
[ 2026-01-24 20:15:56,558 ] 58 root - INFO - 
==================================================
[ 2026-01-24 20:15:56,558 ] 59 root - INFO - Training: Decision Tree
[ 2026-01-24 20:15:56,558 ] 60 root - INFO - ==================================================
[ 2026-01-24 20:15:56,760 ] 69 root - INFO - Decision Tree training completed
[ 2026-01-24 20:16:02,451 ] 124 root - INFO - 
Decision Tree - Training Metrics:
[ 2026-01-24 20:16:02,452 ] 125 root - INFO -   Accuracy:  0.8324
[ 2026-01-24 20:16:02,452 ] 126 root - INFO -   F1-Score:  0.8320
[ 2026-01-24 20:16:02,452 ] 127 root - INFO -   Precision: 0.8021
[ 2026-01-24 20:16:02,452 ] 128 root - INFO -   Recall:    0.8825
[ 2026-01-24 20:16:02,452 ] 129 root - INFO -   ROC-AUC:   0.8324
[ 2026-01-24 20:16:02,452 ] 131 root - INFO - 
Decision Tree - Testing Metrics:
[ 2026-01-24 20:16:02,452 ] 132 root - INFO -   Accuracy:  0.7851
[ 2026-01-24 20:16:02,452 ] 133 root - INFO -   F1-Score:  0.7948
[ 2026-01-24 20:16:02,452 ] 134 root - INFO -   Precision: 0.5677
[ 2026-01-24 20:16:02,452 ] 135 root - INFO -   Recall:    0.8030
[ 2026-01-24 20:16:02,452 ] 136 root - INFO -   ROC-AUC:   0.7908
[ 2026-01-24 20:16:02,452 ] 58 root - INFO - 
==================================================
[ 2026-01-24 20:16:02,452 ] 59 root - INFO - Training: Random Forest
[ 2026-01-24 20:16:02,452 ] 60 root - INFO - ==================================================
[ 2026-01-24 20:16:04,652 ] 69 root - INFO - Random Forest training completed
[ 2026-01-24 20:16:10,827 ] 124 root - INFO - 
Random Forest - Training Metrics:
[ 2026-01-24 20:16:10,827 ] 125 root - INFO -   Accuracy:  0.9979
[ 2026-01-24 20:16:10,827 ] 126 root - INFO -   F1-Score:  0.9979
[ 2026-01-24 20:16:10,827 ] 127 root - INFO -   Precision: 0.9963
[ 2026-01-24 20:16:10,827 ] 128 root - INFO -   Recall:    0.9995
[ 2026-01-24 20:16:10,827 ] 129 root - INFO -   ROC-AUC:   0.9979
[ 2026-01-24 20:16:10,827 ] 131 root - INFO - 
Random Forest - Testing Metrics:
[ 2026-01-24 20:16:10,827 ] 132 root - INFO -   Accuracy:  0.9865
[ 2026-01-24 20:16:10,827 ] 133 root - INFO -   F1-Score:  0.9865
[ 2026-01-24 20:16:10,828 ] 134 root - INFO -   Precision: 0.9742
[ 2026-01-24 20:16:10,828 ] 135 root - INFO -   Recall:    0.9750
[ 2026-01-24 20:16:10,828 ] 136 root - INFO -   ROC-AUC:   0.9828
[ 2026-01-24 20:16:10,828 ] 58 root - INFO - 
==================================================
[ 2026-01-24 20:16:10,828 ] 59 root - INFO - Training: Gradient Boosting
[ 2026-01-24 20:16:10,828 ] 60 root - INFO - ==================================================
[ 2026-01-24 20:16:20,419 ] 69 root - INFO - Gradient Boosting training completed
[ 2026-01-24 20:16:25,204 ] 124 root - INFO - 
Gradient Boosting - Training Metrics:
[ 2026-01-24 20:16:25,204 ] 125 root - INFO -   Accuracy:  0.9435
[ 2026-01-24 20:16:25,204 ] 126 root - INFO -   F1-Score:  0.9434
[ 2026-01-24 20:16:25,204 ] 127 root - INFO -   Precision: 0.9244
[ 2026-01-24 20:16:25,204 ] 128 root - INFO -   Recall:    0.9659
[ 2026-01-24 20:16:25,204 ] 129 root - INFO -   ROC-AUC:   0.9435
[ 2026-01-24 20:16:25,204 ] 131 root - INFO - 
Gradient Boosting - Testing Metrics:
[ 2026-01-24 20:16:25,204 ] 132 root - INFO -   Accuracy:  0.8879
[ 2026-01-24 20:16:25,204 ] 133 root - INFO -   F1-Score:  0.8901
[ 2026-01-24 20:16:25,204 ] 134 root - INFO -   Precision: 0.7541
[ 2026-01-24 20:16:25,205 ] 135 root - INFO -   Recall:    0.8583
[ 2026-01-24 20:16:25,205 ] 136 root - INFO -   ROC-AUC:   0.8785
[ 2026-01-24 20:16:25,205 ] 58 root - INFO - 
==================================================
[ 2026-01-24 20:16:25,205 ] 59 root - INFO - Training: AdaBoost
[ 2026-01-24 20:16:25,205 ] 60 root - INFO - ==================================================
[ 2026-01-24 20:16:27,053 ] 69 root - INFO - AdaBoost training completed
[ 2026-01-24 20:16:31,617 ] 124 root - INFO - 
AdaBoost - Training Metrics:
[ 2026-01-24 20:16:31,617 ] 125 root - INFO -   Accuracy:  0.7884
[ 2026-01-24 20:16:31,617 ] 126 root - INFO -   F1-Score:  0.7882
[ 2026-01-24 20:16:31,617 ] 127 root - INFO -   Precision: 0.7702
[ 2026-01-24 20:16:31,617 ] 128 root - INFO -   Recall:    0.8221
[ 2026-01-24 20:16:31,618 ] 129 root - INFO -   ROC-AUC:   0.7884
[ 2026-01-24 20:16:31,618 ] 131 root - INFO - 
AdaBoost - Testing Metrics:
[ 2026-01-24 20:16:31,618 ] 132 root - INFO -   Accuracy:  0.7732
[ 2026-01-24 20:16:31,618 ] 133 root - INFO -   F1-Score:  0.7837
[ 2026-01-24 20:16:31,618 ] 134 root - INFO -   Precision: 0.5514
[ 2026-01-24 20:16:31,618 ] 135 root - INFO -   Recall:    0.7888
[ 2026-01-24 20:16:31,618 ] 136 root - INFO -   ROC-AUC:   0.7782
[ 2026-01-24 20:16:31,618 ] 154 root - INFO - 
==================================================
[ 2026-01-24 20:16:31,618 ] 155 root - INFO - MODEL COMPARISON - Test F1-Scores:
[ 2026-01-24 20:16:31,618 ] 156 root - INFO - ==================================================
[ 2026-01-24 20:16:31,618 ] 162 root - INFO - Logistic Regression       - F1: 0.7782, Accuracy: 0.7666
[ 2026-01-24 20:16:31,618 ] 162 root - INFO - Decision Tree             - F1: 0.7948, Accuracy: 0.7851
[ 2026-01-24 20:16:31,618 ] 162 root - INFO - Random Forest             - F1: 0.9865, Accuracy: 0.9865
[ 2026-01-24 20:16:31,618 ] 162 root - INFO - Gradient Boosting         - F1: 0.8901, Accuracy: 0.8879
[ 2026-01-24 20:16:31,618 ] 162 root - INFO - AdaBoost                  - F1: 0.7837, Accuracy: 0.7732
[ 2026-01-24 20:16:31,618 ] 169 root - INFO - ==================================================
[ 2026-01-24 20:16:31,618 ] 170 root - INFO - BEST MODEL: Random Forest
[ 2026-01-24 20:16:31,618 ] 171 root - INFO -    F1-Score: 0.9865
[ 2026-01-24 20:16:31,619 ] 172 root - INFO -    Accuracy: 0.9865
[ 2026-01-24 20:16:31,619 ] 173 root - INFO - ==================================================
[ 2026-01-24 20:16:31,622 ] 312 root - INFO - Best model meets required threshold!
[ 2026-01-24 20:16:31,622 ] 315 root - INFO - Saving best model: Random Forest
[ 2026-01-24 20:16:31,668 ] 80 root - INFO - Object saved successfully at: artifacts\01_24_2026_20_15_16\model_trainer\trained_model\model.pkl
[ 2026-01-24 20:16:31,718 ] 80 root - INFO - Object saved successfully at: final_model/model.pkl
[ 2026-01-24 20:16:36,080 ] 330 root - INFO - Model saved successfully
[ 2026-01-24 20:16:36,080 ] 354 root - INFO - Model training completed successfully
[ 2026-01-24 20:16:36,080 ] 355 root - INFO - Model Trainer Artifact: ModelTrainerArtifact(trained_model_file_path='artifacts\\01_24_2026_20_15_16\\model_trainer\\trained_model\\model.pkl', train_metric_artifact=ClassificationMetricArtifact(f1_score=0.9979016973822656, precision_score=0.9962995736465289, recall_score=0.999515777580502, roc_auc_score=0.9979017028488419), test_metric_artifact=ClassificationMetricArtifact(f1_score=0.9864948090979252, precision_score=0.9741763134461264, recall_score=0.9750445632798574, roc_auc_score=0.98284184264703))
[ 2026-01-24 20:16:36,088 ] 105 root - INFO - Model Training completed
[ 2026-01-24 20:16:36,088 ] 106 root - INFO -    Model saved: artifacts\01_24_2026_20_15_16\model_trainer\trained_model\model.pkl
[ 2026-01-24 20:16:36,088 ] 109 root - INFO - 
================================================================================
[ 2026-01-24 20:16:36,088 ] 110 root - INFO - TRAINING PIPELINE COMPLETED SUCCESSFULLY!
[ 2026-01-24 20:16:36,088 ] 111 root - INFO - ================================================================================
