[ 2026-01-24 22:42:59,498 ] 1025 httpx - INFO - HTTP Request: GET https://dagshub.com/api/v1/user "HTTP/1.1 200 OK"
[ 2026-01-24 22:42:59,502 ] 107 dagshub - INFO - Accessing as Mtutuzeli-lab
[ 2026-01-24 22:43:00,932 ] 1025 httpx - INFO - HTTP Request: GET https://dagshub.com/api/v1/repos/Mtutuzeli-lab/MLOPS_End_to_End_Classification "HTTP/1.1 200 OK"
[ 2026-01-24 22:43:02,365 ] 1025 httpx - INFO - HTTP Request: GET https://dagshub.com/api/v1/user "HTTP/1.1 200 OK"
[ 2026-01-24 22:43:02,367 ] 107 dagshub - INFO - Initialized MLflow to track repo "Mtutuzeli-lab/MLOPS_End_to_End_Classification"
[ 2026-01-24 22:43:02,369 ] 107 dagshub - INFO - Repository Mtutuzeli-lab/MLOPS_End_to_End_Classification initialized!
[ 2026-01-24 22:43:02,369 ] 44 root - INFO - ================================================================================
[ 2026-01-24 22:43:02,369 ] 45 root - INFO - STARTING TRAINING PIPELINE
[ 2026-01-24 22:43:02,370 ] 46 root - INFO - ================================================================================
[ 2026-01-24 22:43:02,370 ] 52 root - INFO - 
================================================================================
[ 2026-01-24 22:43:02,370 ] 53 root - INFO - STEP 1: DATA INGESTION
[ 2026-01-24 22:43:02,370 ] 54 root - INFO - ================================================================================
[ 2026-01-24 22:43:02,370 ] 47 root - INFO - Data Ingestion Component initialized
[ 2026-01-24 22:43:02,370 ] 201 root - INFO - ==================================================
[ 2026-01-24 22:43:02,370 ] 202 root - INFO - Data Ingestion Process Started
[ 2026-01-24 22:43:02,370 ] 203 root - INFO - ==================================================
[ 2026-01-24 22:43:02,370 ] 57 root - INFO - Starting data loading from BigQuery
[ 2026-01-24 22:43:12,213 ] 65 root - INFO - Data loaded successfully from BigQuery. Shape: (21096, 20)
[ 2026-01-24 22:43:12,213 ] 66 root - INFO - Columns: ['gender', 'SeniorCitizen', 'Partner', 'Dependents', 'tenure', 'PhoneService', 'MultipleLines', 'InternetService', 'OnlineSecurity', 'OnlineBackup', 'DeviceProtection', 'TechSupport', 'StreamingTV', 'StreamingMovies', 'Contract', 'PaperlessBilling', 'PaymentMethod', 'MonthlyCharges', 'TotalCharges', 'Churn']
[ 2026-01-24 22:43:12,213 ] 169 root - INFO - Starting data validation
[ 2026-01-24 22:43:12,214 ] 180 root - INFO - Number of rows: 21096
[ 2026-01-24 22:43:12,214 ] 181 root - INFO - Number of columns: 20
[ 2026-01-24 22:43:12,221 ] 182 root - INFO - Missing values:
gender              0
SeniorCitizen       0
Partner             0
Dependents          0
tenure              0
PhoneService        0
MultipleLines       0
InternetService     0
OnlineSecurity      0
OnlineBackup        0
DeviceProtection    0
TechSupport         0
StreamingTV         0
StreamingMovies     0
Contract            0
PaperlessBilling    0
PaymentMethod       0
MonthlyCharges      0
TotalCharges        0
Churn               0
dtype: int64
[ 2026-01-24 22:43:12,225 ] 183 root - INFO - Target distribution:
Churn
0    15489
1     5607
Name: count, dtype: Int64
[ 2026-01-24 22:43:12,225 ] 185 root - INFO - Data validation completed successfully
[ 2026-01-24 22:43:12,323 ] 91 root - INFO - Raw data saved at: artifacts\raw_data.csv
[ 2026-01-24 22:43:12,323 ] 110 root - INFO - Starting train-test split
[ 2026-01-24 22:43:12,345 ] 120 root - INFO - Train set shape: (16876, 20)
[ 2026-01-24 22:43:12,345 ] 121 root - INFO - Test set shape: (4220, 20)
[ 2026-01-24 22:43:12,424 ] 146 root - INFO - Train data saved at: artifacts\train.csv
[ 2026-01-24 22:43:12,443 ] 150 root - INFO - Test data saved at: artifacts\test.csv
[ 2026-01-24 22:43:12,443 ] 220 root - INFO - ==================================================
[ 2026-01-24 22:43:12,443 ] 221 root - INFO - Data Ingestion Process Completed Successfully
[ 2026-01-24 22:43:12,443 ] 222 root - INFO - ==================================================
[ 2026-01-24 22:43:12,443 ] 60 root - INFO - Data Ingestion completed
[ 2026-01-24 22:43:12,444 ] 61 root - INFO -    Train file: artifacts\train.csv
[ 2026-01-24 22:43:12,444 ] 62 root - INFO -    Test file: artifacts\test.csv
[ 2026-01-24 22:43:12,444 ] 65 root - INFO - 
================================================================================
[ 2026-01-24 22:43:12,444 ] 66 root - INFO - STEP 2: DATA VALIDATION
[ 2026-01-24 22:43:12,444 ] 67 root - INFO - ================================================================================
[ 2026-01-24 22:43:12,444 ] 78 root - INFO - Data Validation Component initialized
[ 2026-01-24 22:43:12,444 ] 236 root - INFO - Entered initiate_data_validation method
[ 2026-01-24 22:43:12,444 ] 242 root - INFO - Reading train data from: artifacts\train.csv
[ 2026-01-24 22:43:12,505 ] 245 root - INFO - Reading test data from: artifacts\test.csv
[ 2026-01-24 22:43:12,533 ] 248 root - INFO - Train data shape: (16876, 20)
[ 2026-01-24 22:43:12,533 ] 249 root - INFO - Test data shape: (4220, 20)
[ 2026-01-24 22:43:12,533 ] 110 root - INFO - Number of columns: 20
[ 2026-01-24 22:43:12,533 ] 110 root - INFO - Number of columns: 20
[ 2026-01-24 22:43:12,534 ] 198 root - INFO - Base columns: ['gender', 'SeniorCitizen', 'Partner', 'Dependents', 'tenure', 'PhoneService', 'MultipleLines', 'InternetService', 'OnlineSecurity', 'OnlineBackup', 'DeviceProtection', 'TechSupport', 'StreamingTV', 'StreamingMovies', 'Contract', 'PaperlessBilling', 'PaymentMethod', 'MonthlyCharges', 'TotalCharges', 'Churn']
[ 2026-01-24 22:43:12,534 ] 199 root - INFO - Current columns: ['gender', 'SeniorCitizen', 'Partner', 'Dependents', 'tenure', 'PhoneService', 'MultipleLines', 'InternetService', 'OnlineSecurity', 'OnlineBackup', 'DeviceProtection', 'TechSupport', 'StreamingTV', 'StreamingMovies', 'Contract', 'PaperlessBilling', 'PaymentMethod', 'MonthlyCharges', 'TotalCharges', 'Churn']
[ 2026-01-24 22:43:12,534 ] 212 root - INFO - All required columns are present
[ 2026-01-24 22:43:12,534 ] 275 root - INFO - Target column 'Churn' found in both datasets
[ 2026-01-24 22:43:12,534 ] 144 root - INFO - Starting data drift detection
[ 2026-01-24 22:43:12,541 ] 170 root - INFO - No drift in column: SeniorCitizen (p-value: 0.9996)
[ 2026-01-24 22:43:12,544 ] 170 root - INFO - No drift in column: tenure (p-value: 0.8670)
[ 2026-01-24 22:43:12,547 ] 170 root - INFO - No drift in column: MonthlyCharges (p-value: 0.9791)
[ 2026-01-24 22:43:12,549 ] 170 root - INFO - No drift in column: TotalCharges (p-value: 0.9995)
[ 2026-01-24 22:43:12,552 ] 170 root - INFO - No drift in column: Churn (p-value: 1.0000)
[ 2026-01-24 22:43:12,552 ] 173 root - INFO - No significant data drift detected
[ 2026-01-24 22:43:12,554 ] 131 root - INFO - YAML file saved successfully at: artifacts\01_24_2026_22_42_56\data_validation\drift_report\report.yaml
[ 2026-01-24 22:43:12,554 ] 289 root - INFO - Drift report saved at: artifacts\01_24_2026_22_42_56\data_validation\drift_report\report.yaml
[ 2026-01-24 22:43:12,555 ] 300 root - INFO - Validation passed - saving valid data files
[ 2026-01-24 22:43:12,691 ] 347 root - INFO - Data validation completed successfully
[ 2026-01-24 22:43:12,691 ] 348 root - INFO - Validation Artifact: DataValidationArtifact(validation_status=True, valid_train_file_path='artifacts\\01_24_2026_22_42_56\\data_validation\\validated\\train.csv', valid_test_file_path='artifacts\\01_24_2026_22_42_56\\data_validation\\validated\\test.csv', invalid_train_file_path='artifacts\\01_24_2026_22_42_56\\data_validation\\invalid\\train.csv', invalid_test_file_path='artifacts\\01_24_2026_22_42_56\\data_validation\\invalid\\test.csv', drift_report_file_path='artifacts\\01_24_2026_22_42_56\\data_validation\\drift_report\\report.yaml')
[ 2026-01-24 22:43:12,692 ] 76 root - INFO - Data Validation completed
[ 2026-01-24 22:43:12,692 ] 77 root - INFO -    Validation Status: True
[ 2026-01-24 22:43:12,692 ] 78 root - INFO -    Valid train file: artifacts\01_24_2026_22_42_56\data_validation\validated\train.csv
[ 2026-01-24 22:43:12,692 ] 79 root - INFO -    Drift report: artifacts\01_24_2026_22_42_56\data_validation\drift_report\report.yaml
[ 2026-01-24 22:43:12,692 ] 82 root - INFO - 
================================================================================
[ 2026-01-24 22:43:12,692 ] 83 root - INFO - STEP 3: DATA TRANSFORMATION
[ 2026-01-24 22:43:12,692 ] 84 root - INFO - ================================================================================
[ 2026-01-24 22:43:12,692 ] 73 root - INFO - Data Transformation Component initialized
[ 2026-01-24 22:43:12,692 ] 172 root - INFO - Entered initiate_data_transformation method of DataTransformation class
[ 2026-01-24 22:43:12,692 ] 175 root - INFO - Starting data transformation
[ 2026-01-24 22:43:12,797 ] 185 root - INFO - Train data shape: (16876, 20)
[ 2026-01-24 22:43:12,797 ] 186 root - INFO - Test data shape: (4220, 20)
[ 2026-01-24 22:43:12,798 ] 195 root - INFO - Training features shape: (16876, 19)
[ 2026-01-24 22:43:12,798 ] 196 root - INFO - Training target shape: (16876,)
[ 2026-01-24 22:43:12,800 ] 203 root - INFO - Testing features shape: (4220, 19)
[ 2026-01-24 22:43:12,800 ] 204 root - INFO - Testing target shape: (4220,)
[ 2026-01-24 22:43:12,800 ] 107 root - INFO - Entered get_data_transformer_object method of DataTransformation class
[ 2026-01-24 22:43:12,803 ] 120 root - INFO - Categorical features: ['gender', 'Partner', 'Dependents', 'PhoneService', 'MultipleLines', 'InternetService', 'OnlineSecurity', 'OnlineBackup', 'DeviceProtection', 'TechSupport', 'StreamingTV', 'StreamingMovies', 'Contract', 'PaperlessBilling', 'PaymentMethod']
[ 2026-01-24 22:43:12,803 ] 121 root - INFO - Numerical features: ['SeniorCitizen', 'tenure', 'MonthlyCharges', 'TotalCharges']
[ 2026-01-24 22:43:12,804 ] 147 root - INFO - Created preprocessing pipeline with encoding, scaling, and imputation
[ 2026-01-24 22:43:12,933 ] 211 root - INFO - Preprocessor fitted on training data
[ 2026-01-24 22:43:13,060 ] 217 root - INFO - Features transformed using fitted preprocessor
[ 2026-01-24 22:43:13,061 ] 230 root - INFO - Final train array shape: (16876, 31)
[ 2026-01-24 22:43:13,062 ] 231 root - INFO - Final test array shape: (4220, 31)
[ 2026-01-24 22:43:13,066 ] 36 root - INFO - Numpy array saved successfully at: artifacts\01_24_2026_22_42_56\data_transformation\transformed\train.npy
[ 2026-01-24 22:43:13,067 ] 36 root - INFO - Numpy array saved successfully at: artifacts\01_24_2026_22_42_56\data_transformation\transformed\test.npy
[ 2026-01-24 22:43:13,071 ] 80 root - INFO - Object saved successfully at: artifacts\01_24_2026_22_42_56\data_transformation\transformed_object\preprocessor.pkl
[ 2026-01-24 22:43:13,075 ] 80 root - INFO - Object saved successfully at: final_model/preprocessor.pkl
[ 2026-01-24 22:43:13,075 ] 255 root - INFO - Preprocessor object saved successfully
[ 2026-01-24 22:43:13,075 ] 264 root - INFO - Data transformation completed successfully
[ 2026-01-24 22:43:13,075 ] 265 root - INFO - Transformation Artifact: DataTransformationArtifact(transformed_object_file_path='artifacts\\01_24_2026_22_42_56\\data_transformation\\transformed_object\\preprocessor.pkl', transformed_train_file_path='artifacts\\01_24_2026_22_42_56\\data_transformation\\transformed\\train.npy', transformed_test_file_path='artifacts\\01_24_2026_22_42_56\\data_transformation\\transformed\\test.npy')
[ 2026-01-24 22:43:13,077 ] 93 root - INFO - Data Transformation completed
[ 2026-01-24 22:43:13,077 ] 94 root - INFO -    Transformed train: artifacts\01_24_2026_22_42_56\data_transformation\transformed\train.npy
[ 2026-01-24 22:43:13,077 ] 95 root - INFO -    Transformed test: artifacts\01_24_2026_22_42_56\data_transformation\transformed\test.npy
[ 2026-01-24 22:43:13,077 ] 96 root - INFO -    Preprocessor: artifacts\01_24_2026_22_42_56\data_transformation\transformed_object\preprocessor.pkl
[ 2026-01-24 22:43:13,077 ] 99 root - INFO - 
================================================================================
[ 2026-01-24 22:43:13,077 ] 100 root - INFO - STEP 4: MODEL TRAINING
[ 2026-01-24 22:43:13,077 ] 101 root - INFO - ================================================================================
[ 2026-01-24 22:43:13,077 ] 46 root - INFO - Model Trainer Component initialized
[ 2026-01-24 22:43:13,078 ] 182 root - INFO - Entered initiate_model_trainer method
[ 2026-01-24 22:43:15,201 ] 189 root - INFO - Loading transformed train and test arrays
[ 2026-01-24 22:43:15,225 ] 56 root - INFO - Numpy array loaded successfully from: artifacts\01_24_2026_22_42_56\data_transformation\transformed\train.npy
[ 2026-01-24 22:43:15,247 ] 56 root - INFO - Numpy array loaded successfully from: artifacts\01_24_2026_22_42_56\data_transformation\transformed\test.npy
[ 2026-01-24 22:43:15,247 ] 197 root - INFO - Train array shape: (16876, 31)
[ 2026-01-24 22:43:15,247 ] 198 root - INFO - Test array shape: (4220, 31)
[ 2026-01-24 22:43:15,247 ] 204 root - INFO - X_train shape: (16876, 30), y_train shape: (16876,)
[ 2026-01-24 22:43:15,247 ] 205 root - INFO - X_test shape: (4220, 30), y_test shape: (4220,)
[ 2026-01-24 22:43:15,602 ] 217 root - INFO - Original class distribution: {np.float64(0.0): np.int64(12391), np.float64(1.0): np.int64(4485)}
[ 2026-01-24 22:43:15,602 ] 224 root - INFO - Imbalance ratio: 0.3620
[ 2026-01-24 22:43:15,955 ] 229 root - INFO - Imbalanced dataset detected! Applying SMOTE...
[ 2026-01-24 22:43:18,396 ] 235 root - INFO - Balanced class distribution: {np.float64(0.0): np.int64(12391), np.float64(1.0): np.int64(12391)}
[ 2026-01-24 22:43:18,396 ] 236 root - INFO - SMOTE applied: 16876 -> 24782 samples
[ 2026-01-24 22:43:19,118 ] 55 root - INFO - Evaluating 5 models
[ 2026-01-24 22:43:19,118 ] 58 root - INFO - 
==================================================
[ 2026-01-24 22:43:19,118 ] 59 root - INFO - Training: Logistic Regression
[ 2026-01-24 22:43:19,118 ] 60 root - INFO - ==================================================
[ 2026-01-24 22:43:20,035 ] 69 root - INFO - Logistic Regression training completed
