[ 2026-01-21 23:18:56,693 ] 39 root - INFO - ================================================================================
[ 2026-01-21 23:18:56,694 ] 40 root - INFO - STARTING TRAINING PIPELINE
[ 2026-01-21 23:18:56,694 ] 41 root - INFO - ================================================================================
[ 2026-01-21 23:18:56,694 ] 47 root - INFO - 
================================================================================
[ 2026-01-21 23:18:56,694 ] 48 root - INFO - STEP 1: DATA INGESTION
[ 2026-01-21 23:18:56,694 ] 49 root - INFO - ================================================================================
[ 2026-01-21 23:18:56,696 ] 47 root - INFO - Data Ingestion Component initialized
[ 2026-01-21 23:18:56,696 ] 201 root - INFO - ==================================================
[ 2026-01-21 23:18:56,696 ] 202 root - INFO - Data Ingestion Process Started
[ 2026-01-21 23:18:56,696 ] 203 root - INFO - ==================================================
[ 2026-01-21 23:18:56,696 ] 57 root - INFO - Starting data loading from BigQuery
[ 2026-01-21 23:19:09,025 ] 65 root - INFO - Data loaded successfully from BigQuery. Shape: (21096, 20)
[ 2026-01-21 23:19:09,026 ] 66 root - INFO - Columns: ['gender', 'SeniorCitizen', 'Partner', 'Dependents', 'tenure', 'PhoneService', 'MultipleLines', 'InternetService', 'OnlineSecurity', 'OnlineBackup', 'DeviceProtection', 'TechSupport', 'StreamingTV', 'StreamingMovies', 'Contract', 'PaperlessBilling', 'PaymentMethod', 'MonthlyCharges', 'TotalCharges', 'Churn']
[ 2026-01-21 23:19:09,026 ] 169 root - INFO - Starting data validation
[ 2026-01-21 23:19:09,026 ] 180 root - INFO - Number of rows: 21096
[ 2026-01-21 23:19:09,026 ] 181 root - INFO - Number of columns: 20
[ 2026-01-21 23:19:09,036 ] 182 root - INFO - Missing values:
gender              0
SeniorCitizen       0
Partner             0
Dependents          0
tenure              0
PhoneService        0
MultipleLines       0
InternetService     0
OnlineSecurity      0
OnlineBackup        0
DeviceProtection    0
TechSupport         0
StreamingTV         0
StreamingMovies     0
Contract            0
PaperlessBilling    0
PaymentMethod       0
MonthlyCharges      0
TotalCharges        0
Churn               0
dtype: int64
[ 2026-01-21 23:19:09,037 ] 183 root - INFO - Target distribution:
Churn
0    15489
1     5607
Name: count, dtype: Int64
[ 2026-01-21 23:19:09,037 ] 185 root - INFO - Data validation completed successfully
[ 2026-01-21 23:19:09,118 ] 91 root - INFO - Raw data saved at: artifacts\raw_data.csv
[ 2026-01-21 23:19:09,118 ] 110 root - INFO - Starting train-test split
[ 2026-01-21 23:19:09,132 ] 120 root - INFO - Train set shape: (16876, 20)
[ 2026-01-21 23:19:09,132 ] 121 root - INFO - Test set shape: (4220, 20)
[ 2026-01-21 23:19:09,194 ] 146 root - INFO - Train data saved at: artifacts\train.csv
[ 2026-01-21 23:19:09,208 ] 150 root - INFO - Test data saved at: artifacts\test.csv
[ 2026-01-21 23:19:09,208 ] 220 root - INFO - ==================================================
[ 2026-01-21 23:19:09,208 ] 221 root - INFO - Data Ingestion Process Completed Successfully
[ 2026-01-21 23:19:09,208 ] 222 root - INFO - ==================================================
[ 2026-01-21 23:19:09,208 ] 55 root - INFO - \u2705 Data Ingestion completed
[ 2026-01-21 23:19:09,208 ] 56 root - INFO -    Train file: artifacts\train.csv
[ 2026-01-21 23:19:09,209 ] 57 root - INFO -    Test file: artifacts\test.csv
[ 2026-01-21 23:19:09,209 ] 60 root - INFO - 
================================================================================
[ 2026-01-21 23:19:09,209 ] 61 root - INFO - STEP 2: DATA VALIDATION
[ 2026-01-21 23:19:09,209 ] 62 root - INFO - ================================================================================
[ 2026-01-21 23:19:09,209 ] 78 root - INFO - Data Validation Component initialized
[ 2026-01-21 23:19:09,209 ] 236 root - INFO - Entered initiate_data_validation method
[ 2026-01-21 23:19:09,209 ] 242 root - INFO - Reading train data from: artifacts\train.csv
[ 2026-01-21 23:19:09,246 ] 245 root - INFO - Reading test data from: artifacts\test.csv
[ 2026-01-21 23:19:09,265 ] 248 root - INFO - Train data shape: (16876, 20)
[ 2026-01-21 23:19:09,265 ] 249 root - INFO - Test data shape: (4220, 20)
[ 2026-01-21 23:19:09,265 ] 110 root - INFO - Number of columns: 20
[ 2026-01-21 23:19:09,265 ] 110 root - INFO - Number of columns: 20
[ 2026-01-21 23:19:09,265 ] 198 root - INFO - Base columns: ['gender', 'SeniorCitizen', 'Partner', 'Dependents', 'tenure', 'PhoneService', 'MultipleLines', 'InternetService', 'OnlineSecurity', 'OnlineBackup', 'DeviceProtection', 'TechSupport', 'StreamingTV', 'StreamingMovies', 'Contract', 'PaperlessBilling', 'PaymentMethod', 'MonthlyCharges', 'TotalCharges', 'Churn']
[ 2026-01-21 23:19:09,265 ] 199 root - INFO - Current columns: ['gender', 'SeniorCitizen', 'Partner', 'Dependents', 'tenure', 'PhoneService', 'MultipleLines', 'InternetService', 'OnlineSecurity', 'OnlineBackup', 'DeviceProtection', 'TechSupport', 'StreamingTV', 'StreamingMovies', 'Contract', 'PaperlessBilling', 'PaymentMethod', 'MonthlyCharges', 'TotalCharges', 'Churn']
[ 2026-01-21 23:19:09,265 ] 212 root - INFO - All required columns are present
[ 2026-01-21 23:19:09,265 ] 275 root - INFO - Target column 'Churn' found in both datasets
[ 2026-01-21 23:19:09,265 ] 144 root - INFO - Starting data drift detection
[ 2026-01-21 23:19:09,268 ] 170 root - INFO - No drift in column: SeniorCitizen (p-value: 0.9996)
[ 2026-01-21 23:19:09,270 ] 170 root - INFO - No drift in column: tenure (p-value: 0.8670)
[ 2026-01-21 23:19:09,272 ] 170 root - INFO - No drift in column: MonthlyCharges (p-value: 0.9791)
[ 2026-01-21 23:19:09,273 ] 170 root - INFO - No drift in column: TotalCharges (p-value: 0.9995)
[ 2026-01-21 23:19:09,275 ] 170 root - INFO - No drift in column: Churn (p-value: 1.0000)
[ 2026-01-21 23:19:09,275 ] 173 root - INFO - No significant data drift detected
[ 2026-01-21 23:19:09,278 ] 131 root - INFO - YAML file saved successfully at: artifacts\01_21_2026_23_18_56\data_validation\drift_report\report.yaml
[ 2026-01-21 23:19:09,278 ] 289 root - INFO - Drift report saved at: artifacts\01_21_2026_23_18_56\data_validation\drift_report\report.yaml
[ 2026-01-21 23:19:09,278 ] 300 root - INFO - Validation passed - saving valid data files
[ 2026-01-21 23:19:09,350 ] 347 root - INFO - Data validation completed successfully
[ 2026-01-21 23:19:09,351 ] 348 root - INFO - Validation Artifact: DataValidationArtifact(validation_status=True, valid_train_file_path='artifacts\\01_21_2026_23_18_56\\data_validation\\validated\\train.csv', valid_test_file_path='artifacts\\01_21_2026_23_18_56\\data_validation\\validated\\test.csv', invalid_train_file_path='artifacts\\01_21_2026_23_18_56\\data_validation\\invalid\\train.csv', invalid_test_file_path='artifacts\\01_21_2026_23_18_56\\data_validation\\invalid\\test.csv', drift_report_file_path='artifacts\\01_21_2026_23_18_56\\data_validation\\drift_report\\report.yaml')
[ 2026-01-21 23:19:09,351 ] 71 root - INFO - \u2705 Data Validation completed
[ 2026-01-21 23:19:09,351 ] 72 root - INFO -    Validation Status: True
[ 2026-01-21 23:19:09,351 ] 73 root - INFO -    Valid train file: artifacts\01_21_2026_23_18_56\data_validation\validated\train.csv
[ 2026-01-21 23:19:09,351 ] 74 root - INFO -    Drift report: artifacts\01_21_2026_23_18_56\data_validation\drift_report\report.yaml
[ 2026-01-21 23:19:09,352 ] 77 root - INFO - 
================================================================================
[ 2026-01-21 23:19:09,352 ] 78 root - INFO - STEP 3: DATA TRANSFORMATION
[ 2026-01-21 23:19:09,352 ] 79 root - INFO - ================================================================================
[ 2026-01-21 23:19:09,352 ] 73 root - INFO - Data Transformation Component initialized
[ 2026-01-21 23:19:09,352 ] 172 root - INFO - Entered initiate_data_transformation method of DataTransformation class
[ 2026-01-21 23:19:09,352 ] 175 root - INFO - Starting data transformation
[ 2026-01-21 23:19:09,413 ] 185 root - INFO - Train data shape: (16876, 20)
[ 2026-01-21 23:19:09,413 ] 186 root - INFO - Test data shape: (4220, 20)
[ 2026-01-21 23:19:09,416 ] 195 root - INFO - Training features shape: (16876, 19)
[ 2026-01-21 23:19:09,416 ] 196 root - INFO - Training target shape: (16876,)
[ 2026-01-21 23:19:09,417 ] 203 root - INFO - Testing features shape: (4220, 19)
[ 2026-01-21 23:19:09,417 ] 204 root - INFO - Testing target shape: (4220,)
[ 2026-01-21 23:19:09,417 ] 107 root - INFO - Entered get_data_transformer_object method of DataTransformation class
[ 2026-01-21 23:19:09,422 ] 120 root - INFO - Categorical features: ['gender', 'Partner', 'Dependents', 'PhoneService', 'MultipleLines', 'InternetService', 'OnlineSecurity', 'OnlineBackup', 'DeviceProtection', 'TechSupport', 'StreamingTV', 'StreamingMovies', 'Contract', 'PaperlessBilling', 'PaymentMethod']
[ 2026-01-21 23:19:09,422 ] 121 root - INFO - Numerical features: ['SeniorCitizen', 'tenure', 'MonthlyCharges', 'TotalCharges']
[ 2026-01-21 23:19:09,422 ] 147 root - INFO - Created preprocessing pipeline with encoding, scaling, and imputation
[ 2026-01-21 23:19:09,490 ] 211 root - INFO - Preprocessor fitted on training data
[ 2026-01-21 23:19:09,572 ] 217 root - INFO - Features transformed using fitted preprocessor
[ 2026-01-21 23:19:09,573 ] 230 root - INFO - Final train array shape: (16876, 31)
[ 2026-01-21 23:19:09,574 ] 231 root - INFO - Final test array shape: (4220, 31)
[ 2026-01-21 23:19:09,578 ] 36 root - INFO - Numpy array saved successfully at: artifacts\01_21_2026_23_18_56\data_transformation\transformed\train.npy
[ 2026-01-21 23:19:09,579 ] 36 root - INFO - Numpy array saved successfully at: artifacts\01_21_2026_23_18_56\data_transformation\transformed\test.npy
[ 2026-01-21 23:19:09,584 ] 80 root - INFO - Object saved successfully at: artifacts\01_21_2026_23_18_56\data_transformation\transformed_object\preprocessor.pkl
[ 2026-01-21 23:19:09,588 ] 80 root - INFO - Object saved successfully at: final_model/preprocessor.pkl
[ 2026-01-21 23:19:09,589 ] 255 root - INFO - Preprocessor object saved successfully
[ 2026-01-21 23:19:09,589 ] 264 root - INFO - Data transformation completed successfully
[ 2026-01-21 23:19:09,589 ] 265 root - INFO - Transformation Artifact: DataTransformationArtifact(transformed_object_file_path='artifacts\\01_21_2026_23_18_56\\data_transformation\\transformed_object\\preprocessor.pkl', transformed_train_file_path='artifacts\\01_21_2026_23_18_56\\data_transformation\\transformed\\train.npy', transformed_test_file_path='artifacts\\01_21_2026_23_18_56\\data_transformation\\transformed\\test.npy')
[ 2026-01-21 23:19:09,592 ] 88 root - INFO - \u2705 Data Transformation completed
[ 2026-01-21 23:19:09,592 ] 89 root - INFO -    Transformed train: artifacts\01_21_2026_23_18_56\data_transformation\transformed\train.npy
[ 2026-01-21 23:19:09,592 ] 90 root - INFO -    Transformed test: artifacts\01_21_2026_23_18_56\data_transformation\transformed\test.npy
[ 2026-01-21 23:19:09,592 ] 91 root - INFO -    Preprocessor: artifacts\01_21_2026_23_18_56\data_transformation\transformed_object\preprocessor.pkl
[ 2026-01-21 23:19:09,592 ] 94 root - INFO - 
================================================================================
[ 2026-01-21 23:19:09,592 ] 95 root - INFO - STEP 4: MODEL TRAINING
[ 2026-01-21 23:19:09,592 ] 96 root - INFO - ================================================================================
[ 2026-01-21 23:19:09,592 ] 44 root - INFO - Model Trainer Component initialized
[ 2026-01-21 23:19:09,592 ] 158 root - INFO - Entered initiate_model_trainer method
[ 2026-01-21 23:19:09,592 ] 161 root - INFO - Loading transformed train and test arrays
[ 2026-01-21 23:19:09,606 ] 56 root - INFO - Numpy array loaded successfully from: artifacts\01_21_2026_23_18_56\data_transformation\transformed\train.npy
[ 2026-01-21 23:19:09,619 ] 56 root - INFO - Numpy array loaded successfully from: artifacts\01_21_2026_23_18_56\data_transformation\transformed\test.npy
[ 2026-01-21 23:19:09,620 ] 169 root - INFO - Train array shape: (16876, 31)
[ 2026-01-21 23:19:09,620 ] 170 root - INFO - Test array shape: (4220, 31)
[ 2026-01-21 23:19:09,620 ] 176 root - INFO - X_train shape: (16876, 30), y_train shape: (16876,)
[ 2026-01-21 23:19:09,620 ] 177 root - INFO - X_test shape: (4220, 30), y_test shape: (4220,)
[ 2026-01-21 23:19:09,620 ] 182 root - INFO - Original class distribution: {np.float64(0.0): np.int64(12391), np.float64(1.0): np.int64(4485)}
[ 2026-01-21 23:19:09,620 ] 189 root - INFO - Imbalance ratio: 0.3620
[ 2026-01-21 23:19:09,620 ] 193 root - INFO - \u2696\ufe0f  Imbalanced dataset detected! Applying SMOTE...
[ 2026-01-21 23:19:09,790 ] 199 root - INFO - Balanced class distribution: {np.float64(0.0): np.int64(12391), np.float64(1.0): np.int64(12391)}
[ 2026-01-21 23:19:09,790 ] 200 root - INFO - \u2705 SMOTE applied: 16876 \u2192 24782 samples
[ 2026-01-21 23:19:09,790 ] 53 root - INFO - Evaluating 5 models
[ 2026-01-21 23:19:09,790 ] 56 root - INFO - 
==================================================
[ 2026-01-21 23:19:09,790 ] 57 root - INFO - Training: Logistic Regression
[ 2026-01-21 23:19:09,791 ] 58 root - INFO - ==================================================
[ 2026-01-21 23:19:10,074 ] 62 root - INFO - Logistic Regression training completed
[ 2026-01-21 23:19:10,107 ] 100 root - INFO - 
Logistic Regression - Training Metrics:
[ 2026-01-21 23:19:10,107 ] 101 root - INFO -   Accuracy:  0.7721
[ 2026-01-21 23:19:10,107 ] 102 root - INFO -   F1-Score:  0.7717
[ 2026-01-21 23:19:10,107 ] 103 root - INFO -   Precision: 0.7534
[ 2026-01-21 23:19:10,107 ] 104 root - INFO -   Recall:    0.8089
[ 2026-01-21 23:19:10,107 ] 105 root - INFO -   ROC-AUC:   0.7721
[ 2026-01-21 23:19:10,107 ] 107 root - INFO - 
Logistic Regression - Testing Metrics:
[ 2026-01-21 23:19:10,108 ] 108 root - INFO -   Accuracy:  0.7661
[ 2026-01-21 23:19:10,108 ] 109 root - INFO -   F1-Score:  0.7778
[ 2026-01-21 23:19:10,108 ] 110 root - INFO -   Precision: 0.5402
[ 2026-01-21 23:19:10,108 ] 111 root - INFO -   Recall:    0.8084
[ 2026-01-21 23:19:10,108 ] 112 root - INFO -   ROC-AUC:   0.7796
[ 2026-01-21 23:19:10,108 ] 56 root - INFO - 
==================================================
[ 2026-01-21 23:19:10,108 ] 57 root - INFO - Training: Decision Tree
[ 2026-01-21 23:19:10,108 ] 58 root - INFO - ==================================================
[ 2026-01-21 23:19:10,262 ] 62 root - INFO - Decision Tree training completed
[ 2026-01-21 23:19:10,298 ] 100 root - INFO - 
Decision Tree - Training Metrics:
[ 2026-01-21 23:19:10,298 ] 101 root - INFO -   Accuracy:  0.8324
[ 2026-01-21 23:19:10,298 ] 102 root - INFO -   F1-Score:  0.8320
[ 2026-01-21 23:19:10,298 ] 103 root - INFO -   Precision: 0.8021
[ 2026-01-21 23:19:10,298 ] 104 root - INFO -   Recall:    0.8825
[ 2026-01-21 23:19:10,298 ] 105 root - INFO -   ROC-AUC:   0.8324
[ 2026-01-21 23:19:10,298 ] 107 root - INFO - 
Decision Tree - Testing Metrics:
[ 2026-01-21 23:19:10,298 ] 108 root - INFO -   Accuracy:  0.7851
[ 2026-01-21 23:19:10,298 ] 109 root - INFO -   F1-Score:  0.7948
[ 2026-01-21 23:19:10,298 ] 110 root - INFO -   Precision: 0.5677
[ 2026-01-21 23:19:10,298 ] 111 root - INFO -   Recall:    0.8030
[ 2026-01-21 23:19:10,298 ] 112 root - INFO -   ROC-AUC:   0.7908
[ 2026-01-21 23:19:10,298 ] 56 root - INFO - 
==================================================
[ 2026-01-21 23:19:10,299 ] 57 root - INFO - Training: Random Forest
[ 2026-01-21 23:19:10,299 ] 58 root - INFO - ==================================================
[ 2026-01-21 23:19:12,311 ] 62 root - INFO - Random Forest training completed
[ 2026-01-21 23:19:12,660 ] 100 root - INFO - 
Random Forest - Training Metrics:
[ 2026-01-21 23:19:12,660 ] 101 root - INFO -   Accuracy:  0.9979
[ 2026-01-21 23:19:12,660 ] 102 root - INFO -   F1-Score:  0.9979
[ 2026-01-21 23:19:12,660 ] 103 root - INFO -   Precision: 0.9963
[ 2026-01-21 23:19:12,660 ] 104 root - INFO -   Recall:    0.9995
[ 2026-01-21 23:19:12,660 ] 105 root - INFO -   ROC-AUC:   0.9979
[ 2026-01-21 23:19:12,660 ] 107 root - INFO - 
Random Forest - Testing Metrics:
[ 2026-01-21 23:19:12,661 ] 108 root - INFO -   Accuracy:  0.9858
[ 2026-01-21 23:19:12,661 ] 109 root - INFO -   F1-Score:  0.9858
[ 2026-01-21 23:19:12,661 ] 110 root - INFO -   Precision: 0.9741
[ 2026-01-21 23:19:12,661 ] 111 root - INFO -   Recall:    0.9724
[ 2026-01-21 23:19:12,661 ] 112 root - INFO -   ROC-AUC:   0.9815
[ 2026-01-21 23:19:12,661 ] 56 root - INFO - 
==================================================
[ 2026-01-21 23:19:12,661 ] 57 root - INFO - Training: Gradient Boosting
[ 2026-01-21 23:19:12,661 ] 58 root - INFO - ==================================================
[ 2026-01-21 23:19:21,314 ] 62 root - INFO - Gradient Boosting training completed
[ 2026-01-21 23:19:21,420 ] 100 root - INFO - 
Gradient Boosting - Training Metrics:
[ 2026-01-21 23:19:21,420 ] 101 root - INFO -   Accuracy:  0.9455
[ 2026-01-21 23:19:21,420 ] 102 root - INFO -   F1-Score:  0.9455
[ 2026-01-21 23:19:21,420 ] 103 root - INFO -   Precision: 0.9263
[ 2026-01-21 23:19:21,420 ] 104 root - INFO -   Recall:    0.9680
[ 2026-01-21 23:19:21,420 ] 105 root - INFO -   ROC-AUC:   0.9455
[ 2026-01-21 23:19:21,420 ] 107 root - INFO - 
Gradient Boosting - Testing Metrics:
[ 2026-01-21 23:19:21,420 ] 108 root - INFO -   Accuracy:  0.8903
[ 2026-01-21 23:19:21,420 ] 109 root - INFO -   F1-Score:  0.8924
[ 2026-01-21 23:19:21,420 ] 110 root - INFO -   Precision: 0.7580
[ 2026-01-21 23:19:21,420 ] 111 root - INFO -   Recall:    0.8627
[ 2026-01-21 23:19:21,420 ] 112 root - INFO -   ROC-AUC:   0.8815
[ 2026-01-21 23:19:21,421 ] 56 root - INFO - 
==================================================
[ 2026-01-21 23:19:21,421 ] 57 root - INFO - Training: AdaBoost
[ 2026-01-21 23:19:21,421 ] 58 root - INFO - ==================================================
[ 2026-01-21 23:19:23,381 ] 62 root - INFO - AdaBoost training completed
[ 2026-01-21 23:19:23,626 ] 100 root - INFO - 
AdaBoost - Training Metrics:
[ 2026-01-21 23:19:23,626 ] 101 root - INFO -   Accuracy:  0.7884
[ 2026-01-21 23:19:23,626 ] 102 root - INFO -   F1-Score:  0.7882
[ 2026-01-21 23:19:23,627 ] 103 root - INFO -   Precision: 0.7702
[ 2026-01-21 23:19:23,627 ] 104 root - INFO -   Recall:    0.8221
[ 2026-01-21 23:19:23,627 ] 105 root - INFO -   ROC-AUC:   0.7884
[ 2026-01-21 23:19:23,627 ] 107 root - INFO - 
AdaBoost - Testing Metrics:
[ 2026-01-21 23:19:23,627 ] 108 root - INFO -   Accuracy:  0.7732
[ 2026-01-21 23:19:23,627 ] 109 root - INFO -   F1-Score:  0.7837
[ 2026-01-21 23:19:23,627 ] 110 root - INFO -   Precision: 0.5514
[ 2026-01-21 23:19:23,627 ] 111 root - INFO -   Recall:    0.7888
[ 2026-01-21 23:19:23,627 ] 112 root - INFO -   ROC-AUC:   0.7782
[ 2026-01-21 23:19:23,627 ] 130 root - INFO - 
==================================================
[ 2026-01-21 23:19:23,627 ] 131 root - INFO - MODEL COMPARISON - Test F1-Scores:
[ 2026-01-21 23:19:23,627 ] 132 root - INFO - ==================================================
[ 2026-01-21 23:19:23,627 ] 138 root - INFO - Logistic Regression       - F1: 0.7778, Accuracy: 0.7661
[ 2026-01-21 23:19:23,627 ] 138 root - INFO - Decision Tree             - F1: 0.7948, Accuracy: 0.7851
[ 2026-01-21 23:19:23,627 ] 138 root - INFO - Random Forest             - F1: 0.9858, Accuracy: 0.9858
[ 2026-01-21 23:19:23,627 ] 138 root - INFO - Gradient Boosting         - F1: 0.8924, Accuracy: 0.8903
[ 2026-01-21 23:19:23,627 ] 138 root - INFO - AdaBoost                  - F1: 0.7837, Accuracy: 0.7732
[ 2026-01-21 23:19:23,627 ] 145 root - INFO - ==================================================
[ 2026-01-21 23:19:23,627 ] 146 root - INFO - \U0001f3c6 BEST MODEL: Random Forest
[ 2026-01-21 23:19:23,628 ] 147 root - INFO -    F1-Score: 0.9858
[ 2026-01-21 23:19:23,628 ] 148 root - INFO -    Accuracy: 0.9858
[ 2026-01-21 23:19:23,628 ] 149 root - INFO - ==================================================
[ 2026-01-21 23:19:23,628 ] 268 root - INFO - \u2705 Best model meets required threshold!
[ 2026-01-21 23:19:23,628 ] 271 root - INFO - Saving best model: Random Forest
[ 2026-01-21 23:19:23,667 ] 80 root - INFO - Object saved successfully at: artifacts\01_21_2026_23_18_56\model_trainer\trained_model\model.pkl
[ 2026-01-21 23:19:23,712 ] 80 root - INFO - Object saved successfully at: final_model/model.pkl
[ 2026-01-21 23:19:23,712 ] 282 root - INFO - Model saved successfully
[ 2026-01-21 23:19:23,713 ] 306 root - INFO - Model training completed successfully
[ 2026-01-21 23:19:23,713 ] 307 root - INFO - Model Trainer Artifact: ModelTrainerArtifact(trained_model_file_path='artifacts\\01_21_2026_23_18_56\\model_trainer\\trained_model\\model.pkl', train_metric_artifact=ClassificationMetricArtifact(f1_score=0.9979016973822656, precision_score=0.9962995736465289, recall_score=0.999515777580502, roc_auc_score=np.float64(0.9979017028488419)), test_metric_artifact=ClassificationMetricArtifact(f1_score=0.9857779428251912, precision_score=0.9741071428571428, recall_score=0.9723707664884136, roc_auc_score=np.float64(0.9815049442513082)))
[ 2026-01-21 23:19:23,720 ] 105 root - INFO - \u2705 Model Training completed
[ 2026-01-21 23:19:23,720 ] 106 root - INFO -    Model saved: artifacts\01_21_2026_23_18_56\model_trainer\trained_model\model.pkl
[ 2026-01-21 23:19:23,720 ] 109 root - INFO - 
================================================================================
[ 2026-01-21 23:19:23,720 ] 110 root - INFO - TRAINING PIPELINE COMPLETED SUCCESSFULLY!
[ 2026-01-21 23:19:23,720 ] 111 root - INFO - ================================================================================
